ARM GAS  C:\Users\Henrique\AppData\Local\Temp\cce1hwZ1.s 			page 1


   1              		.syntax unified
   2              		.cpu cortex-m0
   3              		.fpu softvfp
   4              		.eabi_attribute 20, 1
   5              		.eabi_attribute 21, 1
   6              		.eabi_attribute 23, 3
   7              		.eabi_attribute 24, 1
   8              		.eabi_attribute 25, 1
   9              		.eabi_attribute 26, 1
  10              		.eabi_attribute 30, 1
  11              		.eabi_attribute 34, 0
  12              		.eabi_attribute 18, 4
  13              		.thumb
  14              		.syntax unified
  15              		.file	"main.c"
  16              		.text
  17              	.Ltext0:
  18              		.cfi_sections	.debug_frame
  19              		.section	.text.go_to_state2,"ax",%progbits
  20              		.align	2
  21              		.global	go_to_state2
  22              		.code	16
  23              		.thumb_func
  24              		.type	go_to_state2, %function
  25              	go_to_state2:
  26              	.LFB32:
  27              		.file 1 "main.c"
   1:main.c        **** /* ========================================
   2:main.c        ****  *
   3:main.c        ****  * Copyright YOUR COMPANY, THE YEAR
   4:main.c        ****  * All Rights Reserved
   5:main.c        ****  * UNPUBLISHED, LICENSED SOFTWARE.
   6:main.c        ****  *
   7:main.c        ****  * CONFIDENTIAL AND PROPRIETARY INFORMATION
   8:main.c        ****  * WHICH IS THE PROPERTY OF your company.
   9:main.c        ****  *
  10:main.c        ****  * ========================================
  11:main.c        **** */
  12:main.c        **** #include "project.h"
  13:main.c        **** enum estados {Estado_1, Estado_2};
  14:main.c        ****     enum estados LED_state;
  15:main.c        ****     
  16:main.c        ****    void go_to_state2(){
  28              		.loc 1 16 0
  29              		.cfi_startproc
  30              		@ args = 0, pretend = 0, frame = 0
  31              		@ frame_needed = 0, uses_anonymous_args = 0
  32 0000 10B5     		push	{r4, lr}
  33              		.cfi_def_cfa_offset 8
  34              		.cfi_offset 4, -8
  35              		.cfi_offset 14, -4
  17:main.c        ****         if (botao_1_Read() == 1){
  36              		.loc 1 17 0
  37 0002 FFF7FEFF 		bl	botao_1_Read
  38              	.LVL0:
  39 0006 0128     		cmp	r0, #1
  40 0008 05D1     		bne	.L1
ARM GAS  C:\Users\Henrique\AppData\Local\Temp\cce1hwZ1.s 			page 2


  18:main.c        ****             LED_state = Estado_2;
  41              		.loc 1 18 0
  42 000a 0122     		movs	r2, #1
  43 000c 024B     		ldr	r3, .L3
  44 000e 1A70     		strb	r2, [r3]
  19:main.c        ****             LED_Write(0);}   
  45              		.loc 1 19 0
  46 0010 0020     		movs	r0, #0
  47 0012 FFF7FEFF 		bl	LED_Write
  48              	.LVL1:
  49              	.L1:
  20:main.c        **** }
  50              		.loc 1 20 0
  51              		@ sp needed
  52 0016 10BD     		pop	{r4, pc}
  53              	.L4:
  54              		.align	2
  55              	.L3:
  56 0018 00000000 		.word	LED_state
  57              		.cfi_endproc
  58              	.LFE32:
  59              		.size	go_to_state2, .-go_to_state2
  60              		.section	.text.go_to_state1,"ax",%progbits
  61              		.align	2
  62              		.global	go_to_state1
  63              		.code	16
  64              		.thumb_func
  65              		.type	go_to_state1, %function
  66              	go_to_state1:
  67              	.LFB33:
  21:main.c        ****    void go_to_state1(){
  68              		.loc 1 21 0
  69              		.cfi_startproc
  70              		@ args = 0, pretend = 0, frame = 0
  71              		@ frame_needed = 0, uses_anonymous_args = 0
  72 0000 10B5     		push	{r4, lr}
  73              		.cfi_def_cfa_offset 8
  74              		.cfi_offset 4, -8
  75              		.cfi_offset 14, -4
  22:main.c        ****         if (botao_2_Read() == 0){
  76              		.loc 1 22 0
  77 0002 FFF7FEFF 		bl	botao_2_Read
  78              	.LVL2:
  79 0006 0028     		cmp	r0, #0
  80 0008 05D1     		bne	.L5
  23:main.c        ****             LED_state = Estado_1;
  81              		.loc 1 23 0
  82 000a 0022     		movs	r2, #0
  83 000c 024B     		ldr	r3, .L7
  84 000e 1A70     		strb	r2, [r3]
  24:main.c        ****             LED_Write(1);}   
  85              		.loc 1 24 0
  86 0010 0130     		adds	r0, r0, #1
  87 0012 FFF7FEFF 		bl	LED_Write
  88              	.LVL3:
  89              	.L5:
  25:main.c        **** }
ARM GAS  C:\Users\Henrique\AppData\Local\Temp\cce1hwZ1.s 			page 3


  90              		.loc 1 25 0
  91              		@ sp needed
  92 0016 10BD     		pop	{r4, pc}
  93              	.L8:
  94              		.align	2
  95              	.L7:
  96 0018 00000000 		.word	LED_state
  97              		.cfi_endproc
  98              	.LFE33:
  99              		.size	go_to_state1, .-go_to_state1
 100              		.section	.text.main,"ax",%progbits
 101              		.align	2
 102              		.global	main
 103              		.code	16
 104              		.thumb_func
 105              		.type	main, %function
 106              	main:
 107              	.LFB34:
  26:main.c        **** int main(void)
  27:main.c        **** {
 108              		.loc 1 27 0
 109              		.cfi_startproc
 110              		@ Volatile: function does not return.
 111              		@ args = 0, pretend = 0, frame = 0
 112              		@ frame_needed = 0, uses_anonymous_args = 0
 113 0000 10B5     		push	{r4, lr}
 114              		.cfi_def_cfa_offset 8
 115              		.cfi_offset 4, -8
 116              		.cfi_offset 14, -4
  28:main.c        ****     CyGlobalIntEnable; /* Enable global interrupts. */
 117              		.loc 1 28 0
 118              		.syntax divided
 119              	@ 28 "main.c" 1
 120 0002 62B6     		CPSIE   i
 121              	@ 0 "" 2
  29:main.c        ****         
  30:main.c        ****     /* Place your initialization/startup code here (e.g. MyInst_Start()) */
  31:main.c        ****     LED_Write(1);
 122              		.loc 1 31 0
 123              		.thumb
 124              		.syntax unified
 125 0004 0120     		movs	r0, #1
 126 0006 FFF7FEFF 		bl	LED_Write
 127              	.LVL4:
  32:main.c        ****     LED_state = Estado_1;
 128              		.loc 1 32 0
 129 000a 0022     		movs	r2, #0
 130 000c 074B     		ldr	r3, .L15
 131 000e 1A70     		strb	r2, [r3]
 132              	.L11:
  33:main.c        ****     for(;;)
  34:main.c        ****    
  35:main.c        ****     {
  36:main.c        ****      switch(LED_state)
 133              		.loc 1 36 0
 134 0010 064B     		ldr	r3, .L15
 135 0012 1B78     		ldrb	r3, [r3]
ARM GAS  C:\Users\Henrique\AppData\Local\Temp\cce1hwZ1.s 			page 4


 136 0014 002B     		cmp	r3, #0
 137 0016 02D0     		beq	.L12
 138 0018 012B     		cmp	r3, #1
 139 001a 03D0     		beq	.L13
 140 001c F8E7     		b	.L11
 141              	.L12:
  37:main.c        ****     {
  38:main.c        ****         case Estado_1:
  39:main.c        ****         go_to_state2();
 142              		.loc 1 39 0
 143 001e FFF7FEFF 		bl	go_to_state2
 144              	.LVL5:
  40:main.c        ****         break;
 145              		.loc 1 40 0
 146 0022 F5E7     		b	.L11
 147              	.L13:
  41:main.c        ****          
  42:main.c        ****         case Estado_2:
  43:main.c        ****         go_to_state1();
 148              		.loc 1 43 0
 149 0024 FFF7FEFF 		bl	go_to_state1
 150              	.LVL6:
  44:main.c        ****         break;
 151              		.loc 1 44 0
 152 0028 F2E7     		b	.L11
 153              	.L16:
 154 002a C046     		.align	2
 155              	.L15:
 156 002c 00000000 		.word	LED_state
 157              		.cfi_endproc
 158              	.LFE34:
 159              		.size	main, .-main
 160              		.comm	LED_state,1,1
 161              		.text
 162              	.Letext0:
 163              		.file 2 "Generated_Source\\PSoC4/botao_1.h"
 164              		.file 3 "Generated_Source\\PSoC4/LED.h"
 165              		.file 4 "Generated_Source\\PSoC4/botao_2.h"
 166              		.section	.debug_info,"",%progbits
 167              	.Ldebug_info0:
 168 0000 6F010000 		.4byte	0x16f
 169 0004 0400     		.2byte	0x4
 170 0006 00000000 		.4byte	.Ldebug_abbrev0
 171 000a 04       		.byte	0x4
 172 000b 01       		.uleb128 0x1
 173 000c 12010000 		.4byte	.LASF21
 174 0010 0C       		.byte	0xc
 175 0011 87000000 		.4byte	.LASF22
 176 0015 1B000000 		.4byte	.LASF23
 177 0019 00000000 		.4byte	.Ldebug_ranges0+0
 178 001d 00000000 		.4byte	0
 179 0021 00000000 		.4byte	.Ldebug_line0
 180 0025 02       		.uleb128 0x2
 181 0026 01       		.byte	0x1
 182 0027 06       		.byte	0x6
 183 0028 B3010000 		.4byte	.LASF0
 184 002c 02       		.uleb128 0x2
ARM GAS  C:\Users\Henrique\AppData\Local\Temp\cce1hwZ1.s 			page 5


 185 002d 01       		.byte	0x1
 186 002e 08       		.byte	0x8
 187 002f 79000000 		.4byte	.LASF1
 188 0033 02       		.uleb128 0x2
 189 0034 02       		.byte	0x2
 190 0035 05       		.byte	0x5
 191 0036 CB010000 		.4byte	.LASF2
 192 003a 02       		.uleb128 0x2
 193 003b 02       		.byte	0x2
 194 003c 07       		.byte	0x7
 195 003d A0010000 		.4byte	.LASF3
 196 0041 02       		.uleb128 0x2
 197 0042 04       		.byte	0x4
 198 0043 05       		.byte	0x5
 199 0044 F5000000 		.4byte	.LASF4
 200 0048 02       		.uleb128 0x2
 201 0049 04       		.byte	0x4
 202 004a 07       		.byte	0x7
 203 004b 9D000000 		.4byte	.LASF5
 204 004f 02       		.uleb128 0x2
 205 0050 08       		.byte	0x8
 206 0051 05       		.byte	0x5
 207 0052 00000000 		.4byte	.LASF6
 208 0056 02       		.uleb128 0x2
 209 0057 08       		.byte	0x8
 210 0058 07       		.byte	0x7
 211 0059 AF000000 		.4byte	.LASF7
 212 005d 03       		.uleb128 0x3
 213 005e 04       		.byte	0x4
 214 005f 05       		.byte	0x5
 215 0060 696E7400 		.ascii	"int\000"
 216 0064 02       		.uleb128 0x2
 217 0065 04       		.byte	0x4
 218 0066 07       		.byte	0x7
 219 0067 D5010000 		.4byte	.LASF8
 220 006b 02       		.uleb128 0x2
 221 006c 04       		.byte	0x4
 222 006d 04       		.byte	0x4
 223 006e C6000000 		.4byte	.LASF9
 224 0072 02       		.uleb128 0x2
 225 0073 08       		.byte	0x8
 226 0074 04       		.byte	0x4
 227 0075 0B010000 		.4byte	.LASF10
 228 0079 02       		.uleb128 0x2
 229 007a 01       		.byte	0x1
 230 007b 08       		.byte	0x8
 231 007c D4000000 		.4byte	.LASF11
 232 0080 02       		.uleb128 0x2
 233 0081 04       		.byte	0x4
 234 0082 07       		.byte	0x7
 235 0083 E2010000 		.4byte	.LASF12
 236 0087 02       		.uleb128 0x2
 237 0088 08       		.byte	0x8
 238 0089 04       		.byte	0x4
 239 008a BF010000 		.4byte	.LASF13
 240 008e 04       		.uleb128 0x4
 241 008f CC000000 		.4byte	.LASF24
ARM GAS  C:\Users\Henrique\AppData\Local\Temp\cce1hwZ1.s 			page 6


 242 0093 01       		.byte	0x1
 243 0094 2C000000 		.4byte	0x2c
 244 0098 01       		.byte	0x1
 245 0099 0D       		.byte	0xd
 246 009a AB000000 		.4byte	0xab
 247 009e 05       		.uleb128 0x5
 248 009f D9000000 		.4byte	.LASF14
 249 00a3 00       		.byte	0
 250 00a4 05       		.uleb128 0x5
 251 00a5 E2000000 		.4byte	.LASF15
 252 00a9 01       		.byte	0x1
 253 00aa 00       		.byte	0
 254 00ab 06       		.uleb128 0x6
 255 00ac 6C000000 		.4byte	.LASF16
 256 00b0 01       		.byte	0x1
 257 00b1 10       		.byte	0x10
 258 00b2 00000000 		.4byte	.LFB32
 259 00b6 1C000000 		.4byte	.LFE32-.LFB32
 260 00ba 01       		.uleb128 0x1
 261 00bb 9C       		.byte	0x9c
 262 00bc D9000000 		.4byte	0xd9
 263 00c0 07       		.uleb128 0x7
 264 00c1 06000000 		.4byte	.LVL0
 265 00c5 51010000 		.4byte	0x151
 266 00c9 08       		.uleb128 0x8
 267 00ca 16000000 		.4byte	.LVL1
 268 00ce 5C010000 		.4byte	0x15c
 269 00d2 09       		.uleb128 0x9
 270 00d3 01       		.uleb128 0x1
 271 00d4 50       		.byte	0x50
 272 00d5 01       		.uleb128 0x1
 273 00d6 30       		.byte	0x30
 274 00d7 00       		.byte	0
 275 00d8 00       		.byte	0
 276 00d9 06       		.uleb128 0x6
 277 00da 5F000000 		.4byte	.LASF17
 278 00de 01       		.byte	0x1
 279 00df 15       		.byte	0x15
 280 00e0 00000000 		.4byte	.LFB33
 281 00e4 1C000000 		.4byte	.LFE33-.LFB33
 282 00e8 01       		.uleb128 0x1
 283 00e9 9C       		.byte	0x9c
 284 00ea 01010000 		.4byte	0x101
 285 00ee 07       		.uleb128 0x7
 286 00ef 06000000 		.4byte	.LVL2
 287 00f3 67010000 		.4byte	0x167
 288 00f7 07       		.uleb128 0x7
 289 00f8 16000000 		.4byte	.LVL3
 290 00fc 5C010000 		.4byte	0x15c
 291 0100 00       		.byte	0
 292 0101 0A       		.uleb128 0xa
 293 0102 8E000000 		.4byte	.LASF25
 294 0106 01       		.byte	0x1
 295 0107 1A       		.byte	0x1a
 296 0108 5D000000 		.4byte	0x5d
 297 010c 00000000 		.4byte	.LFB34
 298 0110 30000000 		.4byte	.LFE34-.LFB34
ARM GAS  C:\Users\Henrique\AppData\Local\Temp\cce1hwZ1.s 			page 7


 299 0114 01       		.uleb128 0x1
 300 0115 9C       		.byte	0x9c
 301 0116 40010000 		.4byte	0x140
 302 011a 0B       		.uleb128 0xb
 303 011b 0A000000 		.4byte	.LVL4
 304 011f 5C010000 		.4byte	0x15c
 305 0123 2D010000 		.4byte	0x12d
 306 0127 09       		.uleb128 0x9
 307 0128 01       		.uleb128 0x1
 308 0129 50       		.byte	0x50
 309 012a 01       		.uleb128 0x1
 310 012b 31       		.byte	0x31
 311 012c 00       		.byte	0
 312 012d 07       		.uleb128 0x7
 313 012e 22000000 		.4byte	.LVL5
 314 0132 AB000000 		.4byte	0xab
 315 0136 07       		.uleb128 0x7
 316 0137 28000000 		.4byte	.LVL6
 317 013b D9000000 		.4byte	0xd9
 318 013f 00       		.byte	0
 319 0140 0C       		.uleb128 0xc
 320 0141 EB000000 		.4byte	.LASF26
 321 0145 01       		.byte	0x1
 322 0146 0E       		.byte	0xe
 323 0147 8E000000 		.4byte	0x8e
 324 014b 05       		.uleb128 0x5
 325 014c 03       		.byte	0x3
 326 014d 00000000 		.4byte	LED_state
 327 0151 0D       		.uleb128 0xd
 328 0152 FE000000 		.4byte	.LASF18
 329 0156 FE000000 		.4byte	.LASF18
 330 015a 02       		.byte	0x2
 331 015b 32       		.byte	0x32
 332 015c 0D       		.uleb128 0xd
 333 015d 93000000 		.4byte	.LASF19
 334 0161 93000000 		.4byte	.LASF19
 335 0165 03       		.byte	0x3
 336 0166 33       		.byte	0x33
 337 0167 0D       		.uleb128 0xd
 338 0168 0E000000 		.4byte	.LASF20
 339 016c 0E000000 		.4byte	.LASF20
 340 0170 04       		.byte	0x4
 341 0171 32       		.byte	0x32
 342 0172 00       		.byte	0
 343              		.section	.debug_abbrev,"",%progbits
 344              	.Ldebug_abbrev0:
 345 0000 01       		.uleb128 0x1
 346 0001 11       		.uleb128 0x11
 347 0002 01       		.byte	0x1
 348 0003 25       		.uleb128 0x25
 349 0004 0E       		.uleb128 0xe
 350 0005 13       		.uleb128 0x13
 351 0006 0B       		.uleb128 0xb
 352 0007 03       		.uleb128 0x3
 353 0008 0E       		.uleb128 0xe
 354 0009 1B       		.uleb128 0x1b
 355 000a 0E       		.uleb128 0xe
ARM GAS  C:\Users\Henrique\AppData\Local\Temp\cce1hwZ1.s 			page 8


 356 000b 55       		.uleb128 0x55
 357 000c 17       		.uleb128 0x17
 358 000d 11       		.uleb128 0x11
 359 000e 01       		.uleb128 0x1
 360 000f 10       		.uleb128 0x10
 361 0010 17       		.uleb128 0x17
 362 0011 00       		.byte	0
 363 0012 00       		.byte	0
 364 0013 02       		.uleb128 0x2
 365 0014 24       		.uleb128 0x24
 366 0015 00       		.byte	0
 367 0016 0B       		.uleb128 0xb
 368 0017 0B       		.uleb128 0xb
 369 0018 3E       		.uleb128 0x3e
 370 0019 0B       		.uleb128 0xb
 371 001a 03       		.uleb128 0x3
 372 001b 0E       		.uleb128 0xe
 373 001c 00       		.byte	0
 374 001d 00       		.byte	0
 375 001e 03       		.uleb128 0x3
 376 001f 24       		.uleb128 0x24
 377 0020 00       		.byte	0
 378 0021 0B       		.uleb128 0xb
 379 0022 0B       		.uleb128 0xb
 380 0023 3E       		.uleb128 0x3e
 381 0024 0B       		.uleb128 0xb
 382 0025 03       		.uleb128 0x3
 383 0026 08       		.uleb128 0x8
 384 0027 00       		.byte	0
 385 0028 00       		.byte	0
 386 0029 04       		.uleb128 0x4
 387 002a 04       		.uleb128 0x4
 388 002b 01       		.byte	0x1
 389 002c 03       		.uleb128 0x3
 390 002d 0E       		.uleb128 0xe
 391 002e 0B       		.uleb128 0xb
 392 002f 0B       		.uleb128 0xb
 393 0030 49       		.uleb128 0x49
 394 0031 13       		.uleb128 0x13
 395 0032 3A       		.uleb128 0x3a
 396 0033 0B       		.uleb128 0xb
 397 0034 3B       		.uleb128 0x3b
 398 0035 0B       		.uleb128 0xb
 399 0036 01       		.uleb128 0x1
 400 0037 13       		.uleb128 0x13
 401 0038 00       		.byte	0
 402 0039 00       		.byte	0
 403 003a 05       		.uleb128 0x5
 404 003b 28       		.uleb128 0x28
 405 003c 00       		.byte	0
 406 003d 03       		.uleb128 0x3
 407 003e 0E       		.uleb128 0xe
 408 003f 1C       		.uleb128 0x1c
 409 0040 0B       		.uleb128 0xb
 410 0041 00       		.byte	0
 411 0042 00       		.byte	0
 412 0043 06       		.uleb128 0x6
ARM GAS  C:\Users\Henrique\AppData\Local\Temp\cce1hwZ1.s 			page 9


 413 0044 2E       		.uleb128 0x2e
 414 0045 01       		.byte	0x1
 415 0046 3F       		.uleb128 0x3f
 416 0047 19       		.uleb128 0x19
 417 0048 03       		.uleb128 0x3
 418 0049 0E       		.uleb128 0xe
 419 004a 3A       		.uleb128 0x3a
 420 004b 0B       		.uleb128 0xb
 421 004c 3B       		.uleb128 0x3b
 422 004d 0B       		.uleb128 0xb
 423 004e 11       		.uleb128 0x11
 424 004f 01       		.uleb128 0x1
 425 0050 12       		.uleb128 0x12
 426 0051 06       		.uleb128 0x6
 427 0052 40       		.uleb128 0x40
 428 0053 18       		.uleb128 0x18
 429 0054 9742     		.uleb128 0x2117
 430 0056 19       		.uleb128 0x19
 431 0057 01       		.uleb128 0x1
 432 0058 13       		.uleb128 0x13
 433 0059 00       		.byte	0
 434 005a 00       		.byte	0
 435 005b 07       		.uleb128 0x7
 436 005c 898201   		.uleb128 0x4109
 437 005f 00       		.byte	0
 438 0060 11       		.uleb128 0x11
 439 0061 01       		.uleb128 0x1
 440 0062 31       		.uleb128 0x31
 441 0063 13       		.uleb128 0x13
 442 0064 00       		.byte	0
 443 0065 00       		.byte	0
 444 0066 08       		.uleb128 0x8
 445 0067 898201   		.uleb128 0x4109
 446 006a 01       		.byte	0x1
 447 006b 11       		.uleb128 0x11
 448 006c 01       		.uleb128 0x1
 449 006d 31       		.uleb128 0x31
 450 006e 13       		.uleb128 0x13
 451 006f 00       		.byte	0
 452 0070 00       		.byte	0
 453 0071 09       		.uleb128 0x9
 454 0072 8A8201   		.uleb128 0x410a
 455 0075 00       		.byte	0
 456 0076 02       		.uleb128 0x2
 457 0077 18       		.uleb128 0x18
 458 0078 9142     		.uleb128 0x2111
 459 007a 18       		.uleb128 0x18
 460 007b 00       		.byte	0
 461 007c 00       		.byte	0
 462 007d 0A       		.uleb128 0xa
 463 007e 2E       		.uleb128 0x2e
 464 007f 01       		.byte	0x1
 465 0080 3F       		.uleb128 0x3f
 466 0081 19       		.uleb128 0x19
 467 0082 03       		.uleb128 0x3
 468 0083 0E       		.uleb128 0xe
 469 0084 3A       		.uleb128 0x3a
ARM GAS  C:\Users\Henrique\AppData\Local\Temp\cce1hwZ1.s 			page 10


 470 0085 0B       		.uleb128 0xb
 471 0086 3B       		.uleb128 0x3b
 472 0087 0B       		.uleb128 0xb
 473 0088 27       		.uleb128 0x27
 474 0089 19       		.uleb128 0x19
 475 008a 49       		.uleb128 0x49
 476 008b 13       		.uleb128 0x13
 477 008c 8701     		.uleb128 0x87
 478 008e 19       		.uleb128 0x19
 479 008f 11       		.uleb128 0x11
 480 0090 01       		.uleb128 0x1
 481 0091 12       		.uleb128 0x12
 482 0092 06       		.uleb128 0x6
 483 0093 40       		.uleb128 0x40
 484 0094 18       		.uleb128 0x18
 485 0095 9742     		.uleb128 0x2117
 486 0097 19       		.uleb128 0x19
 487 0098 01       		.uleb128 0x1
 488 0099 13       		.uleb128 0x13
 489 009a 00       		.byte	0
 490 009b 00       		.byte	0
 491 009c 0B       		.uleb128 0xb
 492 009d 898201   		.uleb128 0x4109
 493 00a0 01       		.byte	0x1
 494 00a1 11       		.uleb128 0x11
 495 00a2 01       		.uleb128 0x1
 496 00a3 31       		.uleb128 0x31
 497 00a4 13       		.uleb128 0x13
 498 00a5 01       		.uleb128 0x1
 499 00a6 13       		.uleb128 0x13
 500 00a7 00       		.byte	0
 501 00a8 00       		.byte	0
 502 00a9 0C       		.uleb128 0xc
 503 00aa 34       		.uleb128 0x34
 504 00ab 00       		.byte	0
 505 00ac 03       		.uleb128 0x3
 506 00ad 0E       		.uleb128 0xe
 507 00ae 3A       		.uleb128 0x3a
 508 00af 0B       		.uleb128 0xb
 509 00b0 3B       		.uleb128 0x3b
 510 00b1 0B       		.uleb128 0xb
 511 00b2 49       		.uleb128 0x49
 512 00b3 13       		.uleb128 0x13
 513 00b4 3F       		.uleb128 0x3f
 514 00b5 19       		.uleb128 0x19
 515 00b6 02       		.uleb128 0x2
 516 00b7 18       		.uleb128 0x18
 517 00b8 00       		.byte	0
 518 00b9 00       		.byte	0
 519 00ba 0D       		.uleb128 0xd
 520 00bb 2E       		.uleb128 0x2e
 521 00bc 00       		.byte	0
 522 00bd 3F       		.uleb128 0x3f
 523 00be 19       		.uleb128 0x19
 524 00bf 3C       		.uleb128 0x3c
 525 00c0 19       		.uleb128 0x19
 526 00c1 6E       		.uleb128 0x6e
ARM GAS  C:\Users\Henrique\AppData\Local\Temp\cce1hwZ1.s 			page 11


 527 00c2 0E       		.uleb128 0xe
 528 00c3 03       		.uleb128 0x3
 529 00c4 0E       		.uleb128 0xe
 530 00c5 3A       		.uleb128 0x3a
 531 00c6 0B       		.uleb128 0xb
 532 00c7 3B       		.uleb128 0x3b
 533 00c8 0B       		.uleb128 0xb
 534 00c9 00       		.byte	0
 535 00ca 00       		.byte	0
 536 00cb 00       		.byte	0
 537              		.section	.debug_aranges,"",%progbits
 538 0000 2C000000 		.4byte	0x2c
 539 0004 0200     		.2byte	0x2
 540 0006 00000000 		.4byte	.Ldebug_info0
 541 000a 04       		.byte	0x4
 542 000b 00       		.byte	0
 543 000c 0000     		.2byte	0
 544 000e 0000     		.2byte	0
 545 0010 00000000 		.4byte	.LFB32
 546 0014 1C000000 		.4byte	.LFE32-.LFB32
 547 0018 00000000 		.4byte	.LFB33
 548 001c 1C000000 		.4byte	.LFE33-.LFB33
 549 0020 00000000 		.4byte	.LFB34
 550 0024 30000000 		.4byte	.LFE34-.LFB34
 551 0028 00000000 		.4byte	0
 552 002c 00000000 		.4byte	0
 553              		.section	.debug_ranges,"",%progbits
 554              	.Ldebug_ranges0:
 555 0000 00000000 		.4byte	.LFB32
 556 0004 1C000000 		.4byte	.LFE32
 557 0008 00000000 		.4byte	.LFB33
 558 000c 1C000000 		.4byte	.LFE33
 559 0010 00000000 		.4byte	.LFB34
 560 0014 30000000 		.4byte	.LFE34
 561 0018 00000000 		.4byte	0
 562 001c 00000000 		.4byte	0
 563              		.section	.debug_line,"",%progbits
 564              	.Ldebug_line0:
 565 0000 9A000000 		.section	.debug_str,"MS",%progbits,1
 565      02005700 
 565      00000201 
 565      FB0E0D00 
 565      01010101 
 566              	.LASF6:
 567 0000 6C6F6E67 		.ascii	"long long int\000"
 567      206C6F6E 
 567      6720696E 
 567      7400
 568              	.LASF20:
 569 000e 626F7461 		.ascii	"botao_2_Read\000"
 569      6F5F325F 
 569      52656164 
 569      00
 570              	.LASF23:
 571 001b 433A5C55 		.ascii	"C:\\Users\\Henrique\\Documents\\PSoC Creator\\Works"
 571      73657273 
 571      5C48656E 
ARM GAS  C:\Users\Henrique\AppData\Local\Temp\cce1hwZ1.s 			page 12


 571      72697175 
 571      655C446F 
 572 0049 70616365 		.ascii	"pace02\\Design01.cydsn\000"
 572      30325C44 
 572      65736967 
 572      6E30312E 
 572      63796473 
 573              	.LASF17:
 574 005f 676F5F74 		.ascii	"go_to_state1\000"
 574      6F5F7374 
 574      61746531 
 574      00
 575              	.LASF16:
 576 006c 676F5F74 		.ascii	"go_to_state2\000"
 576      6F5F7374 
 576      61746532 
 576      00
 577              	.LASF1:
 578 0079 756E7369 		.ascii	"unsigned char\000"
 578      676E6564 
 578      20636861 
 578      7200
 579              	.LASF22:
 580 0087 6D61696E 		.ascii	"main.c\000"
 580      2E6300
 581              	.LASF25:
 582 008e 6D61696E 		.ascii	"main\000"
 582      00
 583              	.LASF19:
 584 0093 4C45445F 		.ascii	"LED_Write\000"
 584      57726974 
 584      6500
 585              	.LASF5:
 586 009d 6C6F6E67 		.ascii	"long unsigned int\000"
 586      20756E73 
 586      69676E65 
 586      6420696E 
 586      7400
 587              	.LASF7:
 588 00af 6C6F6E67 		.ascii	"long long unsigned int\000"
 588      206C6F6E 
 588      6720756E 
 588      7369676E 
 588      65642069 
 589              	.LASF9:
 590 00c6 666C6F61 		.ascii	"float\000"
 590      7400
 591              	.LASF24:
 592 00cc 65737461 		.ascii	"estados\000"
 592      646F7300 
 593              	.LASF11:
 594 00d4 63686172 		.ascii	"char\000"
 594      00
 595              	.LASF14:
 596 00d9 45737461 		.ascii	"Estado_1\000"
 596      646F5F31 
 596      00
ARM GAS  C:\Users\Henrique\AppData\Local\Temp\cce1hwZ1.s 			page 13


 597              	.LASF15:
 598 00e2 45737461 		.ascii	"Estado_2\000"
 598      646F5F32 
 598      00
 599              	.LASF26:
 600 00eb 4C45445F 		.ascii	"LED_state\000"
 600      73746174 
 600      6500
 601              	.LASF4:
 602 00f5 6C6F6E67 		.ascii	"long int\000"
 602      20696E74 
 602      00
 603              	.LASF18:
 604 00fe 626F7461 		.ascii	"botao_1_Read\000"
 604      6F5F315F 
 604      52656164 
 604      00
 605              	.LASF10:
 606 010b 646F7562 		.ascii	"double\000"
 606      6C6500
 607              	.LASF21:
 608 0112 474E5520 		.ascii	"GNU C11 5.4.1 20160609 (release) [ARM/embedded-5-br"
 608      43313120 
 608      352E342E 
 608      31203230 
 608      31363036 
 609 0145 616E6368 		.ascii	"anch revision 237715] -mcpu=cortex-m0 -mthumb -g -O"
 609      20726576 
 609      6973696F 
 609      6E203233 
 609      37373135 
 610 0178 67202D66 		.ascii	"g -ffunction-sections -ffat-lto-objects\000"
 610      66756E63 
 610      74696F6E 
 610      2D736563 
 610      74696F6E 
 611              	.LASF3:
 612 01a0 73686F72 		.ascii	"short unsigned int\000"
 612      7420756E 
 612      7369676E 
 612      65642069 
 612      6E7400
 613              	.LASF0:
 614 01b3 7369676E 		.ascii	"signed char\000"
 614      65642063 
 614      68617200 
 615              	.LASF13:
 616 01bf 6C6F6E67 		.ascii	"long double\000"
 616      20646F75 
 616      626C6500 
 617              	.LASF2:
 618 01cb 73686F72 		.ascii	"short int\000"
 618      7420696E 
 618      7400
 619              	.LASF8:
 620 01d5 756E7369 		.ascii	"unsigned int\000"
 620      676E6564 
ARM GAS  C:\Users\Henrique\AppData\Local\Temp\cce1hwZ1.s 			page 14


 620      20696E74 
 620      00
 621              	.LASF12:
 622 01e2 73697A65 		.ascii	"sizetype\000"
 622      74797065 
 622      00
 623              		.ident	"GCC: (GNU Tools for ARM Embedded Processors) 5.4.1 20160609 (release) [ARM/embedded-5-bran
