ARM GAS  C:\Users\luann\AppData\Local\Temp\ccHiga2y.s 			page 1


   1              		.syntax unified
   2              		.cpu cortex-m0
   3              		.fpu softvfp
   4              		.eabi_attribute 20, 1
   5              		.eabi_attribute 21, 1
   6              		.eabi_attribute 23, 3
   7              		.eabi_attribute 24, 1
   8              		.eabi_attribute 25, 1
   9              		.eabi_attribute 26, 1
  10              		.eabi_attribute 30, 1
  11              		.eabi_attribute 34, 0
  12              		.eabi_attribute 18, 4
  13              		.thumb
  14              		.syntax unified
  15              		.file	"cyfitter_cfg.c"
  16              		.text
  17              	.Ltext0:
  18              		.cfi_sections	.debug_frame
  19              		.section	.text.CYMEMZERO,"ax",%progbits
  20              		.align	2
  21              		.code	16
  22              		.thumb_func
  23              		.type	CYMEMZERO, %function
  24              	CYMEMZERO:
  25              	.LFB0:
  26              		.file 1 "Generated_Source\\PSoC4\\cyfitter_cfg.c"
   1:Generated_Source\PSoC4/cyfitter_cfg.c **** 
   2:Generated_Source\PSoC4/cyfitter_cfg.c **** /*******************************************************************************
   3:Generated_Source\PSoC4/cyfitter_cfg.c **** * File Name: cyfitter_cfg.c
   4:Generated_Source\PSoC4/cyfitter_cfg.c **** * 
   5:Generated_Source\PSoC4/cyfitter_cfg.c **** * PSoC Creator  4.4
   6:Generated_Source\PSoC4/cyfitter_cfg.c **** *
   7:Generated_Source\PSoC4/cyfitter_cfg.c **** * Description:
   8:Generated_Source\PSoC4/cyfitter_cfg.c **** * This file contains device initialization code.
   9:Generated_Source\PSoC4/cyfitter_cfg.c **** * Except for the user defined sections in CyClockStartupError(), this file should not be modified.
  10:Generated_Source\PSoC4/cyfitter_cfg.c **** * This file is automatically generated by PSoC Creator.
  11:Generated_Source\PSoC4/cyfitter_cfg.c **** *
  12:Generated_Source\PSoC4/cyfitter_cfg.c **** ********************************************************************************
  13:Generated_Source\PSoC4/cyfitter_cfg.c **** * Copyright (c) 2007-2020 Cypress Semiconductor.  All rights reserved.
  14:Generated_Source\PSoC4/cyfitter_cfg.c **** * You may use this file only in accordance with the license, terms, conditions, 
  15:Generated_Source\PSoC4/cyfitter_cfg.c **** * disclaimers, and limitations in the end user license agreement accompanying 
  16:Generated_Source\PSoC4/cyfitter_cfg.c **** * the software package with which this file was provided.
  17:Generated_Source\PSoC4/cyfitter_cfg.c **** ********************************************************************************/
  18:Generated_Source\PSoC4/cyfitter_cfg.c **** 
  19:Generated_Source\PSoC4/cyfitter_cfg.c **** #include <string.h>
  20:Generated_Source\PSoC4/cyfitter_cfg.c **** #include "cytypes.h"
  21:Generated_Source\PSoC4/cyfitter_cfg.c **** #include "cydevice_trm.h"
  22:Generated_Source\PSoC4/cyfitter_cfg.c **** #include "cyfitter.h"
  23:Generated_Source\PSoC4/cyfitter_cfg.c **** #include "CyLib.h"
  24:Generated_Source\PSoC4/cyfitter_cfg.c **** #include "CyLFClk.h"
  25:Generated_Source\PSoC4/cyfitter_cfg.c **** #include "cyfitter_cfg.h"
  26:Generated_Source\PSoC4/cyfitter_cfg.c **** #include "cyapicallbacks.h"
  27:Generated_Source\PSoC4/cyfitter_cfg.c **** 
  28:Generated_Source\PSoC4/cyfitter_cfg.c **** 
  29:Generated_Source\PSoC4/cyfitter_cfg.c **** #if defined(__GNUC__) || defined(__ARMCC_VERSION)
  30:Generated_Source\PSoC4/cyfitter_cfg.c ****     #define CYPACKED 
  31:Generated_Source\PSoC4/cyfitter_cfg.c ****     #define CYPACKED_ATTR __attribute__ ((packed))
ARM GAS  C:\Users\luann\AppData\Local\Temp\ccHiga2y.s 			page 2


  32:Generated_Source\PSoC4/cyfitter_cfg.c ****     #define CYALIGNED __attribute__ ((aligned))
  33:Generated_Source\PSoC4/cyfitter_cfg.c ****     #define CY_CFG_UNUSED __attribute__ ((unused))
  34:Generated_Source\PSoC4/cyfitter_cfg.c ****     #ifndef CY_CFG_SECTION
  35:Generated_Source\PSoC4/cyfitter_cfg.c ****         #define CY_CFG_SECTION __attribute__ ((section(".psocinit")))
  36:Generated_Source\PSoC4/cyfitter_cfg.c ****     #endif
  37:Generated_Source\PSoC4/cyfitter_cfg.c ****     
  38:Generated_Source\PSoC4/cyfitter_cfg.c ****     #if defined(__ARMCC_VERSION)
  39:Generated_Source\PSoC4/cyfitter_cfg.c ****         #define CY_CFG_MEMORY_BARRIER() __memory_changed()
  40:Generated_Source\PSoC4/cyfitter_cfg.c ****     #else
  41:Generated_Source\PSoC4/cyfitter_cfg.c ****         #define CY_CFG_MEMORY_BARRIER() __sync_synchronize()
  42:Generated_Source\PSoC4/cyfitter_cfg.c ****     #endif
  43:Generated_Source\PSoC4/cyfitter_cfg.c ****     
  44:Generated_Source\PSoC4/cyfitter_cfg.c **** #elif defined(__ICCARM__)
  45:Generated_Source\PSoC4/cyfitter_cfg.c ****     #include <intrinsics.h>
  46:Generated_Source\PSoC4/cyfitter_cfg.c **** 
  47:Generated_Source\PSoC4/cyfitter_cfg.c ****     #define CYPACKED __packed
  48:Generated_Source\PSoC4/cyfitter_cfg.c ****     #define CYPACKED_ATTR 
  49:Generated_Source\PSoC4/cyfitter_cfg.c ****     #define CYALIGNED _Pragma("data_alignment=4")
  50:Generated_Source\PSoC4/cyfitter_cfg.c ****     #define CY_CFG_UNUSED _Pragma("diag_suppress=Pe177")
  51:Generated_Source\PSoC4/cyfitter_cfg.c ****     #define CY_CFG_SECTION _Pragma("location=\".psocinit\"")
  52:Generated_Source\PSoC4/cyfitter_cfg.c ****     
  53:Generated_Source\PSoC4/cyfitter_cfg.c ****     #define CY_CFG_MEMORY_BARRIER() __DMB()
  54:Generated_Source\PSoC4/cyfitter_cfg.c ****     
  55:Generated_Source\PSoC4/cyfitter_cfg.c **** #else
  56:Generated_Source\PSoC4/cyfitter_cfg.c ****     #error Unsupported toolchain
  57:Generated_Source\PSoC4/cyfitter_cfg.c **** #endif
  58:Generated_Source\PSoC4/cyfitter_cfg.c **** 
  59:Generated_Source\PSoC4/cyfitter_cfg.c **** #ifndef CYCODE
  60:Generated_Source\PSoC4/cyfitter_cfg.c ****     #define CYCODE
  61:Generated_Source\PSoC4/cyfitter_cfg.c **** #endif
  62:Generated_Source\PSoC4/cyfitter_cfg.c **** #ifndef CYDATA
  63:Generated_Source\PSoC4/cyfitter_cfg.c ****     #define CYDATA
  64:Generated_Source\PSoC4/cyfitter_cfg.c **** #endif
  65:Generated_Source\PSoC4/cyfitter_cfg.c **** #ifndef CYFAR
  66:Generated_Source\PSoC4/cyfitter_cfg.c ****     #define CYFAR
  67:Generated_Source\PSoC4/cyfitter_cfg.c **** #endif
  68:Generated_Source\PSoC4/cyfitter_cfg.c **** #ifndef CYXDATA
  69:Generated_Source\PSoC4/cyfitter_cfg.c ****     #define CYXDATA
  70:Generated_Source\PSoC4/cyfitter_cfg.c **** #endif
  71:Generated_Source\PSoC4/cyfitter_cfg.c **** 
  72:Generated_Source\PSoC4/cyfitter_cfg.c **** 
  73:Generated_Source\PSoC4/cyfitter_cfg.c **** CY_CFG_UNUSED
  74:Generated_Source\PSoC4/cyfitter_cfg.c **** static void CYMEMZERO(void *s, size_t n);
  75:Generated_Source\PSoC4/cyfitter_cfg.c **** CY_CFG_UNUSED
  76:Generated_Source\PSoC4/cyfitter_cfg.c **** static void CYMEMZERO(void *s, size_t n)
  77:Generated_Source\PSoC4/cyfitter_cfg.c **** {
  27              		.loc 1 77 0
  28              		.cfi_startproc
  29              		@ args = 0, pretend = 0, frame = 0
  30              		@ frame_needed = 0, uses_anonymous_args = 0
  31              	.LVL0:
  32 0000 10B5     		push	{r4, lr}
  33              		.cfi_def_cfa_offset 8
  34              		.cfi_offset 4, -8
  35              		.cfi_offset 14, -4
  36 0002 0A00     		movs	r2, r1
  78:Generated_Source\PSoC4/cyfitter_cfg.c **** 	(void)memset(s, 0, n);
ARM GAS  C:\Users\luann\AppData\Local\Temp\ccHiga2y.s 			page 3


  37              		.loc 1 78 0
  38 0004 0021     		movs	r1, #0
  39              	.LVL1:
  40 0006 FFF7FEFF 		bl	memset
  41              	.LVL2:
  79:Generated_Source\PSoC4/cyfitter_cfg.c **** }
  42              		.loc 1 79 0
  43              		@ sp needed
  44 000a 10BD     		pop	{r4, pc}
  45              		.cfi_endproc
  46              	.LFE0:
  47              		.size	CYMEMZERO, .-CYMEMZERO
  48              		.section	.psocinit,"ax",%progbits
  49              		.align	2
  50              		.code	16
  51              		.thumb_func
  52              		.type	ClockSetup, %function
  53              	ClockSetup:
  54              	.LFB3:
  80:Generated_Source\PSoC4/cyfitter_cfg.c **** CY_CFG_UNUSED
  81:Generated_Source\PSoC4/cyfitter_cfg.c **** static void CYCONFIGCPY(void *dest, const void *src, size_t n);
  82:Generated_Source\PSoC4/cyfitter_cfg.c **** CY_CFG_UNUSED
  83:Generated_Source\PSoC4/cyfitter_cfg.c **** static void CYCONFIGCPY(void *dest, const void *src, size_t n)
  84:Generated_Source\PSoC4/cyfitter_cfg.c **** {
  85:Generated_Source\PSoC4/cyfitter_cfg.c **** 	(void)memcpy(dest, src, n);
  86:Generated_Source\PSoC4/cyfitter_cfg.c **** }
  87:Generated_Source\PSoC4/cyfitter_cfg.c **** CY_CFG_UNUSED
  88:Generated_Source\PSoC4/cyfitter_cfg.c **** static void CYCONFIGCPYCODE(void *dest, const void *src, size_t n);
  89:Generated_Source\PSoC4/cyfitter_cfg.c **** CY_CFG_UNUSED
  90:Generated_Source\PSoC4/cyfitter_cfg.c **** static void CYCONFIGCPYCODE(void *dest, const void *src, size_t n)
  91:Generated_Source\PSoC4/cyfitter_cfg.c **** {
  92:Generated_Source\PSoC4/cyfitter_cfg.c **** 	(void)memcpy(dest, src, n);
  93:Generated_Source\PSoC4/cyfitter_cfg.c **** }
  94:Generated_Source\PSoC4/cyfitter_cfg.c **** 
  95:Generated_Source\PSoC4/cyfitter_cfg.c **** 
  96:Generated_Source\PSoC4/cyfitter_cfg.c **** 
  97:Generated_Source\PSoC4/cyfitter_cfg.c **** 
  98:Generated_Source\PSoC4/cyfitter_cfg.c **** /* Clock startup error codes                                                   */
  99:Generated_Source\PSoC4/cyfitter_cfg.c **** #define CYCLOCKSTART_NO_ERROR    0u
 100:Generated_Source\PSoC4/cyfitter_cfg.c **** #define CYCLOCKSTART_XTAL_ERROR  1u
 101:Generated_Source\PSoC4/cyfitter_cfg.c **** #define CYCLOCKSTART_32KHZ_ERROR 2u
 102:Generated_Source\PSoC4/cyfitter_cfg.c **** #define CYCLOCKSTART_PLL_ERROR   3u
 103:Generated_Source\PSoC4/cyfitter_cfg.c **** #define CYCLOCKSTART_FLL_ERROR   4u
 104:Generated_Source\PSoC4/cyfitter_cfg.c **** #define CYCLOCKSTART_WCO_ERROR   5u
 105:Generated_Source\PSoC4/cyfitter_cfg.c **** 
 106:Generated_Source\PSoC4/cyfitter_cfg.c **** 
 107:Generated_Source\PSoC4/cyfitter_cfg.c **** #ifdef CY_NEED_CYCLOCKSTARTUPERROR
 108:Generated_Source\PSoC4/cyfitter_cfg.c **** /*******************************************************************************
 109:Generated_Source\PSoC4/cyfitter_cfg.c **** * Function Name: CyClockStartupError
 110:Generated_Source\PSoC4/cyfitter_cfg.c **** ********************************************************************************
 111:Generated_Source\PSoC4/cyfitter_cfg.c **** * Summary:
 112:Generated_Source\PSoC4/cyfitter_cfg.c **** *  If an error is encountered during clock configuration (crystal startup error,
 113:Generated_Source\PSoC4/cyfitter_cfg.c **** *  PLL lock error, etc.), the system will end up here.  Unless reimplemented by
 114:Generated_Source\PSoC4/cyfitter_cfg.c **** *  the customer, this function will stop in an infinite loop.
 115:Generated_Source\PSoC4/cyfitter_cfg.c **** *
 116:Generated_Source\PSoC4/cyfitter_cfg.c **** * Parameters:
 117:Generated_Source\PSoC4/cyfitter_cfg.c **** *   void
ARM GAS  C:\Users\luann\AppData\Local\Temp\ccHiga2y.s 			page 4


 118:Generated_Source\PSoC4/cyfitter_cfg.c **** *
 119:Generated_Source\PSoC4/cyfitter_cfg.c **** * Return:
 120:Generated_Source\PSoC4/cyfitter_cfg.c **** *   void
 121:Generated_Source\PSoC4/cyfitter_cfg.c **** *
 122:Generated_Source\PSoC4/cyfitter_cfg.c **** *******************************************************************************/
 123:Generated_Source\PSoC4/cyfitter_cfg.c **** CY_CFG_UNUSED
 124:Generated_Source\PSoC4/cyfitter_cfg.c **** static void CyClockStartupError(uint8 errorCode);
 125:Generated_Source\PSoC4/cyfitter_cfg.c **** CY_CFG_UNUSED
 126:Generated_Source\PSoC4/cyfitter_cfg.c **** static void CyClockStartupError(uint8 errorCode)
 127:Generated_Source\PSoC4/cyfitter_cfg.c **** {
 128:Generated_Source\PSoC4/cyfitter_cfg.c ****     /* To remove the compiler warning if errorCode not used.                */
 129:Generated_Source\PSoC4/cyfitter_cfg.c ****     errorCode = errorCode;
 130:Generated_Source\PSoC4/cyfitter_cfg.c **** 
 131:Generated_Source\PSoC4/cyfitter_cfg.c ****     /* If we have a clock startup error (bad MHz crystal, PLL lock, etc.),  */
 132:Generated_Source\PSoC4/cyfitter_cfg.c ****     /* we will end up here to allow the customer to implement something to  */
 133:Generated_Source\PSoC4/cyfitter_cfg.c ****     /* deal with the clock condition.                                       */
 134:Generated_Source\PSoC4/cyfitter_cfg.c **** 
 135:Generated_Source\PSoC4/cyfitter_cfg.c **** #ifdef CY_CFG_CLOCK_STARTUP_ERROR_CALLBACK
 136:Generated_Source\PSoC4/cyfitter_cfg.c ****     CY_CFG_Clock_Startup_ErrorCallback();
 137:Generated_Source\PSoC4/cyfitter_cfg.c **** #else
 138:Generated_Source\PSoC4/cyfitter_cfg.c ****     /*  If not using CY_CFG_CLOCK_STARTUP_ERROR_CALLBACK, place your clock startup code here. */
 139:Generated_Source\PSoC4/cyfitter_cfg.c ****     /* `#START CyClockStartupError` */
 140:Generated_Source\PSoC4/cyfitter_cfg.c **** 
 141:Generated_Source\PSoC4/cyfitter_cfg.c **** 
 142:Generated_Source\PSoC4/cyfitter_cfg.c **** 
 143:Generated_Source\PSoC4/cyfitter_cfg.c ****     /* `#END` */
 144:Generated_Source\PSoC4/cyfitter_cfg.c **** 
 145:Generated_Source\PSoC4/cyfitter_cfg.c ****     while(1) {}
 146:Generated_Source\PSoC4/cyfitter_cfg.c **** #endif /* CY_CFG_CLOCK_STARTUP_ERROR_CALLBACK */
 147:Generated_Source\PSoC4/cyfitter_cfg.c **** }
 148:Generated_Source\PSoC4/cyfitter_cfg.c **** #endif
 149:Generated_Source\PSoC4/cyfitter_cfg.c **** 
 150:Generated_Source\PSoC4/cyfitter_cfg.c **** 
 151:Generated_Source\PSoC4/cyfitter_cfg.c **** 
 152:Generated_Source\PSoC4/cyfitter_cfg.c **** /*******************************************************************************
 153:Generated_Source\PSoC4/cyfitter_cfg.c **** * Function Name: ClockSetup
 154:Generated_Source\PSoC4/cyfitter_cfg.c **** ********************************************************************************
 155:Generated_Source\PSoC4/cyfitter_cfg.c **** *
 156:Generated_Source\PSoC4/cyfitter_cfg.c **** * Summary:
 157:Generated_Source\PSoC4/cyfitter_cfg.c **** *   Performs the initialization of all of the clocks in the device based on the
 158:Generated_Source\PSoC4/cyfitter_cfg.c **** *   settings in the Clock tab of the DWR.  This includes enabling the requested
 159:Generated_Source\PSoC4/cyfitter_cfg.c **** *   clocks and setting the necessary dividers to produce the desired frequency. 
 160:Generated_Source\PSoC4/cyfitter_cfg.c **** *
 161:Generated_Source\PSoC4/cyfitter_cfg.c **** * Parameters:
 162:Generated_Source\PSoC4/cyfitter_cfg.c **** *   void
 163:Generated_Source\PSoC4/cyfitter_cfg.c **** *
 164:Generated_Source\PSoC4/cyfitter_cfg.c **** * Return:
 165:Generated_Source\PSoC4/cyfitter_cfg.c **** *   void
 166:Generated_Source\PSoC4/cyfitter_cfg.c **** *
 167:Generated_Source\PSoC4/cyfitter_cfg.c **** *******************************************************************************/
 168:Generated_Source\PSoC4/cyfitter_cfg.c **** static void ClockSetup(void);
 169:Generated_Source\PSoC4/cyfitter_cfg.c **** CY_CFG_SECTION
 170:Generated_Source\PSoC4/cyfitter_cfg.c **** static void ClockSetup(void)
 171:Generated_Source\PSoC4/cyfitter_cfg.c **** {
  55              		.loc 1 171 0
  56              		.cfi_startproc
  57              		@ args = 0, pretend = 0, frame = 0
ARM GAS  C:\Users\luann\AppData\Local\Temp\ccHiga2y.s 			page 5


  58              		@ frame_needed = 0, uses_anonymous_args = 0
  59 0000 70B5     		push	{r4, r5, r6, lr}
  60              		.cfi_def_cfa_offset 16
  61              		.cfi_offset 4, -16
  62              		.cfi_offset 5, -12
  63              		.cfi_offset 6, -8
  64              		.cfi_offset 14, -4
 172:Generated_Source\PSoC4/cyfitter_cfg.c **** 	/* Enable HALF_EN before trimming for the flash accelerator. */
 173:Generated_Source\PSoC4/cyfitter_cfg.c **** 	CY_SET_REG32((void CYXDATA *)(CYREG_CLK_SELECT), (CY_GET_REG32((void *)CYREG_CLK_SELECT) | 0x00040
  65              		.loc 1 173 0
  66 0002 0F4C     		ldr	r4, .L3
  67 0004 2368     		ldr	r3, [r4]
  68 0006 8022     		movs	r2, #128
  69 0008 D202     		lsls	r2, r2, #11
  70 000a 1343     		orrs	r3, r2
  71 000c 2360     		str	r3, [r4]
 174:Generated_Source\PSoC4/cyfitter_cfg.c **** 
 175:Generated_Source\PSoC4/cyfitter_cfg.c **** 	/* Setup and trim IMO based on desired frequency. */
 176:Generated_Source\PSoC4/cyfitter_cfg.c **** 	CySysClkWriteImoFreq(24u);
  72              		.loc 1 176 0
  73 000e 1820     		movs	r0, #24
  74 0010 FFF7FEFF 		bl	CySysClkWriteImoFreq
  75              	.LVL3:
 177:Generated_Source\PSoC4/cyfitter_cfg.c **** 
 178:Generated_Source\PSoC4/cyfitter_cfg.c **** 	/* Disable HALF_EN since it is not required at this IMO frequency. */
 179:Generated_Source\PSoC4/cyfitter_cfg.c **** 	CY_SET_REG32((void CYXDATA *)(CYREG_CLK_SELECT), (CY_GET_REG32((void *)CYREG_CLK_SELECT) & 0xFFFBF
  76              		.loc 1 179 0
  77 0014 2268     		ldr	r2, [r4]
  78 0016 0B4B     		ldr	r3, .L3+4
  79 0018 1340     		ands	r3, r2
  80 001a 2360     		str	r3, [r4]
 180:Generated_Source\PSoC4/cyfitter_cfg.c **** 	/* CYDEV_CLK_ILO_CONFIG Starting address: CYDEV_CLK_ILO_CONFIG */
 181:Generated_Source\PSoC4/cyfitter_cfg.c **** 	CY_SET_REG32((void *)(CYREG_CLK_ILO_CONFIG), 0x80000006u);
  81              		.loc 1 181 0
  82 001c 0A4A     		ldr	r2, .L3+8
  83 001e 0B4B     		ldr	r3, .L3+12
  84 0020 1A60     		str	r2, [r3]
 182:Generated_Source\PSoC4/cyfitter_cfg.c **** 
 183:Generated_Source\PSoC4/cyfitter_cfg.c **** 
 184:Generated_Source\PSoC4/cyfitter_cfg.c **** 	/* CYDEV_CLK_IMO_CONFIG Starting address: CYDEV_CLK_IMO_CONFIG */
 185:Generated_Source\PSoC4/cyfitter_cfg.c **** 	CY_SET_REG32((void *)(CYREG_CLK_IMO_CONFIG), 0x80000000u);
  85              		.loc 1 185 0
  86 0022 063A     		subs	r2, r2, #6
  87 0024 0A4B     		ldr	r3, .L3+16
  88 0026 1A60     		str	r2, [r3]
 186:Generated_Source\PSoC4/cyfitter_cfg.c **** 
 187:Generated_Source\PSoC4/cyfitter_cfg.c **** 	/* CYDEV_CLK_SELECT Starting address: CYDEV_CLK_SELECT */
 188:Generated_Source\PSoC4/cyfitter_cfg.c **** 	CY_SET_REG32((void *)(CYREG_CLK_SELECT), 0x00000000u);
  89              		.loc 1 188 0
  90 0028 0025     		movs	r5, #0
  91 002a 2560     		str	r5, [r4]
 189:Generated_Source\PSoC4/cyfitter_cfg.c **** 
 190:Generated_Source\PSoC4/cyfitter_cfg.c **** 	(void)CyIntSetVector(9u, &CySysWdtIsr);
  92              		.loc 1 190 0
  93 002c 0949     		ldr	r1, .L3+20
  94 002e 0920     		movs	r0, #9
  95 0030 FFF7FEFF 		bl	CyIntSetVector
ARM GAS  C:\Users\luann\AppData\Local\Temp\ccHiga2y.s 			page 6


  96              	.LVL4:
 191:Generated_Source\PSoC4/cyfitter_cfg.c **** 	CyIntEnable(9u);
  97              		.loc 1 191 0
  98 0034 0920     		movs	r0, #9
  99 0036 FFF7FEFF 		bl	CyIntEnable
 100              	.LVL5:
 192:Generated_Source\PSoC4/cyfitter_cfg.c **** 	CY_SET_REG32((void *)(CYREG_WDT_CONFIG), 0x00000000u);
 101              		.loc 1 192 0
 102 003a 074B     		ldr	r3, .L3+24
 103 003c 1D60     		str	r5, [r3]
 193:Generated_Source\PSoC4/cyfitter_cfg.c **** }
 104              		.loc 1 193 0
 105              		@ sp needed
 106 003e 70BD     		pop	{r4, r5, r6, pc}
 107              	.L4:
 108              		.align	2
 109              	.L3:
 110 0040 00010B40 		.word	1074462976
 111 0044 FFFFFBFF 		.word	-262145
 112 0048 06000080 		.word	-2147483642
 113 004c 04010B40 		.word	1074462980
 114 0050 08010B40 		.word	1074462984
 115 0054 00000000 		.word	CySysWdtIsr
 116 0058 0C020B40 		.word	1074463244
 117              		.cfi_endproc
 118              	.LFE3:
 119              		.size	ClockSetup, .-ClockSetup
 120              		.align	2
 121              		.global	cyfitter_cfg
 122              		.code	16
 123              		.thumb_func
 124              		.type	cyfitter_cfg, %function
 125              	cyfitter_cfg:
 126              	.LFB5:
 194:Generated_Source\PSoC4/cyfitter_cfg.c **** 
 195:Generated_Source\PSoC4/cyfitter_cfg.c **** 
 196:Generated_Source\PSoC4/cyfitter_cfg.c **** /* Analog API Functions */
 197:Generated_Source\PSoC4/cyfitter_cfg.c **** 
 198:Generated_Source\PSoC4/cyfitter_cfg.c **** 
 199:Generated_Source\PSoC4/cyfitter_cfg.c **** /*******************************************************************************
 200:Generated_Source\PSoC4/cyfitter_cfg.c **** * Function Name: AnalogSetDefault
 201:Generated_Source\PSoC4/cyfitter_cfg.c **** ********************************************************************************
 202:Generated_Source\PSoC4/cyfitter_cfg.c **** *
 203:Generated_Source\PSoC4/cyfitter_cfg.c **** * Summary:
 204:Generated_Source\PSoC4/cyfitter_cfg.c **** *  Sets up the analog portions of the chip to default values based on chip
 205:Generated_Source\PSoC4/cyfitter_cfg.c **** *  configuration options from the project.
 206:Generated_Source\PSoC4/cyfitter_cfg.c **** *
 207:Generated_Source\PSoC4/cyfitter_cfg.c **** * Parameters:
 208:Generated_Source\PSoC4/cyfitter_cfg.c **** *  void
 209:Generated_Source\PSoC4/cyfitter_cfg.c **** *
 210:Generated_Source\PSoC4/cyfitter_cfg.c **** * Return:
 211:Generated_Source\PSoC4/cyfitter_cfg.c **** *  void
 212:Generated_Source\PSoC4/cyfitter_cfg.c **** *
 213:Generated_Source\PSoC4/cyfitter_cfg.c **** *******************************************************************************/
 214:Generated_Source\PSoC4/cyfitter_cfg.c **** static void AnalogSetDefault(void);
 215:Generated_Source\PSoC4/cyfitter_cfg.c **** static void AnalogSetDefault(void)
 216:Generated_Source\PSoC4/cyfitter_cfg.c **** {
ARM GAS  C:\Users\luann\AppData\Local\Temp\ccHiga2y.s 			page 7


 217:Generated_Source\PSoC4/cyfitter_cfg.c **** }
 218:Generated_Source\PSoC4/cyfitter_cfg.c **** 
 219:Generated_Source\PSoC4/cyfitter_cfg.c **** 
 220:Generated_Source\PSoC4/cyfitter_cfg.c **** 
 221:Generated_Source\PSoC4/cyfitter_cfg.c **** 
 222:Generated_Source\PSoC4/cyfitter_cfg.c **** /*******************************************************************************
 223:Generated_Source\PSoC4/cyfitter_cfg.c **** * Function Name: cyfitter_cfg
 224:Generated_Source\PSoC4/cyfitter_cfg.c **** ********************************************************************************
 225:Generated_Source\PSoC4/cyfitter_cfg.c **** * Summary:
 226:Generated_Source\PSoC4/cyfitter_cfg.c **** *  This function is called by the start-up code for the selected device. It
 227:Generated_Source\PSoC4/cyfitter_cfg.c **** *  performs all of the necessary device configuration based on the design
 228:Generated_Source\PSoC4/cyfitter_cfg.c **** *  settings.  This includes settings from the Design Wide Resources (DWR) such
 229:Generated_Source\PSoC4/cyfitter_cfg.c **** *  as Clocks and Pins as well as any component configuration that is necessary.
 230:Generated_Source\PSoC4/cyfitter_cfg.c **** *
 231:Generated_Source\PSoC4/cyfitter_cfg.c **** * Parameters:
 232:Generated_Source\PSoC4/cyfitter_cfg.c **** *   void
 233:Generated_Source\PSoC4/cyfitter_cfg.c **** *
 234:Generated_Source\PSoC4/cyfitter_cfg.c **** * Return:
 235:Generated_Source\PSoC4/cyfitter_cfg.c **** *   void
 236:Generated_Source\PSoC4/cyfitter_cfg.c **** *
 237:Generated_Source\PSoC4/cyfitter_cfg.c **** *******************************************************************************/
 238:Generated_Source\PSoC4/cyfitter_cfg.c **** CY_CFG_SECTION
 239:Generated_Source\PSoC4/cyfitter_cfg.c **** void cyfitter_cfg(void)
 240:Generated_Source\PSoC4/cyfitter_cfg.c **** {
 127              		.loc 1 240 0
 128              		.cfi_startproc
 129              		@ args = 0, pretend = 0, frame = 0
 130              		@ frame_needed = 0, uses_anonymous_args = 0
 131 005c 10B5     		push	{r4, lr}
 132              		.cfi_def_cfa_offset 8
 133              		.cfi_offset 4, -8
 134              		.cfi_offset 14, -4
 241:Generated_Source\PSoC4/cyfitter_cfg.c **** 	/* Disable interrupts by default. Let user enable if/when they want. */
 242:Generated_Source\PSoC4/cyfitter_cfg.c **** 	CyGlobalIntDisable;
 135              		.loc 1 242 0
 136              		.syntax divided
 137              	@ 242 "Generated_Source\PSoC4\cyfitter_cfg.c" 1
 138 005e 72B6     		CPSID   i
 139              	@ 0 "" 2
 140              	.LVL6:
 141              		.thumb
 142              		.syntax unified
 143              	.LBB2:
 243:Generated_Source\PSoC4/cyfitter_cfg.c **** 
 244:Generated_Source\PSoC4/cyfitter_cfg.c **** 	{
 245:Generated_Source\PSoC4/cyfitter_cfg.c **** 
 246:Generated_Source\PSoC4/cyfitter_cfg.c **** 		CYPACKED typedef struct {
 247:Generated_Source\PSoC4/cyfitter_cfg.c **** 			void CYFAR *address;
 248:Generated_Source\PSoC4/cyfitter_cfg.c **** 			uint16 size;
 249:Generated_Source\PSoC4/cyfitter_cfg.c **** 		} CYPACKED_ATTR cfg_memset_t;
 250:Generated_Source\PSoC4/cyfitter_cfg.c **** 
 251:Generated_Source\PSoC4/cyfitter_cfg.c **** 		static const cfg_memset_t CYCODE cfg_memset_list[] = {
 252:Generated_Source\PSoC4/cyfitter_cfg.c **** 			/* address, size */
 253:Generated_Source\PSoC4/cyfitter_cfg.c **** 			{(void CYFAR *)(CYDEV_UDB_P0_U0_BASE), 1024u},
 254:Generated_Source\PSoC4/cyfitter_cfg.c **** 			{(void CYFAR *)(CYDEV_UDB_DSI0_BASE), 1024u},
 255:Generated_Source\PSoC4/cyfitter_cfg.c **** 		};
 256:Generated_Source\PSoC4/cyfitter_cfg.c **** 
ARM GAS  C:\Users\luann\AppData\Local\Temp\ccHiga2y.s 			page 8


 257:Generated_Source\PSoC4/cyfitter_cfg.c **** 		uint8 CYDATA i;
 258:Generated_Source\PSoC4/cyfitter_cfg.c **** 
 259:Generated_Source\PSoC4/cyfitter_cfg.c **** 		/* Zero out critical memory blocks before beginning configuration */
 260:Generated_Source\PSoC4/cyfitter_cfg.c **** 		for (i = 0u; i < (sizeof(cfg_memset_list)/sizeof(cfg_memset_list[0])); i++)
 144              		.loc 1 260 0
 145 0060 0024     		movs	r4, #0
 146 0062 0FE0     		b	.L6
 147              	.LVL7:
 148              	.L7:
 149              	.LBB3:
 261:Generated_Source\PSoC4/cyfitter_cfg.c **** 		{
 262:Generated_Source\PSoC4/cyfitter_cfg.c **** 			const cfg_memset_t CYCODE * CYDATA ms = &cfg_memset_list[i];
 263:Generated_Source\PSoC4/cyfitter_cfg.c **** 			CYMEMZERO(ms->address, (size_t)(uint32)(ms->size));
 150              		.loc 1 263 0 discriminator 3
 151 0064 1648     		ldr	r0, .L8
 152 0066 6200     		lsls	r2, r4, #1
 153 0068 1319     		adds	r3, r2, r4
 154 006a 5900     		lsls	r1, r3, #1
 155 006c 0B00     		movs	r3, r1
 156 006e 4118     		adds	r1, r0, r1
 157 0070 8988     		ldrh	r1, [r1, #4]
 158 0072 1A5A     		ldrh	r2, [r3, r0]
 159 0074 C318     		adds	r3, r0, r3
 160 0076 5888     		ldrh	r0, [r3, #2]
 161 0078 0004     		lsls	r0, r0, #16
 162 007a 1043     		orrs	r0, r2
 163 007c FFF7FEFF 		bl	CYMEMZERO
 164              	.LVL8:
 165              	.LBE3:
 260:Generated_Source\PSoC4/cyfitter_cfg.c **** 		{
 166              		.loc 1 260 0 discriminator 3
 167 0080 0134     		adds	r4, r4, #1
 168              	.LVL9:
 169 0082 E4B2     		uxtb	r4, r4
 170              	.LVL10:
 171              	.L6:
 260:Generated_Source\PSoC4/cyfitter_cfg.c **** 		{
 172              		.loc 1 260 0 is_stmt 0 discriminator 1
 173 0084 012C     		cmp	r4, #1
 174 0086 EDD9     		bls	.L7
 264:Generated_Source\PSoC4/cyfitter_cfg.c **** 		}
 265:Generated_Source\PSoC4/cyfitter_cfg.c **** 
 266:Generated_Source\PSoC4/cyfitter_cfg.c **** 		/* HSIOM Starting address: CYDEV_HSIOM_BASE */
 267:Generated_Source\PSoC4/cyfitter_cfg.c **** 		CY_SET_REG32((void *)(CYREG_HSIOM_PORT_SEL3), 0x0000EE00u);
 175              		.loc 1 267 0 is_stmt 1
 176 0088 EE22     		movs	r2, #238
 177 008a 1202     		lsls	r2, r2, #8
 178 008c 0D4B     		ldr	r3, .L8+4
 179 008e 1A60     		str	r2, [r3]
 268:Generated_Source\PSoC4/cyfitter_cfg.c **** 
 269:Generated_Source\PSoC4/cyfitter_cfg.c **** 		/* UDB_PA_0 Starting address: CYDEV_UDB_PA0_BASE */
 270:Generated_Source\PSoC4/cyfitter_cfg.c **** 		CY_SET_REG32((void *)(CYDEV_UDB_PA0_BASE), 0x00990000u);
 180              		.loc 1 270 0
 181 0090 9923     		movs	r3, #153
 182 0092 1B04     		lsls	r3, r3, #16
 183 0094 0C4A     		ldr	r2, .L8+8
 184 0096 1360     		str	r3, [r2]
ARM GAS  C:\Users\luann\AppData\Local\Temp\ccHiga2y.s 			page 9


 271:Generated_Source\PSoC4/cyfitter_cfg.c **** 
 272:Generated_Source\PSoC4/cyfitter_cfg.c **** 		/* UDB_PA_3 Starting address: CYDEV_UDB_PA3_BASE */
 273:Generated_Source\PSoC4/cyfitter_cfg.c **** 		CY_SET_REG32((void *)(CYDEV_UDB_PA3_BASE), 0x00990000u);
 185              		.loc 1 273 0
 186 0098 0C4A     		ldr	r2, .L8+12
 187 009a 1360     		str	r3, [r2]
 274:Generated_Source\PSoC4/cyfitter_cfg.c **** 
 275:Generated_Source\PSoC4/cyfitter_cfg.c **** 		/* Enable digital routing */
 276:Generated_Source\PSoC4/cyfitter_cfg.c **** 		CY_SET_XTND_REG8((void *)CYREG_UDB_UDBIF_BANK_CTL, (uint8)(CY_GET_XTND_REG8((void *)CYREG_UDB_UDB
 188              		.loc 1 276 0
 189 009c 0C4A     		ldr	r2, .L8+16
 190 009e 1178     		ldrb	r1, [r2]
 191 00a0 0623     		movs	r3, #6
 192 00a2 0B43     		orrs	r3, r1
 193 00a4 DBB2     		uxtb	r3, r3
 194 00a6 1370     		strb	r3, [r2]
 195              	.LBE2:
 277:Generated_Source\PSoC4/cyfitter_cfg.c **** 	}
 278:Generated_Source\PSoC4/cyfitter_cfg.c **** 
 279:Generated_Source\PSoC4/cyfitter_cfg.c **** 	/* Perform second pass device configuration. These items must be configured in specific order afte
 280:Generated_Source\PSoC4/cyfitter_cfg.c **** 	/* IOPINS0_0 Starting address: CYDEV_PRT0_BASE */
 281:Generated_Source\PSoC4/cyfitter_cfg.c **** 	CY_SET_REG32((void *)(CYDEV_PRT0_BASE), 0x00000080u);
 196              		.loc 1 281 0
 197 00a8 8022     		movs	r2, #128
 198 00aa 0A4B     		ldr	r3, .L8+20
 199 00ac 1A60     		str	r2, [r3]
 282:Generated_Source\PSoC4/cyfitter_cfg.c **** 	CY_SET_REG32((void *)(CYREG_PRT0_PC), 0x00400003u);
 200              		.loc 1 282 0
 201 00ae 0A4A     		ldr	r2, .L8+24
 202 00b0 0A4B     		ldr	r3, .L8+28
 203 00b2 1A60     		str	r2, [r3]
 283:Generated_Source\PSoC4/cyfitter_cfg.c **** 
 284:Generated_Source\PSoC4/cyfitter_cfg.c **** 	/* IOPINS0_3 Starting address: CYDEV_PRT3_BASE */
 285:Generated_Source\PSoC4/cyfitter_cfg.c **** 	CY_SET_REG32((void *)(CYREG_PRT3_PC), 0x00C00D80u);
 204              		.loc 1 285 0
 205 00b4 0A4A     		ldr	r2, .L8+32
 206 00b6 0B4B     		ldr	r3, .L8+36
 207 00b8 1A60     		str	r2, [r3]
 286:Generated_Source\PSoC4/cyfitter_cfg.c **** 
 287:Generated_Source\PSoC4/cyfitter_cfg.c **** 
 288:Generated_Source\PSoC4/cyfitter_cfg.c **** 	/* Setup clocks based on selections from Clock DWR */
 289:Generated_Source\PSoC4/cyfitter_cfg.c **** 	ClockSetup();
 208              		.loc 1 289 0
 209 00ba FFF7A1FF 		bl	ClockSetup
 210              	.LVL11:
 290:Generated_Source\PSoC4/cyfitter_cfg.c **** 
 291:Generated_Source\PSoC4/cyfitter_cfg.c **** 	/* Perform basic analog initialization to defaults */
 292:Generated_Source\PSoC4/cyfitter_cfg.c **** 	AnalogSetDefault();
 293:Generated_Source\PSoC4/cyfitter_cfg.c **** 
 294:Generated_Source\PSoC4/cyfitter_cfg.c **** }
 211              		.loc 1 294 0
 212              		@ sp needed
 213              	.LVL12:
 214 00be 10BD     		pop	{r4, pc}
 215              	.L9:
 216              		.align	2
 217              	.L8:
ARM GAS  C:\Users\luann\AppData\Local\Temp\ccHiga2y.s 			page 10


 218 00c0 00000000 		.word	.LANCHOR0
 219 00c4 0C000140 		.word	1073807372
 220 00c8 00500F40 		.word	1074745344
 221 00cc 30500F40 		.word	1074745392
 222 00d0 00700F40 		.word	1074753536
 223 00d4 00000440 		.word	1074003968
 224 00d8 03004000 		.word	4194307
 225 00dc 08000440 		.word	1074003976
 226 00e0 800DC000 		.word	12586368
 227 00e4 08030440 		.word	1074004744
 228              		.cfi_endproc
 229              	.LFE5:
 230              		.size	cyfitter_cfg, .-cyfitter_cfg
 231              		.section	.rodata
 232              		.align	2
 233              		.set	.LANCHOR0,. + 0
 234              		.type	cfg_memset_list.4847, %object
 235              		.size	cfg_memset_list.4847, 12
 236              	cfg_memset_list.4847:
 237 0000 00300F40 		.word	1074737152
 238 0004 0004     		.short	1024
 239 0006 00400F40 		.4byte	1074741248
 240 000a 0004     		.short	1024
 241              		.text
 242              	.Letext0:
 243              		.file 2 "c:\\program files (x86)\\cypress\\psoc creator\\4.4\\psoc creator\\import\\gnu\\arm\\5.4.
 244              		.file 3 "Generated_Source\\PSoC4\\cytypes.h"
 245              		.file 4 "Generated_Source\\PSoC4\\CyLib.h"
 246              		.section	.debug_info,"",%progbits
 247              	.Ldebug_info0:
 248 0000 74020000 		.4byte	0x274
 249 0004 0400     		.2byte	0x4
 250 0006 00000000 		.4byte	.Ldebug_abbrev0
 251 000a 04       		.byte	0x4
 252 000b 01       		.uleb128 0x1
 253 000c EB000000 		.4byte	.LASF29
 254 0010 0C       		.byte	0xc
 255 0011 35020000 		.4byte	.LASF30
 256 0015 8F010000 		.4byte	.LASF31
 257 0019 00000000 		.4byte	.Ldebug_ranges0+0
 258 001d 00000000 		.4byte	0
 259 0021 00000000 		.4byte	.Ldebug_line0
 260 0025 02       		.uleb128 0x2
 261 0026 04       		.byte	0x4
 262 0027 05       		.byte	0x5
 263 0028 696E7400 		.ascii	"int\000"
 264 002c 03       		.uleb128 0x3
 265 002d 06000000 		.4byte	.LASF12
 266 0031 02       		.byte	0x2
 267 0032 D8       		.byte	0xd8
 268 0033 37000000 		.4byte	0x37
 269 0037 04       		.uleb128 0x4
 270 0038 04       		.byte	0x4
 271 0039 07       		.byte	0x7
 272 003a B2000000 		.4byte	.LASF0
 273 003e 04       		.uleb128 0x4
 274 003f 08       		.byte	0x8
ARM GAS  C:\Users\luann\AppData\Local\Temp\ccHiga2y.s 			page 11


 275 0040 05       		.byte	0x5
 276 0041 E2010000 		.4byte	.LASF1
 277 0045 04       		.uleb128 0x4
 278 0046 08       		.byte	0x8
 279 0047 04       		.byte	0x4
 280 0048 1D020000 		.4byte	.LASF2
 281 004c 04       		.uleb128 0x4
 282 004d 01       		.byte	0x1
 283 004e 06       		.byte	0x6
 284 004f 29020000 		.4byte	.LASF3
 285 0053 04       		.uleb128 0x4
 286 0054 01       		.byte	0x1
 287 0055 08       		.byte	0x8
 288 0056 7C000000 		.4byte	.LASF4
 289 005a 04       		.uleb128 0x4
 290 005b 02       		.byte	0x2
 291 005c 05       		.byte	0x5
 292 005d F5010000 		.4byte	.LASF5
 293 0061 04       		.uleb128 0x4
 294 0062 02       		.byte	0x2
 295 0063 07       		.byte	0x7
 296 0064 37000000 		.4byte	.LASF6
 297 0068 04       		.uleb128 0x4
 298 0069 04       		.byte	0x4
 299 006a 05       		.byte	0x5
 300 006b 14020000 		.4byte	.LASF7
 301 006f 04       		.uleb128 0x4
 302 0070 04       		.byte	0x4
 303 0071 07       		.byte	0x7
 304 0072 5A000000 		.4byte	.LASF8
 305 0076 04       		.uleb128 0x4
 306 0077 08       		.byte	0x8
 307 0078 07       		.byte	0x7
 308 0079 D4000000 		.4byte	.LASF9
 309 007d 04       		.uleb128 0x4
 310 007e 04       		.byte	0x4
 311 007f 07       		.byte	0x7
 312 0080 86010000 		.4byte	.LASF10
 313 0084 05       		.uleb128 0x5
 314 0085 04       		.byte	0x4
 315 0086 04       		.uleb128 0x4
 316 0087 01       		.byte	0x1
 317 0088 08       		.byte	0x8
 318 0089 F0010000 		.4byte	.LASF11
 319 008d 06       		.uleb128 0x6
 320 008e 6C000000 		.4byte	.LASF13
 321 0092 03       		.byte	0x3
 322 0093 FB01     		.2byte	0x1fb
 323 0095 53000000 		.4byte	0x53
 324 0099 06       		.uleb128 0x6
 325 009a A4000000 		.4byte	.LASF14
 326 009e 03       		.byte	0x3
 327 009f FC01     		.2byte	0x1fc
 328 00a1 61000000 		.4byte	0x61
 329 00a5 06       		.uleb128 0x6
 330 00a6 AB000000 		.4byte	.LASF15
 331 00aa 03       		.byte	0x3
ARM GAS  C:\Users\luann\AppData\Local\Temp\ccHiga2y.s 			page 12


 332 00ab FD01     		.2byte	0x1fd
 333 00ad 6F000000 		.4byte	0x6f
 334 00b1 04       		.uleb128 0x4
 335 00b2 04       		.byte	0x4
 336 00b3 04       		.byte	0x4
 337 00b4 4A000000 		.4byte	.LASF16
 338 00b8 04       		.uleb128 0x4
 339 00b9 08       		.byte	0x8
 340 00ba 04       		.byte	0x4
 341 00bb 91000000 		.4byte	.LASF17
 342 00bf 06       		.uleb128 0x6
 343 00c0 55000000 		.4byte	.LASF18
 344 00c4 03       		.byte	0x3
 345 00c5 A502     		.2byte	0x2a5
 346 00c7 CB000000 		.4byte	0xcb
 347 00cb 07       		.uleb128 0x7
 348 00cc 8D000000 		.4byte	0x8d
 349 00d0 06       		.uleb128 0x6
 350 00d1 00000000 		.4byte	.LASF19
 351 00d5 03       		.byte	0x3
 352 00d6 A702     		.2byte	0x2a7
 353 00d8 DC000000 		.4byte	0xdc
 354 00dc 07       		.uleb128 0x7
 355 00dd A5000000 		.4byte	0xa5
 356 00e1 08       		.uleb128 0x8
 357 00e2 72000000 		.4byte	.LASF20
 358 00e6 01       		.byte	0x1
 359 00e7 4C       		.byte	0x4c
 360 00e8 00000000 		.4byte	.LFB0
 361 00ec 0C000000 		.4byte	.LFE0-.LFB0
 362 00f0 01       		.uleb128 0x1
 363 00f1 9C       		.byte	0x9c
 364 00f2 2E010000 		.4byte	0x12e
 365 00f6 09       		.uleb128 0x9
 366 00f7 7300     		.ascii	"s\000"
 367 00f9 01       		.byte	0x1
 368 00fa 4C       		.byte	0x4c
 369 00fb 84000000 		.4byte	0x84
 370 00ff 00000000 		.4byte	.LLST0
 371 0103 09       		.uleb128 0x9
 372 0104 6E00     		.ascii	"n\000"
 373 0106 01       		.byte	0x1
 374 0107 4C       		.byte	0x4c
 375 0108 2C000000 		.4byte	0x2c
 376 010c 21000000 		.4byte	.LLST1
 377 0110 0A       		.uleb128 0xa
 378 0111 0A000000 		.4byte	.LVL2
 379 0115 4D020000 		.4byte	0x24d
 380 0119 0B       		.uleb128 0xb
 381 011a 01       		.uleb128 0x1
 382 011b 50       		.byte	0x50
 383 011c 03       		.uleb128 0x3
 384 011d F3       		.byte	0xf3
 385 011e 01       		.uleb128 0x1
 386 011f 50       		.byte	0x50
 387 0120 0B       		.uleb128 0xb
 388 0121 01       		.uleb128 0x1
ARM GAS  C:\Users\luann\AppData\Local\Temp\ccHiga2y.s 			page 13


 389 0122 51       		.byte	0x51
 390 0123 01       		.uleb128 0x1
 391 0124 30       		.byte	0x30
 392 0125 0B       		.uleb128 0xb
 393 0126 01       		.uleb128 0x1
 394 0127 52       		.byte	0x52
 395 0128 03       		.uleb128 0x3
 396 0129 F3       		.byte	0xf3
 397 012a 01       		.uleb128 0x1
 398 012b 51       		.byte	0x51
 399 012c 00       		.byte	0
 400 012d 00       		.byte	0
 401 012e 08       		.uleb128 0x8
 402 012f 2C000000 		.4byte	.LASF21
 403 0133 01       		.byte	0x1
 404 0134 AA       		.byte	0xaa
 405 0135 00000000 		.4byte	.LFB3
 406 0139 5C000000 		.4byte	.LFE3-.LFB3
 407 013d 01       		.uleb128 0x1
 408 013e 9C       		.byte	0x9c
 409 013f 79010000 		.4byte	0x179
 410 0143 0C       		.uleb128 0xc
 411 0144 14000000 		.4byte	.LVL3
 412 0148 56020000 		.4byte	0x256
 413 014c 56010000 		.4byte	0x156
 414 0150 0B       		.uleb128 0xb
 415 0151 01       		.uleb128 0x1
 416 0152 50       		.byte	0x50
 417 0153 01       		.uleb128 0x1
 418 0154 48       		.byte	0x48
 419 0155 00       		.byte	0
 420 0156 0C       		.uleb128 0xc
 421 0157 34000000 		.4byte	.LVL4
 422 015b 61020000 		.4byte	0x261
 423 015f 69010000 		.4byte	0x169
 424 0163 0B       		.uleb128 0xb
 425 0164 01       		.uleb128 0x1
 426 0165 50       		.byte	0x50
 427 0166 01       		.uleb128 0x1
 428 0167 39       		.byte	0x39
 429 0168 00       		.byte	0
 430 0169 0A       		.uleb128 0xa
 431 016a 3A000000 		.4byte	.LVL5
 432 016e 6C020000 		.4byte	0x26c
 433 0172 0B       		.uleb128 0xb
 434 0173 01       		.uleb128 0x1
 435 0174 50       		.byte	0x50
 436 0175 01       		.uleb128 0x1
 437 0176 39       		.byte	0x39
 438 0177 00       		.byte	0
 439 0178 00       		.byte	0
 440 0179 0D       		.uleb128 0xd
 441 017a BF000000 		.4byte	.LASF32
 442 017e 01       		.byte	0x1
 443 017f EF       		.byte	0xef
 444 0180 5C000000 		.4byte	.LFB5
 445 0184 8C000000 		.4byte	.LFE5-.LFB5
ARM GAS  C:\Users\luann\AppData\Local\Temp\ccHiga2y.s 			page 14


 446 0188 01       		.uleb128 0x1
 447 0189 9C       		.byte	0x9c
 448 018a 4D020000 		.4byte	0x24d
 449 018e 0E       		.uleb128 0xe
 450 018f 60000000 		.4byte	.LBB2
 451 0193 48000000 		.4byte	.LBE2-.LBB2
 452 0197 43020000 		.4byte	0x243
 453 019b 0F       		.uleb128 0xf
 454 019c 06       		.byte	0x6
 455 019d 01       		.byte	0x1
 456 019e F6       		.byte	0xf6
 457 019f BC010000 		.4byte	0x1bc
 458 01a3 10       		.uleb128 0x10
 459 01a4 CC000000 		.4byte	.LASF22
 460 01a8 01       		.byte	0x1
 461 01a9 F7       		.byte	0xf7
 462 01aa 84000000 		.4byte	0x84
 463 01ae 00       		.byte	0
 464 01af 10       		.uleb128 0x10
 465 01b0 50000000 		.4byte	.LASF23
 466 01b4 01       		.byte	0x1
 467 01b5 F8       		.byte	0xf8
 468 01b6 99000000 		.4byte	0x99
 469 01ba 04       		.byte	0x4
 470 01bb 00       		.byte	0
 471 01bc 03       		.uleb128 0x3
 472 01bd 79010000 		.4byte	.LASF24
 473 01c1 01       		.byte	0x1
 474 01c2 F9       		.byte	0xf9
 475 01c3 9B010000 		.4byte	0x19b
 476 01c7 11       		.uleb128 0x11
 477 01c8 D7010000 		.4byte	0x1d7
 478 01cc D7010000 		.4byte	0x1d7
 479 01d0 12       		.uleb128 0x12
 480 01d1 7D000000 		.4byte	0x7d
 481 01d5 01       		.byte	0x1
 482 01d6 00       		.byte	0
 483 01d7 13       		.uleb128 0x13
 484 01d8 BC010000 		.4byte	0x1bc
 485 01dc 14       		.uleb128 0x14
 486 01dd 1C000000 		.4byte	.LASF25
 487 01e1 01       		.byte	0x1
 488 01e2 FB       		.byte	0xfb
 489 01e3 ED010000 		.4byte	0x1ed
 490 01e7 05       		.uleb128 0x5
 491 01e8 03       		.byte	0x3
 492 01e9 00000000 		.4byte	cfg_memset_list.4847
 493 01ed 13       		.uleb128 0x13
 494 01ee C7010000 		.4byte	0x1c7
 495 01f2 15       		.uleb128 0x15
 496 01f3 6900     		.ascii	"i\000"
 497 01f5 01       		.byte	0x1
 498 01f6 0101     		.2byte	0x101
 499 01f8 8D000000 		.4byte	0x8d
 500 01fc 4D000000 		.4byte	.LLST2
 501 0200 16       		.uleb128 0x16
 502 0201 64000000 		.4byte	.LBB3
ARM GAS  C:\Users\luann\AppData\Local\Temp\ccHiga2y.s 			page 15


 503 0205 1C000000 		.4byte	.LBE3-.LBB3
 504 0209 15       		.uleb128 0x15
 505 020a 6D7300   		.ascii	"ms\000"
 506 020d 01       		.byte	0x1
 507 020e 0601     		.2byte	0x106
 508 0210 18020000 		.4byte	0x218
 509 0214 77000000 		.4byte	.LLST3
 510 0218 17       		.uleb128 0x17
 511 0219 04       		.byte	0x4
 512 021a D7010000 		.4byte	0x1d7
 513 021e 0A       		.uleb128 0xa
 514 021f 80000000 		.4byte	.LVL8
 515 0223 E1000000 		.4byte	0xe1
 516 0227 0B       		.uleb128 0xb
 517 0228 01       		.uleb128 0x1
 518 0229 51       		.byte	0x51
 519 022a 15       		.uleb128 0x15
 520 022b 74       		.byte	0x74
 521 022c 00       		.sleb128 0
 522 022d 31       		.byte	0x31
 523 022e 24       		.byte	0x24
 524 022f 74       		.byte	0x74
 525 0230 00       		.sleb128 0
 526 0231 22       		.byte	0x22
 527 0232 31       		.byte	0x31
 528 0233 24       		.byte	0x24
 529 0234 03       		.byte	0x3
 530 0235 04000000 		.4byte	.LANCHOR0+4
 531 0239 22       		.byte	0x22
 532 023a 94       		.byte	0x94
 533 023b 02       		.byte	0x2
 534 023c 0A       		.byte	0xa
 535 023d FFFF     		.2byte	0xffff
 536 023f 1A       		.byte	0x1a
 537 0240 00       		.byte	0
 538 0241 00       		.byte	0
 539 0242 00       		.byte	0
 540 0243 18       		.uleb128 0x18
 541 0244 BE000000 		.4byte	.LVL11
 542 0248 2E010000 		.4byte	0x12e
 543 024c 00       		.byte	0
 544 024d 19       		.uleb128 0x19
 545 024e 8A000000 		.4byte	.LASF33
 546 0252 8A000000 		.4byte	.LASF33
 547 0256 1A       		.uleb128 0x1a
 548 0257 FF010000 		.4byte	.LASF26
 549 025b FF010000 		.4byte	.LASF26
 550 025f 04       		.byte	0x4
 551 0260 6C       		.byte	0x6c
 552 0261 1A       		.uleb128 0x1a
 553 0262 0D000000 		.4byte	.LASF27
 554 0266 0D000000 		.4byte	.LASF27
 555 026a 04       		.byte	0x4
 556 026b D0       		.byte	0xd0
 557 026c 1A       		.uleb128 0x1a
 558 026d 98000000 		.4byte	.LASF28
 559 0271 98000000 		.4byte	.LASF28
ARM GAS  C:\Users\luann\AppData\Local\Temp\ccHiga2y.s 			page 16


 560 0275 04       		.byte	0x4
 561 0276 D6       		.byte	0xd6
 562 0277 00       		.byte	0
 563              		.section	.debug_abbrev,"",%progbits
 564              	.Ldebug_abbrev0:
 565 0000 01       		.uleb128 0x1
 566 0001 11       		.uleb128 0x11
 567 0002 01       		.byte	0x1
 568 0003 25       		.uleb128 0x25
 569 0004 0E       		.uleb128 0xe
 570 0005 13       		.uleb128 0x13
 571 0006 0B       		.uleb128 0xb
 572 0007 03       		.uleb128 0x3
 573 0008 0E       		.uleb128 0xe
 574 0009 1B       		.uleb128 0x1b
 575 000a 0E       		.uleb128 0xe
 576 000b 55       		.uleb128 0x55
 577 000c 17       		.uleb128 0x17
 578 000d 11       		.uleb128 0x11
 579 000e 01       		.uleb128 0x1
 580 000f 10       		.uleb128 0x10
 581 0010 17       		.uleb128 0x17
 582 0011 00       		.byte	0
 583 0012 00       		.byte	0
 584 0013 02       		.uleb128 0x2
 585 0014 24       		.uleb128 0x24
 586 0015 00       		.byte	0
 587 0016 0B       		.uleb128 0xb
 588 0017 0B       		.uleb128 0xb
 589 0018 3E       		.uleb128 0x3e
 590 0019 0B       		.uleb128 0xb
 591 001a 03       		.uleb128 0x3
 592 001b 08       		.uleb128 0x8
 593 001c 00       		.byte	0
 594 001d 00       		.byte	0
 595 001e 03       		.uleb128 0x3
 596 001f 16       		.uleb128 0x16
 597 0020 00       		.byte	0
 598 0021 03       		.uleb128 0x3
 599 0022 0E       		.uleb128 0xe
 600 0023 3A       		.uleb128 0x3a
 601 0024 0B       		.uleb128 0xb
 602 0025 3B       		.uleb128 0x3b
 603 0026 0B       		.uleb128 0xb
 604 0027 49       		.uleb128 0x49
 605 0028 13       		.uleb128 0x13
 606 0029 00       		.byte	0
 607 002a 00       		.byte	0
 608 002b 04       		.uleb128 0x4
 609 002c 24       		.uleb128 0x24
 610 002d 00       		.byte	0
 611 002e 0B       		.uleb128 0xb
 612 002f 0B       		.uleb128 0xb
 613 0030 3E       		.uleb128 0x3e
 614 0031 0B       		.uleb128 0xb
 615 0032 03       		.uleb128 0x3
 616 0033 0E       		.uleb128 0xe
ARM GAS  C:\Users\luann\AppData\Local\Temp\ccHiga2y.s 			page 17


 617 0034 00       		.byte	0
 618 0035 00       		.byte	0
 619 0036 05       		.uleb128 0x5
 620 0037 0F       		.uleb128 0xf
 621 0038 00       		.byte	0
 622 0039 0B       		.uleb128 0xb
 623 003a 0B       		.uleb128 0xb
 624 003b 00       		.byte	0
 625 003c 00       		.byte	0
 626 003d 06       		.uleb128 0x6
 627 003e 16       		.uleb128 0x16
 628 003f 00       		.byte	0
 629 0040 03       		.uleb128 0x3
 630 0041 0E       		.uleb128 0xe
 631 0042 3A       		.uleb128 0x3a
 632 0043 0B       		.uleb128 0xb
 633 0044 3B       		.uleb128 0x3b
 634 0045 05       		.uleb128 0x5
 635 0046 49       		.uleb128 0x49
 636 0047 13       		.uleb128 0x13
 637 0048 00       		.byte	0
 638 0049 00       		.byte	0
 639 004a 07       		.uleb128 0x7
 640 004b 35       		.uleb128 0x35
 641 004c 00       		.byte	0
 642 004d 49       		.uleb128 0x49
 643 004e 13       		.uleb128 0x13
 644 004f 00       		.byte	0
 645 0050 00       		.byte	0
 646 0051 08       		.uleb128 0x8
 647 0052 2E       		.uleb128 0x2e
 648 0053 01       		.byte	0x1
 649 0054 03       		.uleb128 0x3
 650 0055 0E       		.uleb128 0xe
 651 0056 3A       		.uleb128 0x3a
 652 0057 0B       		.uleb128 0xb
 653 0058 3B       		.uleb128 0x3b
 654 0059 0B       		.uleb128 0xb
 655 005a 27       		.uleb128 0x27
 656 005b 19       		.uleb128 0x19
 657 005c 11       		.uleb128 0x11
 658 005d 01       		.uleb128 0x1
 659 005e 12       		.uleb128 0x12
 660 005f 06       		.uleb128 0x6
 661 0060 40       		.uleb128 0x40
 662 0061 18       		.uleb128 0x18
 663 0062 9742     		.uleb128 0x2117
 664 0064 19       		.uleb128 0x19
 665 0065 01       		.uleb128 0x1
 666 0066 13       		.uleb128 0x13
 667 0067 00       		.byte	0
 668 0068 00       		.byte	0
 669 0069 09       		.uleb128 0x9
 670 006a 05       		.uleb128 0x5
 671 006b 00       		.byte	0
 672 006c 03       		.uleb128 0x3
 673 006d 08       		.uleb128 0x8
ARM GAS  C:\Users\luann\AppData\Local\Temp\ccHiga2y.s 			page 18


 674 006e 3A       		.uleb128 0x3a
 675 006f 0B       		.uleb128 0xb
 676 0070 3B       		.uleb128 0x3b
 677 0071 0B       		.uleb128 0xb
 678 0072 49       		.uleb128 0x49
 679 0073 13       		.uleb128 0x13
 680 0074 02       		.uleb128 0x2
 681 0075 17       		.uleb128 0x17
 682 0076 00       		.byte	0
 683 0077 00       		.byte	0
 684 0078 0A       		.uleb128 0xa
 685 0079 898201   		.uleb128 0x4109
 686 007c 01       		.byte	0x1
 687 007d 11       		.uleb128 0x11
 688 007e 01       		.uleb128 0x1
 689 007f 31       		.uleb128 0x31
 690 0080 13       		.uleb128 0x13
 691 0081 00       		.byte	0
 692 0082 00       		.byte	0
 693 0083 0B       		.uleb128 0xb
 694 0084 8A8201   		.uleb128 0x410a
 695 0087 00       		.byte	0
 696 0088 02       		.uleb128 0x2
 697 0089 18       		.uleb128 0x18
 698 008a 9142     		.uleb128 0x2111
 699 008c 18       		.uleb128 0x18
 700 008d 00       		.byte	0
 701 008e 00       		.byte	0
 702 008f 0C       		.uleb128 0xc
 703 0090 898201   		.uleb128 0x4109
 704 0093 01       		.byte	0x1
 705 0094 11       		.uleb128 0x11
 706 0095 01       		.uleb128 0x1
 707 0096 31       		.uleb128 0x31
 708 0097 13       		.uleb128 0x13
 709 0098 01       		.uleb128 0x1
 710 0099 13       		.uleb128 0x13
 711 009a 00       		.byte	0
 712 009b 00       		.byte	0
 713 009c 0D       		.uleb128 0xd
 714 009d 2E       		.uleb128 0x2e
 715 009e 01       		.byte	0x1
 716 009f 3F       		.uleb128 0x3f
 717 00a0 19       		.uleb128 0x19
 718 00a1 03       		.uleb128 0x3
 719 00a2 0E       		.uleb128 0xe
 720 00a3 3A       		.uleb128 0x3a
 721 00a4 0B       		.uleb128 0xb
 722 00a5 3B       		.uleb128 0x3b
 723 00a6 0B       		.uleb128 0xb
 724 00a7 27       		.uleb128 0x27
 725 00a8 19       		.uleb128 0x19
 726 00a9 11       		.uleb128 0x11
 727 00aa 01       		.uleb128 0x1
 728 00ab 12       		.uleb128 0x12
 729 00ac 06       		.uleb128 0x6
 730 00ad 40       		.uleb128 0x40
ARM GAS  C:\Users\luann\AppData\Local\Temp\ccHiga2y.s 			page 19


 731 00ae 18       		.uleb128 0x18
 732 00af 9742     		.uleb128 0x2117
 733 00b1 19       		.uleb128 0x19
 734 00b2 01       		.uleb128 0x1
 735 00b3 13       		.uleb128 0x13
 736 00b4 00       		.byte	0
 737 00b5 00       		.byte	0
 738 00b6 0E       		.uleb128 0xe
 739 00b7 0B       		.uleb128 0xb
 740 00b8 01       		.byte	0x1
 741 00b9 11       		.uleb128 0x11
 742 00ba 01       		.uleb128 0x1
 743 00bb 12       		.uleb128 0x12
 744 00bc 06       		.uleb128 0x6
 745 00bd 01       		.uleb128 0x1
 746 00be 13       		.uleb128 0x13
 747 00bf 00       		.byte	0
 748 00c0 00       		.byte	0
 749 00c1 0F       		.uleb128 0xf
 750 00c2 13       		.uleb128 0x13
 751 00c3 01       		.byte	0x1
 752 00c4 0B       		.uleb128 0xb
 753 00c5 0B       		.uleb128 0xb
 754 00c6 3A       		.uleb128 0x3a
 755 00c7 0B       		.uleb128 0xb
 756 00c8 3B       		.uleb128 0x3b
 757 00c9 0B       		.uleb128 0xb
 758 00ca 01       		.uleb128 0x1
 759 00cb 13       		.uleb128 0x13
 760 00cc 00       		.byte	0
 761 00cd 00       		.byte	0
 762 00ce 10       		.uleb128 0x10
 763 00cf 0D       		.uleb128 0xd
 764 00d0 00       		.byte	0
 765 00d1 03       		.uleb128 0x3
 766 00d2 0E       		.uleb128 0xe
 767 00d3 3A       		.uleb128 0x3a
 768 00d4 0B       		.uleb128 0xb
 769 00d5 3B       		.uleb128 0x3b
 770 00d6 0B       		.uleb128 0xb
 771 00d7 49       		.uleb128 0x49
 772 00d8 13       		.uleb128 0x13
 773 00d9 38       		.uleb128 0x38
 774 00da 0B       		.uleb128 0xb
 775 00db 00       		.byte	0
 776 00dc 00       		.byte	0
 777 00dd 11       		.uleb128 0x11
 778 00de 01       		.uleb128 0x1
 779 00df 01       		.byte	0x1
 780 00e0 49       		.uleb128 0x49
 781 00e1 13       		.uleb128 0x13
 782 00e2 01       		.uleb128 0x1
 783 00e3 13       		.uleb128 0x13
 784 00e4 00       		.byte	0
 785 00e5 00       		.byte	0
 786 00e6 12       		.uleb128 0x12
 787 00e7 21       		.uleb128 0x21
ARM GAS  C:\Users\luann\AppData\Local\Temp\ccHiga2y.s 			page 20


 788 00e8 00       		.byte	0
 789 00e9 49       		.uleb128 0x49
 790 00ea 13       		.uleb128 0x13
 791 00eb 2F       		.uleb128 0x2f
 792 00ec 0B       		.uleb128 0xb
 793 00ed 00       		.byte	0
 794 00ee 00       		.byte	0
 795 00ef 13       		.uleb128 0x13
 796 00f0 26       		.uleb128 0x26
 797 00f1 00       		.byte	0
 798 00f2 49       		.uleb128 0x49
 799 00f3 13       		.uleb128 0x13
 800 00f4 00       		.byte	0
 801 00f5 00       		.byte	0
 802 00f6 14       		.uleb128 0x14
 803 00f7 34       		.uleb128 0x34
 804 00f8 00       		.byte	0
 805 00f9 03       		.uleb128 0x3
 806 00fa 0E       		.uleb128 0xe
 807 00fb 3A       		.uleb128 0x3a
 808 00fc 0B       		.uleb128 0xb
 809 00fd 3B       		.uleb128 0x3b
 810 00fe 0B       		.uleb128 0xb
 811 00ff 49       		.uleb128 0x49
 812 0100 13       		.uleb128 0x13
 813 0101 02       		.uleb128 0x2
 814 0102 18       		.uleb128 0x18
 815 0103 00       		.byte	0
 816 0104 00       		.byte	0
 817 0105 15       		.uleb128 0x15
 818 0106 34       		.uleb128 0x34
 819 0107 00       		.byte	0
 820 0108 03       		.uleb128 0x3
 821 0109 08       		.uleb128 0x8
 822 010a 3A       		.uleb128 0x3a
 823 010b 0B       		.uleb128 0xb
 824 010c 3B       		.uleb128 0x3b
 825 010d 05       		.uleb128 0x5
 826 010e 49       		.uleb128 0x49
 827 010f 13       		.uleb128 0x13
 828 0110 02       		.uleb128 0x2
 829 0111 17       		.uleb128 0x17
 830 0112 00       		.byte	0
 831 0113 00       		.byte	0
 832 0114 16       		.uleb128 0x16
 833 0115 0B       		.uleb128 0xb
 834 0116 01       		.byte	0x1
 835 0117 11       		.uleb128 0x11
 836 0118 01       		.uleb128 0x1
 837 0119 12       		.uleb128 0x12
 838 011a 06       		.uleb128 0x6
 839 011b 00       		.byte	0
 840 011c 00       		.byte	0
 841 011d 17       		.uleb128 0x17
 842 011e 0F       		.uleb128 0xf
 843 011f 00       		.byte	0
 844 0120 0B       		.uleb128 0xb
ARM GAS  C:\Users\luann\AppData\Local\Temp\ccHiga2y.s 			page 21


 845 0121 0B       		.uleb128 0xb
 846 0122 49       		.uleb128 0x49
 847 0123 13       		.uleb128 0x13
 848 0124 00       		.byte	0
 849 0125 00       		.byte	0
 850 0126 18       		.uleb128 0x18
 851 0127 898201   		.uleb128 0x4109
 852 012a 00       		.byte	0
 853 012b 11       		.uleb128 0x11
 854 012c 01       		.uleb128 0x1
 855 012d 31       		.uleb128 0x31
 856 012e 13       		.uleb128 0x13
 857 012f 00       		.byte	0
 858 0130 00       		.byte	0
 859 0131 19       		.uleb128 0x19
 860 0132 2E       		.uleb128 0x2e
 861 0133 00       		.byte	0
 862 0134 3F       		.uleb128 0x3f
 863 0135 19       		.uleb128 0x19
 864 0136 3C       		.uleb128 0x3c
 865 0137 19       		.uleb128 0x19
 866 0138 6E       		.uleb128 0x6e
 867 0139 0E       		.uleb128 0xe
 868 013a 03       		.uleb128 0x3
 869 013b 0E       		.uleb128 0xe
 870 013c 00       		.byte	0
 871 013d 00       		.byte	0
 872 013e 1A       		.uleb128 0x1a
 873 013f 2E       		.uleb128 0x2e
 874 0140 00       		.byte	0
 875 0141 3F       		.uleb128 0x3f
 876 0142 19       		.uleb128 0x19
 877 0143 3C       		.uleb128 0x3c
 878 0144 19       		.uleb128 0x19
 879 0145 6E       		.uleb128 0x6e
 880 0146 0E       		.uleb128 0xe
 881 0147 03       		.uleb128 0x3
 882 0148 0E       		.uleb128 0xe
 883 0149 3A       		.uleb128 0x3a
 884 014a 0B       		.uleb128 0xb
 885 014b 3B       		.uleb128 0x3b
 886 014c 0B       		.uleb128 0xb
 887 014d 00       		.byte	0
 888 014e 00       		.byte	0
 889 014f 00       		.byte	0
 890              		.section	.debug_loc,"",%progbits
 891              	.Ldebug_loc0:
 892              	.LLST0:
 893 0000 00000000 		.4byte	.LVL0
 894 0004 09000000 		.4byte	.LVL2-1
 895 0008 0100     		.2byte	0x1
 896 000a 50       		.byte	0x50
 897 000b 09000000 		.4byte	.LVL2-1
 898 000f 0C000000 		.4byte	.LFE0
 899 0013 0400     		.2byte	0x4
 900 0015 F3       		.byte	0xf3
 901 0016 01       		.uleb128 0x1
ARM GAS  C:\Users\luann\AppData\Local\Temp\ccHiga2y.s 			page 22


 902 0017 50       		.byte	0x50
 903 0018 9F       		.byte	0x9f
 904 0019 00000000 		.4byte	0
 905 001d 00000000 		.4byte	0
 906              	.LLST1:
 907 0021 00000000 		.4byte	.LVL0
 908 0025 06000000 		.4byte	.LVL1
 909 0029 0100     		.2byte	0x1
 910 002b 51       		.byte	0x51
 911 002c 06000000 		.4byte	.LVL1
 912 0030 09000000 		.4byte	.LVL2-1
 913 0034 0100     		.2byte	0x1
 914 0036 52       		.byte	0x52
 915 0037 09000000 		.4byte	.LVL2-1
 916 003b 0C000000 		.4byte	.LFE0
 917 003f 0400     		.2byte	0x4
 918 0041 F3       		.byte	0xf3
 919 0042 01       		.uleb128 0x1
 920 0043 51       		.byte	0x51
 921 0044 9F       		.byte	0x9f
 922 0045 00000000 		.4byte	0
 923 0049 00000000 		.4byte	0
 924              	.LLST2:
 925 004d 60000000 		.4byte	.LVL6
 926 0051 64000000 		.4byte	.LVL7
 927 0055 0200     		.2byte	0x2
 928 0057 30       		.byte	0x30
 929 0058 9F       		.byte	0x9f
 930 0059 64000000 		.4byte	.LVL7
 931 005d 82000000 		.4byte	.LVL9
 932 0061 0100     		.2byte	0x1
 933 0063 54       		.byte	0x54
 934 0064 84000000 		.4byte	.LVL10
 935 0068 BE000000 		.4byte	.LVL12
 936 006c 0100     		.2byte	0x1
 937 006e 54       		.byte	0x54
 938 006f 00000000 		.4byte	0
 939 0073 00000000 		.4byte	0
 940              	.LLST3:
 941 0077 64000000 		.4byte	.LVL7
 942 007b 82000000 		.4byte	.LVL9
 943 007f 0B00     		.2byte	0xb
 944 0081 74       		.byte	0x74
 945 0082 00       		.sleb128 0
 946 0083 36       		.byte	0x36
 947 0084 1E       		.byte	0x1e
 948 0085 03       		.byte	0x3
 949 0086 00000000 		.4byte	cfg_memset_list.4847
 950 008a 22       		.byte	0x22
 951 008b 9F       		.byte	0x9f
 952 008c 82000000 		.4byte	.LVL9
 953 0090 84000000 		.4byte	.LVL10
 954 0094 0B00     		.2byte	0xb
 955 0096 74       		.byte	0x74
 956 0097 7F       		.sleb128 -1
 957 0098 36       		.byte	0x36
 958 0099 1E       		.byte	0x1e
ARM GAS  C:\Users\luann\AppData\Local\Temp\ccHiga2y.s 			page 23


 959 009a 03       		.byte	0x3
 960 009b 00000000 		.4byte	cfg_memset_list.4847
 961 009f 22       		.byte	0x22
 962 00a0 9F       		.byte	0x9f
 963 00a1 00000000 		.4byte	0
 964 00a5 00000000 		.4byte	0
 965              		.section	.debug_aranges,"",%progbits
 966 0000 2C000000 		.4byte	0x2c
 967 0004 0200     		.2byte	0x2
 968 0006 00000000 		.4byte	.Ldebug_info0
 969 000a 04       		.byte	0x4
 970 000b 00       		.byte	0
 971 000c 0000     		.2byte	0
 972 000e 0000     		.2byte	0
 973 0010 00000000 		.4byte	.LFB0
 974 0014 0C000000 		.4byte	.LFE0-.LFB0
 975 0018 00000000 		.4byte	.LFB3
 976 001c 5C000000 		.4byte	.LFE3-.LFB3
 977 0020 5C000000 		.4byte	.LFB5
 978 0024 8C000000 		.4byte	.LFE5-.LFB5
 979 0028 00000000 		.4byte	0
 980 002c 00000000 		.4byte	0
 981              		.section	.debug_ranges,"",%progbits
 982              	.Ldebug_ranges0:
 983 0000 00000000 		.4byte	.LFB0
 984 0004 0C000000 		.4byte	.LFE0
 985 0008 00000000 		.4byte	.LFB3
 986 000c 5C000000 		.4byte	.LFE3
 987 0010 5C000000 		.4byte	.LFB5
 988 0014 E8000000 		.4byte	.LFE5
 989 0018 00000000 		.4byte	0
 990 001c 00000000 		.4byte	0
 991              		.section	.debug_line,"",%progbits
 992              	.Ldebug_line0:
 993 0000 29010000 		.section	.debug_str,"MS",%progbits,1
 993      0200D600 
 993      00000201 
 993      FB0E0D00 
 993      01010101 
 994              	.LASF19:
 995 0000 72656733 		.ascii	"reg32\000"
 995      3200
 996              	.LASF12:
 997 0006 73697A65 		.ascii	"size_t\000"
 997      5F7400
 998              	.LASF27:
 999 000d 4379496E 		.ascii	"CyIntSetVector\000"
 999      74536574 
 999      56656374 
 999      6F7200
 1000              	.LASF25:
 1001 001c 6366675F 		.ascii	"cfg_memset_list\000"
 1001      6D656D73 
 1001      65745F6C 
 1001      69737400 
 1002              	.LASF21:
 1003 002c 436C6F63 		.ascii	"ClockSetup\000"
ARM GAS  C:\Users\luann\AppData\Local\Temp\ccHiga2y.s 			page 24


 1003      6B536574 
 1003      757000
 1004              	.LASF6:
 1005 0037 73686F72 		.ascii	"short unsigned int\000"
 1005      7420756E 
 1005      7369676E 
 1005      65642069 
 1005      6E7400
 1006              	.LASF16:
 1007 004a 666C6F61 		.ascii	"float\000"
 1007      7400
 1008              	.LASF23:
 1009 0050 73697A65 		.ascii	"size\000"
 1009      00
 1010              	.LASF18:
 1011 0055 72656738 		.ascii	"reg8\000"
 1011      00
 1012              	.LASF8:
 1013 005a 6C6F6E67 		.ascii	"long unsigned int\000"
 1013      20756E73 
 1013      69676E65 
 1013      6420696E 
 1013      7400
 1014              	.LASF13:
 1015 006c 75696E74 		.ascii	"uint8\000"
 1015      3800
 1016              	.LASF20:
 1017 0072 43594D45 		.ascii	"CYMEMZERO\000"
 1017      4D5A4552 
 1017      4F00
 1018              	.LASF4:
 1019 007c 756E7369 		.ascii	"unsigned char\000"
 1019      676E6564 
 1019      20636861 
 1019      7200
 1020              	.LASF33:
 1021 008a 6D656D73 		.ascii	"memset\000"
 1021      657400
 1022              	.LASF17:
 1023 0091 646F7562 		.ascii	"double\000"
 1023      6C6500
 1024              	.LASF28:
 1025 0098 4379496E 		.ascii	"CyIntEnable\000"
 1025      74456E61 
 1025      626C6500 
 1026              	.LASF14:
 1027 00a4 75696E74 		.ascii	"uint16\000"
 1027      313600
 1028              	.LASF15:
 1029 00ab 75696E74 		.ascii	"uint32\000"
 1029      333200
 1030              	.LASF0:
 1031 00b2 756E7369 		.ascii	"unsigned int\000"
 1031      676E6564 
 1031      20696E74 
 1031      00
 1032              	.LASF32:
ARM GAS  C:\Users\luann\AppData\Local\Temp\ccHiga2y.s 			page 25


 1033 00bf 63796669 		.ascii	"cyfitter_cfg\000"
 1033      74746572 
 1033      5F636667 
 1033      00
 1034              	.LASF22:
 1035 00cc 61646472 		.ascii	"address\000"
 1035      65737300 
 1036              	.LASF9:
 1037 00d4 6C6F6E67 		.ascii	"long long unsigned int\000"
 1037      206C6F6E 
 1037      6720756E 
 1037      7369676E 
 1037      65642069 
 1038              	.LASF29:
 1039 00eb 474E5520 		.ascii	"GNU C11 5.4.1 20160609 (release) [ARM/embedded-5-br"
 1039      43313120 
 1039      352E342E 
 1039      31203230 
 1039      31363036 
 1040 011e 616E6368 		.ascii	"anch revision 237715] -mcpu=cortex-m0 -mthumb -g -O"
 1040      20726576 
 1040      6973696F 
 1040      6E203233 
 1040      37373135 
 1041 0151 67202D66 		.ascii	"g -ffunction-sections -ffat-lto-objects\000"
 1041      66756E63 
 1041      74696F6E 
 1041      2D736563 
 1041      74696F6E 
 1042              	.LASF24:
 1043 0179 6366675F 		.ascii	"cfg_memset_t\000"
 1043      6D656D73 
 1043      65745F74 
 1043      00
 1044              	.LASF10:
 1045 0186 73697A65 		.ascii	"sizetype\000"
 1045      74797065 
 1045      00
 1046              	.LASF31:
 1047 018f 433A5C55 		.ascii	"C:\\Users\\luann\\OneDrive\\Documents\\PSoC Creator"
 1047      73657273 
 1047      5C6C7561 
 1047      6E6E5C4F 
 1047      6E654472 
 1048 01bd 5C332E31 		.ascii	"\\3.1 Servo motor 0906\\Design01.cydsn\000"
 1048      20536572 
 1048      766F206D 
 1048      6F746F72 
 1048      20303930 
 1049              	.LASF1:
 1050 01e2 6C6F6E67 		.ascii	"long long int\000"
 1050      206C6F6E 
 1050      6720696E 
 1050      7400
 1051              	.LASF11:
 1052 01f0 63686172 		.ascii	"char\000"
 1052      00
ARM GAS  C:\Users\luann\AppData\Local\Temp\ccHiga2y.s 			page 26


 1053              	.LASF5:
 1054 01f5 73686F72 		.ascii	"short int\000"
 1054      7420696E 
 1054      7400
 1055              	.LASF26:
 1056 01ff 43795379 		.ascii	"CySysClkWriteImoFreq\000"
 1056      73436C6B 
 1056      57726974 
 1056      65496D6F 
 1056      46726571 
 1057              	.LASF7:
 1058 0214 6C6F6E67 		.ascii	"long int\000"
 1058      20696E74 
 1058      00
 1059              	.LASF2:
 1060 021d 6C6F6E67 		.ascii	"long double\000"
 1060      20646F75 
 1060      626C6500 
 1061              	.LASF3:
 1062 0229 7369676E 		.ascii	"signed char\000"
 1062      65642063 
 1062      68617200 
 1063              	.LASF30:
 1064 0235 47656E65 		.ascii	"Generated_Source\\PSoC4\\cyfitter_cfg.c\000"
 1064      72617465 
 1064      645F536F 
 1064      75726365 
 1064      5C50536F 
 1065              		.ident	"GCC: (GNU Tools for ARM Embedded Processors) 5.4.1 20160609 (release) [ARM/embedded-5-bran
