ARM GAS  C:\Users\luann\AppData\Local\Temp\ccB9Fd8o.s 			page 1


   1              		.syntax unified
   2              		.cpu cortex-m0
   3              		.fpu softvfp
   4              		.eabi_attribute 20, 1
   5              		.eabi_attribute 21, 1
   6              		.eabi_attribute 23, 3
   7              		.eabi_attribute 24, 1
   8              		.eabi_attribute 25, 1
   9              		.eabi_attribute 26, 1
  10              		.eabi_attribute 30, 1
  11              		.eabi_attribute 34, 0
  12              		.eabi_attribute 18, 4
  13              		.thumb
  14              		.syntax unified
  15              		.file	"main.c"
  16              		.text
  17              	.Ltext0:
  18              		.cfi_sections	.debug_frame
  19              		.section	.text.main,"ax",%progbits
  20              		.align	2
  21              		.global	main
  22              		.code	16
  23              		.thumb_func
  24              		.type	main, %function
  25              	main:
  26              	.LFB32:
  27              		.file 1 "main.c"
   1:main.c        **** /* ========================================
   2:main.c        ****  *
   3:main.c        ****  * Copyright YOUR COMPANY, THE YEAR
   4:main.c        ****  * All Rights Reserved
   5:main.c        ****  * UNPUBLISHED, LICENSED SOFTWARE.
   6:main.c        ****  *
   7:main.c        ****  * CONFIDENTIAL AND PROPRIETARY INFORMATION
   8:main.c        ****  * WHICH IS THE PROPERTY OF your company.
   9:main.c        ****  *
  10:main.c        ****  * ========================================
  11:main.c        **** */
  12:main.c        **** #include "project.h"
  13:main.c        **** 
  14:main.c        **** int main(void)
  15:main.c        **** {
  28              		.loc 1 15 0
  29              		.cfi_startproc
  30              		@ args = 0, pretend = 0, frame = 0
  31              		@ frame_needed = 0, uses_anonymous_args = 0
  32 0000 70B5     		push	{r4, r5, r6, lr}
  33              		.cfi_def_cfa_offset 16
  34              		.cfi_offset 4, -16
  35              		.cfi_offset 5, -12
  36              		.cfi_offset 6, -8
  37              		.cfi_offset 14, -4
  16:main.c        ****     CyGlobalIntEnable; /* Enable global interrupts. */
  38              		.loc 1 16 0
  39              		.syntax divided
  40              	@ 16 "main.c" 1
  41 0002 62B6     		CPSIE   i
ARM GAS  C:\Users\luann\AppData\Local\Temp\ccB9Fd8o.s 			page 2


  42              	@ 0 "" 2
  43              	.LVL0:
  17:main.c        **** 
  18:main.c        ****     /* Place your initialization/startup code here (e.g. MyInst_Start()) */
  19:main.c        ****     int P;
  20:main.c        ****     P = 1500;
  44              		.loc 1 20 0
  45              		.thumb
  46              		.syntax unified
  47 0004 104D     		ldr	r5, .L5
  48              	.LVL1:
  49              	.L4:
  21:main.c        ****     for(;;)
  22:main.c        ****     {
  23:main.c        **** 
  24:main.c        ****         
  25:main.c        ****         if ((Pin_DIM_Read()==1) && (P>1000)){ 
  50              		.loc 1 25 0
  51 0006 FFF7FEFF 		bl	Pin_DIM_Read
  52              	.LVL2:
  53 000a 0128     		cmp	r0, #1
  54 000c 04D1     		bne	.L2
  55              		.loc 1 25 0 is_stmt 0 discriminator 1
  56 000e FA23     		movs	r3, #250
  57 0010 9B00     		lsls	r3, r3, #2
  58 0012 9D42     		cmp	r5, r3
  59 0014 00DD     		ble	.L2
  26:main.c        ****         P-=200;
  60              		.loc 1 26 0 is_stmt 1
  61 0016 C83D     		subs	r5, r5, #200
  62              	.LVL3:
  63              	.L2:
  27:main.c        ****             }
  28:main.c        ****         if ((Pin_AUM_Read()==0 ) &&( P<2000)) {
  64              		.loc 1 28 0
  65 0018 FFF7FEFF 		bl	Pin_AUM_Read
  66              	.LVL4:
  67 001c 0028     		cmp	r0, #0
  68 001e 03D1     		bne	.L3
  69              		.loc 1 28 0 is_stmt 0 discriminator 1
  70 0020 0A4B     		ldr	r3, .L5+4
  71 0022 9D42     		cmp	r5, r3
  72 0024 00DC     		bgt	.L3
  29:main.c        ****         P+=200;
  73              		.loc 1 29 0 is_stmt 1
  74 0026 C835     		adds	r5, r5, #200
  75              	.LVL5:
  76              	.L3:
  30:main.c        ****         }
  31:main.c        ****         
  32:main.c        ****         pino_saida_Write(1);
  77              		.loc 1 32 0
  78 0028 0120     		movs	r0, #1
  79 002a FFF7FEFF 		bl	pino_saida_Write
  80              	.LVL6:
  33:main.c        ****         CyDelayUs(P);                                                                              
  81              		.loc 1 33 0
ARM GAS  C:\Users\luann\AppData\Local\Temp\ccB9Fd8o.s 			page 3


  82 002e ACB2     		uxth	r4, r5
  83 0030 2000     		movs	r0, r4
  84 0032 FFF7FEFF 		bl	CyDelayUs
  85              	.LVL7:
  34:main.c        ****         pino_saida_Write(0);
  86              		.loc 1 34 0
  87 0036 0020     		movs	r0, #0
  88 0038 FFF7FEFF 		bl	pino_saida_Write
  89              	.LVL8:
  35:main.c        ****         CyDelayUs(20000-P);
  90              		.loc 1 35 0
  91 003c 0448     		ldr	r0, .L5+8
  92 003e 001B     		subs	r0, r0, r4
  93 0040 80B2     		uxth	r0, r0
  94 0042 FFF7FEFF 		bl	CyDelayUs
  95              	.LVL9:
  36:main.c        **** 
  37:main.c        **** }}
  96              		.loc 1 37 0
  97 0046 DEE7     		b	.L4
  98              	.L6:
  99              		.align	2
 100              	.L5:
 101 0048 DC050000 		.word	1500
 102 004c CF070000 		.word	1999
 103 0050 204E0000 		.word	20000
 104              		.cfi_endproc
 105              	.LFE32:
 106              		.size	main, .-main
 107              		.text
 108              	.Letext0:
 109              		.file 2 "Generated_Source\\PSoC4/Pin_DIM.h"
 110              		.file 3 "Generated_Source\\PSoC4/Pin_AUM.h"
 111              		.file 4 "Generated_Source\\PSoC4/pino_saida.h"
 112              		.file 5 "Generated_Source\\PSoC4/CyLib.h"
 113              		.section	.debug_info,"",%progbits
 114              	.Ldebug_info0:
 115 0000 3E010000 		.4byte	0x13e
 116 0004 0400     		.2byte	0x4
 117 0006 00000000 		.4byte	.Ldebug_abbrev0
 118 000a 04       		.byte	0x4
 119 000b 01       		.uleb128 0x1
 120 000c F4000000 		.4byte	.LASF18
 121 0010 0C       		.byte	0xc
 122 0011 1B000000 		.4byte	.LASF19
 123 0015 5A000000 		.4byte	.LASF20
 124 0019 00000000 		.4byte	.Ldebug_ranges0+0
 125 001d 00000000 		.4byte	0
 126 0021 00000000 		.4byte	.Ldebug_line0
 127 0025 02       		.uleb128 0x2
 128 0026 01       		.byte	0x1
 129 0027 06       		.byte	0x6
 130 0028 95010000 		.4byte	.LASF0
 131 002c 02       		.uleb128 0x2
 132 002d 01       		.byte	0x1
 133 002e 08       		.byte	0x8
 134 002f C0000000 		.4byte	.LASF1
ARM GAS  C:\Users\luann\AppData\Local\Temp\ccB9Fd8o.s 			page 4


 135 0033 02       		.uleb128 0x2
 136 0034 02       		.byte	0x2
 137 0035 05       		.byte	0x5
 138 0036 AD010000 		.4byte	.LASF2
 139 003a 02       		.uleb128 0x2
 140 003b 02       		.byte	0x2
 141 003c 07       		.byte	0x7
 142 003d 82010000 		.4byte	.LASF3
 143 0041 02       		.uleb128 0x2
 144 0042 04       		.byte	0x4
 145 0043 05       		.byte	0x5
 146 0044 D3000000 		.4byte	.LASF4
 147 0048 02       		.uleb128 0x2
 148 0049 04       		.byte	0x4
 149 004a 07       		.byte	0x7
 150 004b 31000000 		.4byte	.LASF5
 151 004f 02       		.uleb128 0x2
 152 0050 08       		.byte	0x8
 153 0051 05       		.byte	0x5
 154 0052 00000000 		.4byte	.LASF6
 155 0056 02       		.uleb128 0x2
 156 0057 08       		.byte	0x8
 157 0058 07       		.byte	0x7
 158 0059 43000000 		.4byte	.LASF7
 159 005d 03       		.uleb128 0x3
 160 005e 04       		.byte	0x4
 161 005f 05       		.byte	0x5
 162 0060 696E7400 		.ascii	"int\000"
 163 0064 02       		.uleb128 0x2
 164 0065 04       		.byte	0x4
 165 0066 07       		.byte	0x7
 166 0067 0E000000 		.4byte	.LASF8
 167 006b 02       		.uleb128 0x2
 168 006c 04       		.byte	0x4
 169 006d 04       		.byte	0x4
 170 006e AD000000 		.4byte	.LASF9
 171 0072 02       		.uleb128 0x2
 172 0073 08       		.byte	0x8
 173 0074 04       		.byte	0x4
 174 0075 ED000000 		.4byte	.LASF10
 175 0079 02       		.uleb128 0x2
 176 007a 01       		.byte	0x1
 177 007b 08       		.byte	0x8
 178 007c CE000000 		.4byte	.LASF11
 179 0080 02       		.uleb128 0x2
 180 0081 04       		.byte	0x4
 181 0082 07       		.byte	0x7
 182 0083 C4010000 		.4byte	.LASF12
 183 0087 02       		.uleb128 0x2
 184 0088 08       		.byte	0x8
 185 0089 04       		.byte	0x4
 186 008a A1010000 		.4byte	.LASF13
 187 008e 04       		.uleb128 0x4
 188 008f 22000000 		.4byte	.LASF21
 189 0093 01       		.byte	0x1
 190 0094 0E       		.byte	0xe
 191 0095 5D000000 		.4byte	0x5d
ARM GAS  C:\Users\luann\AppData\Local\Temp\ccB9Fd8o.s 			page 5


 192 0099 00000000 		.4byte	.LFB32
 193 009d 54000000 		.4byte	.LFE32-.LFB32
 194 00a1 01       		.uleb128 0x1
 195 00a2 9C       		.byte	0x9c
 196 00a3 15010000 		.4byte	0x115
 197 00a7 05       		.uleb128 0x5
 198 00a8 5000     		.ascii	"P\000"
 199 00aa 01       		.byte	0x1
 200 00ab 13       		.byte	0x13
 201 00ac 5D000000 		.4byte	0x5d
 202 00b0 00000000 		.4byte	.LLST0
 203 00b4 06       		.uleb128 0x6
 204 00b5 0A000000 		.4byte	.LVL2
 205 00b9 15010000 		.4byte	0x115
 206 00bd 06       		.uleb128 0x6
 207 00be 1C000000 		.4byte	.LVL4
 208 00c2 20010000 		.4byte	0x120
 209 00c6 07       		.uleb128 0x7
 210 00c7 2E000000 		.4byte	.LVL6
 211 00cb 2B010000 		.4byte	0x12b
 212 00cf D9000000 		.4byte	0xd9
 213 00d3 08       		.uleb128 0x8
 214 00d4 01       		.uleb128 0x1
 215 00d5 50       		.byte	0x50
 216 00d6 01       		.uleb128 0x1
 217 00d7 31       		.byte	0x31
 218 00d8 00       		.byte	0
 219 00d9 07       		.uleb128 0x7
 220 00da 36000000 		.4byte	.LVL7
 221 00de 36010000 		.4byte	0x136
 222 00e2 ED000000 		.4byte	0xed
 223 00e6 08       		.uleb128 0x8
 224 00e7 01       		.uleb128 0x1
 225 00e8 50       		.byte	0x50
 226 00e9 02       		.uleb128 0x2
 227 00ea 74       		.byte	0x74
 228 00eb 00       		.sleb128 0
 229 00ec 00       		.byte	0
 230 00ed 07       		.uleb128 0x7
 231 00ee 3C000000 		.4byte	.LVL8
 232 00f2 2B010000 		.4byte	0x12b
 233 00f6 00010000 		.4byte	0x100
 234 00fa 08       		.uleb128 0x8
 235 00fb 01       		.uleb128 0x1
 236 00fc 50       		.byte	0x50
 237 00fd 01       		.uleb128 0x1
 238 00fe 30       		.byte	0x30
 239 00ff 00       		.byte	0
 240 0100 09       		.uleb128 0x9
 241 0101 46000000 		.4byte	.LVL9
 242 0105 36010000 		.4byte	0x136
 243 0109 08       		.uleb128 0x8
 244 010a 01       		.uleb128 0x1
 245 010b 50       		.byte	0x50
 246 010c 06       		.uleb128 0x6
 247 010d 0A       		.byte	0xa
 248 010e 204E     		.2byte	0x4e20
ARM GAS  C:\Users\luann\AppData\Local\Temp\ccB9Fd8o.s 			page 6


 249 0110 74       		.byte	0x74
 250 0111 00       		.sleb128 0
 251 0112 1C       		.byte	0x1c
 252 0113 00       		.byte	0
 253 0114 00       		.byte	0
 254 0115 0A       		.uleb128 0xa
 255 0116 B7010000 		.4byte	.LASF14
 256 011a B7010000 		.4byte	.LASF14
 257 011e 02       		.byte	0x2
 258 011f 32       		.byte	0x32
 259 0120 0A       		.uleb128 0xa
 260 0121 B3000000 		.4byte	.LASF15
 261 0125 B3000000 		.4byte	.LASF15
 262 0129 03       		.byte	0x3
 263 012a 32       		.byte	0x32
 264 012b 0A       		.uleb128 0xa
 265 012c DC000000 		.4byte	.LASF16
 266 0130 DC000000 		.4byte	.LASF16
 267 0134 04       		.byte	0x4
 268 0135 33       		.byte	0x33
 269 0136 0A       		.uleb128 0xa
 270 0137 27000000 		.4byte	.LASF17
 271 013b 27000000 		.4byte	.LASF17
 272 013f 05       		.byte	0x5
 273 0140 ED       		.byte	0xed
 274 0141 00       		.byte	0
 275              		.section	.debug_abbrev,"",%progbits
 276              	.Ldebug_abbrev0:
 277 0000 01       		.uleb128 0x1
 278 0001 11       		.uleb128 0x11
 279 0002 01       		.byte	0x1
 280 0003 25       		.uleb128 0x25
 281 0004 0E       		.uleb128 0xe
 282 0005 13       		.uleb128 0x13
 283 0006 0B       		.uleb128 0xb
 284 0007 03       		.uleb128 0x3
 285 0008 0E       		.uleb128 0xe
 286 0009 1B       		.uleb128 0x1b
 287 000a 0E       		.uleb128 0xe
 288 000b 55       		.uleb128 0x55
 289 000c 17       		.uleb128 0x17
 290 000d 11       		.uleb128 0x11
 291 000e 01       		.uleb128 0x1
 292 000f 10       		.uleb128 0x10
 293 0010 17       		.uleb128 0x17
 294 0011 00       		.byte	0
 295 0012 00       		.byte	0
 296 0013 02       		.uleb128 0x2
 297 0014 24       		.uleb128 0x24
 298 0015 00       		.byte	0
 299 0016 0B       		.uleb128 0xb
 300 0017 0B       		.uleb128 0xb
 301 0018 3E       		.uleb128 0x3e
 302 0019 0B       		.uleb128 0xb
 303 001a 03       		.uleb128 0x3
 304 001b 0E       		.uleb128 0xe
 305 001c 00       		.byte	0
ARM GAS  C:\Users\luann\AppData\Local\Temp\ccB9Fd8o.s 			page 7


 306 001d 00       		.byte	0
 307 001e 03       		.uleb128 0x3
 308 001f 24       		.uleb128 0x24
 309 0020 00       		.byte	0
 310 0021 0B       		.uleb128 0xb
 311 0022 0B       		.uleb128 0xb
 312 0023 3E       		.uleb128 0x3e
 313 0024 0B       		.uleb128 0xb
 314 0025 03       		.uleb128 0x3
 315 0026 08       		.uleb128 0x8
 316 0027 00       		.byte	0
 317 0028 00       		.byte	0
 318 0029 04       		.uleb128 0x4
 319 002a 2E       		.uleb128 0x2e
 320 002b 01       		.byte	0x1
 321 002c 3F       		.uleb128 0x3f
 322 002d 19       		.uleb128 0x19
 323 002e 03       		.uleb128 0x3
 324 002f 0E       		.uleb128 0xe
 325 0030 3A       		.uleb128 0x3a
 326 0031 0B       		.uleb128 0xb
 327 0032 3B       		.uleb128 0x3b
 328 0033 0B       		.uleb128 0xb
 329 0034 27       		.uleb128 0x27
 330 0035 19       		.uleb128 0x19
 331 0036 49       		.uleb128 0x49
 332 0037 13       		.uleb128 0x13
 333 0038 8701     		.uleb128 0x87
 334 003a 19       		.uleb128 0x19
 335 003b 11       		.uleb128 0x11
 336 003c 01       		.uleb128 0x1
 337 003d 12       		.uleb128 0x12
 338 003e 06       		.uleb128 0x6
 339 003f 40       		.uleb128 0x40
 340 0040 18       		.uleb128 0x18
 341 0041 9742     		.uleb128 0x2117
 342 0043 19       		.uleb128 0x19
 343 0044 01       		.uleb128 0x1
 344 0045 13       		.uleb128 0x13
 345 0046 00       		.byte	0
 346 0047 00       		.byte	0
 347 0048 05       		.uleb128 0x5
 348 0049 34       		.uleb128 0x34
 349 004a 00       		.byte	0
 350 004b 03       		.uleb128 0x3
 351 004c 08       		.uleb128 0x8
 352 004d 3A       		.uleb128 0x3a
 353 004e 0B       		.uleb128 0xb
 354 004f 3B       		.uleb128 0x3b
 355 0050 0B       		.uleb128 0xb
 356 0051 49       		.uleb128 0x49
 357 0052 13       		.uleb128 0x13
 358 0053 02       		.uleb128 0x2
 359 0054 17       		.uleb128 0x17
 360 0055 00       		.byte	0
 361 0056 00       		.byte	0
 362 0057 06       		.uleb128 0x6
ARM GAS  C:\Users\luann\AppData\Local\Temp\ccB9Fd8o.s 			page 8


 363 0058 898201   		.uleb128 0x4109
 364 005b 00       		.byte	0
 365 005c 11       		.uleb128 0x11
 366 005d 01       		.uleb128 0x1
 367 005e 31       		.uleb128 0x31
 368 005f 13       		.uleb128 0x13
 369 0060 00       		.byte	0
 370 0061 00       		.byte	0
 371 0062 07       		.uleb128 0x7
 372 0063 898201   		.uleb128 0x4109
 373 0066 01       		.byte	0x1
 374 0067 11       		.uleb128 0x11
 375 0068 01       		.uleb128 0x1
 376 0069 31       		.uleb128 0x31
 377 006a 13       		.uleb128 0x13
 378 006b 01       		.uleb128 0x1
 379 006c 13       		.uleb128 0x13
 380 006d 00       		.byte	0
 381 006e 00       		.byte	0
 382 006f 08       		.uleb128 0x8
 383 0070 8A8201   		.uleb128 0x410a
 384 0073 00       		.byte	0
 385 0074 02       		.uleb128 0x2
 386 0075 18       		.uleb128 0x18
 387 0076 9142     		.uleb128 0x2111
 388 0078 18       		.uleb128 0x18
 389 0079 00       		.byte	0
 390 007a 00       		.byte	0
 391 007b 09       		.uleb128 0x9
 392 007c 898201   		.uleb128 0x4109
 393 007f 01       		.byte	0x1
 394 0080 11       		.uleb128 0x11
 395 0081 01       		.uleb128 0x1
 396 0082 31       		.uleb128 0x31
 397 0083 13       		.uleb128 0x13
 398 0084 00       		.byte	0
 399 0085 00       		.byte	0
 400 0086 0A       		.uleb128 0xa
 401 0087 2E       		.uleb128 0x2e
 402 0088 00       		.byte	0
 403 0089 3F       		.uleb128 0x3f
 404 008a 19       		.uleb128 0x19
 405 008b 3C       		.uleb128 0x3c
 406 008c 19       		.uleb128 0x19
 407 008d 6E       		.uleb128 0x6e
 408 008e 0E       		.uleb128 0xe
 409 008f 03       		.uleb128 0x3
 410 0090 0E       		.uleb128 0xe
 411 0091 3A       		.uleb128 0x3a
 412 0092 0B       		.uleb128 0xb
 413 0093 3B       		.uleb128 0x3b
 414 0094 0B       		.uleb128 0xb
 415 0095 00       		.byte	0
 416 0096 00       		.byte	0
 417 0097 00       		.byte	0
 418              		.section	.debug_loc,"",%progbits
 419              	.Ldebug_loc0:
ARM GAS  C:\Users\luann\AppData\Local\Temp\ccB9Fd8o.s 			page 9


 420              	.LLST0:
 421 0000 04000000 		.4byte	.LVL0
 422 0004 06000000 		.4byte	.LVL1
 423 0008 0400     		.2byte	0x4
 424 000a 0A       		.byte	0xa
 425 000b DC05     		.2byte	0x5dc
 426 000d 9F       		.byte	0x9f
 427 000e 06000000 		.4byte	.LVL1
 428 0012 54000000 		.4byte	.LFE32
 429 0016 0100     		.2byte	0x1
 430 0018 55       		.byte	0x55
 431 0019 00000000 		.4byte	0
 432 001d 00000000 		.4byte	0
 433              		.section	.debug_aranges,"",%progbits
 434 0000 1C000000 		.4byte	0x1c
 435 0004 0200     		.2byte	0x2
 436 0006 00000000 		.4byte	.Ldebug_info0
 437 000a 04       		.byte	0x4
 438 000b 00       		.byte	0
 439 000c 0000     		.2byte	0
 440 000e 0000     		.2byte	0
 441 0010 00000000 		.4byte	.LFB32
 442 0014 54000000 		.4byte	.LFE32-.LFB32
 443 0018 00000000 		.4byte	0
 444 001c 00000000 		.4byte	0
 445              		.section	.debug_ranges,"",%progbits
 446              	.Ldebug_ranges0:
 447 0000 00000000 		.4byte	.LFB32
 448 0004 54000000 		.4byte	.LFE32
 449 0008 00000000 		.4byte	0
 450 000c 00000000 		.4byte	0
 451              		.section	.debug_line,"",%progbits
 452              	.Ldebug_line0:
 453 0000 97000000 		.section	.debug_str,"MS",%progbits,1
 453      02006900 
 453      00000201 
 453      FB0E0D00 
 453      01010101 
 454              	.LASF6:
 455 0000 6C6F6E67 		.ascii	"long long int\000"
 455      206C6F6E 
 455      6720696E 
 455      7400
 456              	.LASF8:
 457 000e 756E7369 		.ascii	"unsigned int\000"
 457      676E6564 
 457      20696E74 
 457      00
 458              	.LASF19:
 459 001b 6D61696E 		.ascii	"main.c\000"
 459      2E6300
 460              	.LASF21:
 461 0022 6D61696E 		.ascii	"main\000"
 461      00
 462              	.LASF17:
 463 0027 43794465 		.ascii	"CyDelayUs\000"
 463      6C617955 
ARM GAS  C:\Users\luann\AppData\Local\Temp\ccB9Fd8o.s 			page 10


 463      7300
 464              	.LASF5:
 465 0031 6C6F6E67 		.ascii	"long unsigned int\000"
 465      20756E73 
 465      69676E65 
 465      6420696E 
 465      7400
 466              	.LASF7:
 467 0043 6C6F6E67 		.ascii	"long long unsigned int\000"
 467      206C6F6E 
 467      6720756E 
 467      7369676E 
 467      65642069 
 468              	.LASF20:
 469 005a 433A5C55 		.ascii	"C:\\Users\\luann\\OneDrive\\Documents\\PSoC Creator"
 469      73657273 
 469      5C6C7561 
 469      6E6E5C4F 
 469      6E654472 
 470 0088 5C332E31 		.ascii	"\\3.1 Servo motor 0906\\Design01.cydsn\000"
 470      20536572 
 470      766F206D 
 470      6F746F72 
 470      20303930 
 471              	.LASF9:
 472 00ad 666C6F61 		.ascii	"float\000"
 472      7400
 473              	.LASF15:
 474 00b3 50696E5F 		.ascii	"Pin_AUM_Read\000"
 474      41554D5F 
 474      52656164 
 474      00
 475              	.LASF1:
 476 00c0 756E7369 		.ascii	"unsigned char\000"
 476      676E6564 
 476      20636861 
 476      7200
 477              	.LASF11:
 478 00ce 63686172 		.ascii	"char\000"
 478      00
 479              	.LASF4:
 480 00d3 6C6F6E67 		.ascii	"long int\000"
 480      20696E74 
 480      00
 481              	.LASF16:
 482 00dc 70696E6F 		.ascii	"pino_saida_Write\000"
 482      5F736169 
 482      64615F57 
 482      72697465 
 482      00
 483              	.LASF10:
 484 00ed 646F7562 		.ascii	"double\000"
 484      6C6500
 485              	.LASF18:
 486 00f4 474E5520 		.ascii	"GNU C11 5.4.1 20160609 (release) [ARM/embedded-5-br"
 486      43313120 
 486      352E342E 
ARM GAS  C:\Users\luann\AppData\Local\Temp\ccB9Fd8o.s 			page 11


 486      31203230 
 486      31363036 
 487 0127 616E6368 		.ascii	"anch revision 237715] -mcpu=cortex-m0 -mthumb -g -O"
 487      20726576 
 487      6973696F 
 487      6E203233 
 487      37373135 
 488 015a 67202D66 		.ascii	"g -ffunction-sections -ffat-lto-objects\000"
 488      66756E63 
 488      74696F6E 
 488      2D736563 
 488      74696F6E 
 489              	.LASF3:
 490 0182 73686F72 		.ascii	"short unsigned int\000"
 490      7420756E 
 490      7369676E 
 490      65642069 
 490      6E7400
 491              	.LASF0:
 492 0195 7369676E 		.ascii	"signed char\000"
 492      65642063 
 492      68617200 
 493              	.LASF13:
 494 01a1 6C6F6E67 		.ascii	"long double\000"
 494      20646F75 
 494      626C6500 
 495              	.LASF2:
 496 01ad 73686F72 		.ascii	"short int\000"
 496      7420696E 
 496      7400
 497              	.LASF14:
 498 01b7 50696E5F 		.ascii	"Pin_DIM_Read\000"
 498      44494D5F 
 498      52656164 
 498      00
 499              	.LASF12:
 500 01c4 73697A65 		.ascii	"sizetype\000"
 500      74797065 
 500      00
 501              		.ident	"GCC: (GNU Tools for ARM Embedded Processors) 5.4.1 20160609 (release) [ARM/embedded-5-bran
