ARM GAS  C:\Users\Henrique\AppData\Local\Temp\ccN3Wuf0.s 			page 1


   1              		.syntax unified
   2              		.cpu cortex-m0
   3              		.fpu softvfp
   4              		.eabi_attribute 20, 1
   5              		.eabi_attribute 21, 1
   6              		.eabi_attribute 23, 3
   7              		.eabi_attribute 24, 1
   8              		.eabi_attribute 25, 1
   9              		.eabi_attribute 26, 1
  10              		.eabi_attribute 30, 1
  11              		.eabi_attribute 34, 0
  12              		.eabi_attribute 18, 4
  13              		.thumb
  14              		.syntax unified
  15              		.file	"main.c"
  16              		.text
  17              	.Ltext0:
  18              		.cfi_sections	.debug_frame
  19              		.section	.text.Pin_SW2_Handler,"ax",%progbits
  20              		.align	2
  21              		.global	Pin_SW2_Handler
  22              		.code	16
  23              		.thumb_func
  24              		.type	Pin_SW2_Handler, %function
  25              	Pin_SW2_Handler:
  26              	.LFB32:
  27              		.file 1 "main.c"
   1:main.c        **** /* ========================================
   2:main.c        ****  *
   3:main.c        ****  * Copyright YOUR COMPANY, THE YEAR
   4:main.c        ****  * All Rights Reserved
   5:main.c        ****  * UNPUBLISHED, LICENSED SOFTWARE.
   6:main.c        ****  *
   7:main.c        ****  * CONFIDENTIAL AND PROPRIETARY INFORMATION
   8:main.c        ****  * WHICH IS THE PROPERTY OF your company.
   9:main.c        ****  *
  10:main.c        ****  * ========================================
  11:main.c        **** */
  12:main.c        **** #include "project.h"
  13:main.c        **** 
  14:main.c        **** CY_ISR (Pin_SW2_Handler)
  15:main.c        **** {
  28              		.loc 1 15 0
  29              		.cfi_startproc
  30              		@ args = 0, pretend = 0, frame = 0
  31              		@ frame_needed = 0, uses_anonymous_args = 0
  32 0000 10B5     		push	{r4, lr}
  33              		.cfi_def_cfa_offset 8
  34              		.cfi_offset 4, -8
  35              		.cfi_offset 14, -4
  16:main.c        ****    
  17:main.c        ****    LED_Write( ~LED_Read() );
  36              		.loc 1 17 0
  37 0002 FFF7FEFF 		bl	LED_Read
  38              	.LVL0:
  39 0006 C043     		mvns	r0, r0
  40 0008 C0B2     		uxtb	r0, r0
ARM GAS  C:\Users\Henrique\AppData\Local\Temp\ccN3Wuf0.s 			page 2


  41 000a FFF7FEFF 		bl	LED_Write
  42              	.LVL1:
  18:main.c        ****    
  19:main.c        ****    Pin_SW2_ClearInterrupt ();
  43              		.loc 1 19 0
  44 000e FFF7FEFF 		bl	Pin_SW2_ClearInterrupt
  45              	.LVL2:
  20:main.c        **** }
  46              		.loc 1 20 0
  47              		@ sp needed
  48 0012 10BD     		pop	{r4, pc}
  49              		.cfi_endproc
  50              	.LFE32:
  51              		.size	Pin_SW2_Handler, .-Pin_SW2_Handler
  52              		.section	.text.MY_ISR_TIMER,"ax",%progbits
  53              		.align	2
  54              		.global	MY_ISR_TIMER
  55              		.code	16
  56              		.thumb_func
  57              		.type	MY_ISR_TIMER, %function
  58              	MY_ISR_TIMER:
  59              	.LFB33:
  21:main.c        **** 
  22:main.c        **** CY_ISR (MY_ISR_TIMER)
  23:main.c        **** {
  60              		.loc 1 23 0
  61              		.cfi_startproc
  62              		@ args = 0, pretend = 0, frame = 0
  63              		@ frame_needed = 0, uses_anonymous_args = 0
  64 0000 10B5     		push	{r4, lr}
  65              		.cfi_def_cfa_offset 8
  66              		.cfi_offset 4, -8
  67              		.cfi_offset 14, -4
  24:main.c        ****    
  25:main.c        ****    LED_Write( ~LED_Read() );
  68              		.loc 1 25 0
  69 0002 FFF7FEFF 		bl	LED_Read
  70              	.LVL3:
  71 0006 C043     		mvns	r0, r0
  72 0008 C0B2     		uxtb	r0, r0
  73 000a FFF7FEFF 		bl	LED_Write
  74              	.LVL4:
  26:main.c        ****    
  27:main.c        ****    Timer_2_ReadStatusRegister();
  75              		.loc 1 27 0
  76 000e FFF7FEFF 		bl	Timer_2_ReadStatusRegister
  77              	.LVL5:
  28:main.c        **** }
  78              		.loc 1 28 0
  79              		@ sp needed
  80 0012 10BD     		pop	{r4, pc}
  81              		.cfi_endproc
  82              	.LFE33:
  83              		.size	MY_ISR_TIMER, .-MY_ISR_TIMER
  84              		.section	.text.main,"ax",%progbits
  85              		.align	2
  86              		.global	main
ARM GAS  C:\Users\Henrique\AppData\Local\Temp\ccN3Wuf0.s 			page 3


  87              		.code	16
  88              		.thumb_func
  89              		.type	main, %function
  90              	main:
  91              	.LFB34:
  29:main.c        **** 
  30:main.c        **** int main(void)
  31:main.c        **** {
  92              		.loc 1 31 0
  93              		.cfi_startproc
  94              		@ Volatile: function does not return.
  95              		@ args = 0, pretend = 0, frame = 0
  96              		@ frame_needed = 0, uses_anonymous_args = 0
  97 0000 10B5     		push	{r4, lr}
  98              		.cfi_def_cfa_offset 8
  99              		.cfi_offset 4, -8
 100              		.cfi_offset 14, -4
  32:main.c        ****     CyGlobalIntEnable; /* Enable global interrupts. */
 101              		.loc 1 32 0
 102              		.syntax divided
 103              	@ 32 "main.c" 1
 104 0002 62B6     		CPSIE   i
 105              	@ 0 "" 2
  33:main.c        **** 
  34:main.c        ****     ISR_StartEx(Pin_SW2_Handler);
 106              		.loc 1 34 0
 107              		.thumb
 108              		.syntax unified
 109 0004 0448     		ldr	r0, .L5
 110 0006 FFF7FEFF 		bl	ISR_StartEx
 111              	.LVL6:
  35:main.c        ****     Timer_2_Start ();
 112              		.loc 1 35 0
 113 000a FFF7FEFF 		bl	Timer_2_Start
 114              	.LVL7:
  36:main.c        ****     ISR_TIMER_StartEx(MY_ISR_TIMER);
 115              		.loc 1 36 0
 116 000e 0348     		ldr	r0, .L5+4
 117 0010 FFF7FEFF 		bl	ISR_TIMER_StartEx
 118              	.LVL8:
 119              	.L4:
 120 0014 FEE7     		b	.L4
 121              	.L6:
 122 0016 C046     		.align	2
 123              	.L5:
 124 0018 00000000 		.word	Pin_SW2_Handler
 125 001c 00000000 		.word	MY_ISR_TIMER
 126              		.cfi_endproc
 127              	.LFE34:
 128              		.size	main, .-main
 129              		.text
 130              	.Letext0:
 131              		.file 2 "Generated_Source\\PSoC4/LED.h"
 132              		.file 3 "Generated_Source\\PSoC4/Pin_SW2.h"
 133              		.file 4 "Generated_Source\\PSoC4/Timer_2.h"
 134              		.file 5 "Generated_Source\\PSoC4/ISR.h"
 135              		.file 6 "Generated_Source\\PSoC4/ISR_TIMER.h"
ARM GAS  C:\Users\Henrique\AppData\Local\Temp\ccN3Wuf0.s 			page 4


 136              		.section	.debug_info,"",%progbits
 137              	.Ldebug_info0:
 138 0000 87010000 		.4byte	0x187
 139 0004 0400     		.2byte	0x4
 140 0006 00000000 		.4byte	.Ldebug_abbrev0
 141 000a 04       		.byte	0x4
 142 000b 01       		.uleb128 0x1
 143 000c 36010000 		.4byte	.LASF23
 144 0010 0C       		.byte	0xc
 145 0011 43000000 		.4byte	.LASF24
 146 0015 B0000000 		.4byte	.LASF25
 147 0019 00000000 		.4byte	.Ldebug_ranges0+0
 148 001d 00000000 		.4byte	0
 149 0021 00000000 		.4byte	.Ldebug_line0
 150 0025 02       		.uleb128 0x2
 151 0026 01       		.byte	0x1
 152 0027 06       		.byte	0x6
 153 0028 D7010000 		.4byte	.LASF0
 154 002c 02       		.uleb128 0x2
 155 002d 01       		.byte	0x1
 156 002e 08       		.byte	0x8
 157 002f F2000000 		.4byte	.LASF1
 158 0033 02       		.uleb128 0x2
 159 0034 02       		.byte	0x2
 160 0035 05       		.byte	0x5
 161 0036 19010000 		.4byte	.LASF2
 162 003a 02       		.uleb128 0x2
 163 003b 02       		.byte	0x2
 164 003c 07       		.byte	0x7
 165 003d C4010000 		.4byte	.LASF3
 166 0041 02       		.uleb128 0x2
 167 0042 04       		.byte	0x4
 168 0043 05       		.byte	0x5
 169 0044 10010000 		.4byte	.LASF4
 170 0048 02       		.uleb128 0x2
 171 0049 04       		.byte	0x4
 172 004a 07       		.byte	0x7
 173 004b 67000000 		.4byte	.LASF5
 174 004f 02       		.uleb128 0x2
 175 0050 08       		.byte	0x8
 176 0051 05       		.byte	0x5
 177 0052 00000000 		.4byte	.LASF6
 178 0056 02       		.uleb128 0x2
 179 0057 08       		.byte	0x8
 180 0058 07       		.byte	0x7
 181 0059 79000000 		.4byte	.LASF7
 182 005d 03       		.uleb128 0x3
 183 005e 04       		.byte	0x4
 184 005f 05       		.byte	0x5
 185 0060 696E7400 		.ascii	"int\000"
 186 0064 02       		.uleb128 0x2
 187 0065 04       		.byte	0x4
 188 0066 07       		.byte	0x7
 189 0067 0E000000 		.4byte	.LASF8
 190 006b 02       		.uleb128 0x2
 191 006c 04       		.byte	0x4
 192 006d 04       		.byte	0x4
ARM GAS  C:\Users\Henrique\AppData\Local\Temp\ccN3Wuf0.s 			page 5


 193 006e 01020000 		.4byte	.LASF9
 194 0072 02       		.uleb128 0x2
 195 0073 08       		.byte	0x8
 196 0074 04       		.byte	0x4
 197 0075 23010000 		.4byte	.LASF10
 198 0079 02       		.uleb128 0x2
 199 007a 01       		.byte	0x1
 200 007b 08       		.byte	0x8
 201 007c ED000000 		.4byte	.LASF11
 202 0080 02       		.uleb128 0x2
 203 0081 08       		.byte	0x8
 204 0082 04       		.byte	0x4
 205 0083 E3010000 		.4byte	.LASF12
 206 0087 02       		.uleb128 0x2
 207 0088 04       		.byte	0x4
 208 0089 07       		.byte	0x7
 209 008a 07020000 		.4byte	.LASF13
 210 008e 04       		.uleb128 0x4
 211 008f 00010000 		.4byte	.LASF14
 212 0093 01       		.byte	0x1
 213 0094 0E       		.byte	0xe
 214 0095 00000000 		.4byte	.LFB32
 215 0099 14000000 		.4byte	.LFE32-.LFB32
 216 009d 01       		.uleb128 0x1
 217 009e 9C       		.byte	0x9c
 218 009f BF000000 		.4byte	0xbf
 219 00a3 05       		.uleb128 0x5
 220 00a4 06000000 		.4byte	.LVL0
 221 00a8 3D010000 		.4byte	0x13d
 222 00ac 05       		.uleb128 0x5
 223 00ad 0E000000 		.4byte	.LVL1
 224 00b1 48010000 		.4byte	0x148
 225 00b5 05       		.uleb128 0x5
 226 00b6 12000000 		.4byte	.LVL2
 227 00ba 53010000 		.4byte	0x153
 228 00be 00       		.byte	0
 229 00bf 04       		.uleb128 0x4
 230 00c0 36000000 		.4byte	.LASF15
 231 00c4 01       		.byte	0x1
 232 00c5 16       		.byte	0x16
 233 00c6 00000000 		.4byte	.LFB33
 234 00ca 14000000 		.4byte	.LFE33-.LFB33
 235 00ce 01       		.uleb128 0x1
 236 00cf 9C       		.byte	0x9c
 237 00d0 F0000000 		.4byte	0xf0
 238 00d4 05       		.uleb128 0x5
 239 00d5 06000000 		.4byte	.LVL3
 240 00d9 3D010000 		.4byte	0x13d
 241 00dd 05       		.uleb128 0x5
 242 00de 0E000000 		.4byte	.LVL4
 243 00e2 48010000 		.4byte	0x148
 244 00e6 05       		.uleb128 0x5
 245 00e7 12000000 		.4byte	.LVL5
 246 00eb 5E010000 		.4byte	0x15e
 247 00ef 00       		.byte	0
 248 00f0 06       		.uleb128 0x6
 249 00f1 4A000000 		.4byte	.LASF26
ARM GAS  C:\Users\Henrique\AppData\Local\Temp\ccN3Wuf0.s 			page 6


 250 00f5 01       		.byte	0x1
 251 00f6 1E       		.byte	0x1e
 252 00f7 5D000000 		.4byte	0x5d
 253 00fb 00000000 		.4byte	.LFB34
 254 00ff 20000000 		.4byte	.LFE34-.LFB34
 255 0103 01       		.uleb128 0x1
 256 0104 9C       		.byte	0x9c
 257 0105 3D010000 		.4byte	0x13d
 258 0109 07       		.uleb128 0x7
 259 010a 0A000000 		.4byte	.LVL6
 260 010e 69010000 		.4byte	0x169
 261 0112 20010000 		.4byte	0x120
 262 0116 08       		.uleb128 0x8
 263 0117 01       		.uleb128 0x1
 264 0118 50       		.byte	0x50
 265 0119 05       		.uleb128 0x5
 266 011a 03       		.byte	0x3
 267 011b 00000000 		.4byte	Pin_SW2_Handler
 268 011f 00       		.byte	0
 269 0120 05       		.uleb128 0x5
 270 0121 0E000000 		.4byte	.LVL7
 271 0125 74010000 		.4byte	0x174
 272 0129 09       		.uleb128 0x9
 273 012a 14000000 		.4byte	.LVL8
 274 012e 7F010000 		.4byte	0x17f
 275 0132 08       		.uleb128 0x8
 276 0133 01       		.uleb128 0x1
 277 0134 50       		.byte	0x50
 278 0135 05       		.uleb128 0x5
 279 0136 03       		.byte	0x3
 280 0137 00000000 		.4byte	MY_ISR_TIMER
 281 013b 00       		.byte	0
 282 013c 00       		.byte	0
 283 013d 0A       		.uleb128 0xa
 284 013e A7000000 		.4byte	.LASF16
 285 0142 A7000000 		.4byte	.LASF16
 286 0146 02       		.byte	0x2
 287 0147 32       		.byte	0x32
 288 0148 0A       		.uleb128 0xa
 289 0149 5D000000 		.4byte	.LASF17
 290 014d 5D000000 		.4byte	.LASF17
 291 0151 02       		.byte	0x2
 292 0152 33       		.byte	0x33
 293 0153 0A       		.uleb128 0xa
 294 0154 90000000 		.4byte	.LASF18
 295 0158 90000000 		.4byte	.LASF18
 296 015c 03       		.byte	0x3
 297 015d 39       		.byte	0x39
 298 015e 0A       		.uleb128 0xa
 299 015f 1B000000 		.4byte	.LASF19
 300 0163 1B000000 		.4byte	.LASF19
 301 0167 04       		.byte	0x4
 302 0168 5E       		.byte	0x5e
 303 0169 0A       		.uleb128 0xa
 304 016a 2A010000 		.4byte	.LASF20
 305 016e 2A010000 		.4byte	.LASF20
 306 0172 05       		.byte	0x5
ARM GAS  C:\Users\Henrique\AppData\Local\Temp\ccN3Wuf0.s 			page 7


 307 0173 18       		.byte	0x18
 308 0174 0A       		.uleb128 0xa
 309 0175 4F000000 		.4byte	.LASF21
 310 0179 4F000000 		.4byte	.LASF21
 311 017d 04       		.byte	0x4
 312 017e 5A       		.byte	0x5a
 313 017f 0A       		.uleb128 0xa
 314 0180 EF010000 		.4byte	.LASF22
 315 0184 EF010000 		.4byte	.LASF22
 316 0188 06       		.byte	0x6
 317 0189 18       		.byte	0x18
 318 018a 00       		.byte	0
 319              		.section	.debug_abbrev,"",%progbits
 320              	.Ldebug_abbrev0:
 321 0000 01       		.uleb128 0x1
 322 0001 11       		.uleb128 0x11
 323 0002 01       		.byte	0x1
 324 0003 25       		.uleb128 0x25
 325 0004 0E       		.uleb128 0xe
 326 0005 13       		.uleb128 0x13
 327 0006 0B       		.uleb128 0xb
 328 0007 03       		.uleb128 0x3
 329 0008 0E       		.uleb128 0xe
 330 0009 1B       		.uleb128 0x1b
 331 000a 0E       		.uleb128 0xe
 332 000b 55       		.uleb128 0x55
 333 000c 17       		.uleb128 0x17
 334 000d 11       		.uleb128 0x11
 335 000e 01       		.uleb128 0x1
 336 000f 10       		.uleb128 0x10
 337 0010 17       		.uleb128 0x17
 338 0011 00       		.byte	0
 339 0012 00       		.byte	0
 340 0013 02       		.uleb128 0x2
 341 0014 24       		.uleb128 0x24
 342 0015 00       		.byte	0
 343 0016 0B       		.uleb128 0xb
 344 0017 0B       		.uleb128 0xb
 345 0018 3E       		.uleb128 0x3e
 346 0019 0B       		.uleb128 0xb
 347 001a 03       		.uleb128 0x3
 348 001b 0E       		.uleb128 0xe
 349 001c 00       		.byte	0
 350 001d 00       		.byte	0
 351 001e 03       		.uleb128 0x3
 352 001f 24       		.uleb128 0x24
 353 0020 00       		.byte	0
 354 0021 0B       		.uleb128 0xb
 355 0022 0B       		.uleb128 0xb
 356 0023 3E       		.uleb128 0x3e
 357 0024 0B       		.uleb128 0xb
 358 0025 03       		.uleb128 0x3
 359 0026 08       		.uleb128 0x8
 360 0027 00       		.byte	0
 361 0028 00       		.byte	0
 362 0029 04       		.uleb128 0x4
 363 002a 2E       		.uleb128 0x2e
ARM GAS  C:\Users\Henrique\AppData\Local\Temp\ccN3Wuf0.s 			page 8


 364 002b 01       		.byte	0x1
 365 002c 3F       		.uleb128 0x3f
 366 002d 19       		.uleb128 0x19
 367 002e 03       		.uleb128 0x3
 368 002f 0E       		.uleb128 0xe
 369 0030 3A       		.uleb128 0x3a
 370 0031 0B       		.uleb128 0xb
 371 0032 3B       		.uleb128 0x3b
 372 0033 0B       		.uleb128 0xb
 373 0034 27       		.uleb128 0x27
 374 0035 19       		.uleb128 0x19
 375 0036 11       		.uleb128 0x11
 376 0037 01       		.uleb128 0x1
 377 0038 12       		.uleb128 0x12
 378 0039 06       		.uleb128 0x6
 379 003a 40       		.uleb128 0x40
 380 003b 18       		.uleb128 0x18
 381 003c 9742     		.uleb128 0x2117
 382 003e 19       		.uleb128 0x19
 383 003f 01       		.uleb128 0x1
 384 0040 13       		.uleb128 0x13
 385 0041 00       		.byte	0
 386 0042 00       		.byte	0
 387 0043 05       		.uleb128 0x5
 388 0044 898201   		.uleb128 0x4109
 389 0047 00       		.byte	0
 390 0048 11       		.uleb128 0x11
 391 0049 01       		.uleb128 0x1
 392 004a 31       		.uleb128 0x31
 393 004b 13       		.uleb128 0x13
 394 004c 00       		.byte	0
 395 004d 00       		.byte	0
 396 004e 06       		.uleb128 0x6
 397 004f 2E       		.uleb128 0x2e
 398 0050 01       		.byte	0x1
 399 0051 3F       		.uleb128 0x3f
 400 0052 19       		.uleb128 0x19
 401 0053 03       		.uleb128 0x3
 402 0054 0E       		.uleb128 0xe
 403 0055 3A       		.uleb128 0x3a
 404 0056 0B       		.uleb128 0xb
 405 0057 3B       		.uleb128 0x3b
 406 0058 0B       		.uleb128 0xb
 407 0059 27       		.uleb128 0x27
 408 005a 19       		.uleb128 0x19
 409 005b 49       		.uleb128 0x49
 410 005c 13       		.uleb128 0x13
 411 005d 8701     		.uleb128 0x87
 412 005f 19       		.uleb128 0x19
 413 0060 11       		.uleb128 0x11
 414 0061 01       		.uleb128 0x1
 415 0062 12       		.uleb128 0x12
 416 0063 06       		.uleb128 0x6
 417 0064 40       		.uleb128 0x40
 418 0065 18       		.uleb128 0x18
 419 0066 9742     		.uleb128 0x2117
 420 0068 19       		.uleb128 0x19
ARM GAS  C:\Users\Henrique\AppData\Local\Temp\ccN3Wuf0.s 			page 9


 421 0069 01       		.uleb128 0x1
 422 006a 13       		.uleb128 0x13
 423 006b 00       		.byte	0
 424 006c 00       		.byte	0
 425 006d 07       		.uleb128 0x7
 426 006e 898201   		.uleb128 0x4109
 427 0071 01       		.byte	0x1
 428 0072 11       		.uleb128 0x11
 429 0073 01       		.uleb128 0x1
 430 0074 31       		.uleb128 0x31
 431 0075 13       		.uleb128 0x13
 432 0076 01       		.uleb128 0x1
 433 0077 13       		.uleb128 0x13
 434 0078 00       		.byte	0
 435 0079 00       		.byte	0
 436 007a 08       		.uleb128 0x8
 437 007b 8A8201   		.uleb128 0x410a
 438 007e 00       		.byte	0
 439 007f 02       		.uleb128 0x2
 440 0080 18       		.uleb128 0x18
 441 0081 9142     		.uleb128 0x2111
 442 0083 18       		.uleb128 0x18
 443 0084 00       		.byte	0
 444 0085 00       		.byte	0
 445 0086 09       		.uleb128 0x9
 446 0087 898201   		.uleb128 0x4109
 447 008a 01       		.byte	0x1
 448 008b 11       		.uleb128 0x11
 449 008c 01       		.uleb128 0x1
 450 008d 31       		.uleb128 0x31
 451 008e 13       		.uleb128 0x13
 452 008f 00       		.byte	0
 453 0090 00       		.byte	0
 454 0091 0A       		.uleb128 0xa
 455 0092 2E       		.uleb128 0x2e
 456 0093 00       		.byte	0
 457 0094 3F       		.uleb128 0x3f
 458 0095 19       		.uleb128 0x19
 459 0096 3C       		.uleb128 0x3c
 460 0097 19       		.uleb128 0x19
 461 0098 6E       		.uleb128 0x6e
 462 0099 0E       		.uleb128 0xe
 463 009a 03       		.uleb128 0x3
 464 009b 0E       		.uleb128 0xe
 465 009c 3A       		.uleb128 0x3a
 466 009d 0B       		.uleb128 0xb
 467 009e 3B       		.uleb128 0x3b
 468 009f 0B       		.uleb128 0xb
 469 00a0 00       		.byte	0
 470 00a1 00       		.byte	0
 471 00a2 00       		.byte	0
 472              		.section	.debug_aranges,"",%progbits
 473 0000 2C000000 		.4byte	0x2c
 474 0004 0200     		.2byte	0x2
 475 0006 00000000 		.4byte	.Ldebug_info0
 476 000a 04       		.byte	0x4
 477 000b 00       		.byte	0
ARM GAS  C:\Users\Henrique\AppData\Local\Temp\ccN3Wuf0.s 			page 10


 478 000c 0000     		.2byte	0
 479 000e 0000     		.2byte	0
 480 0010 00000000 		.4byte	.LFB32
 481 0014 14000000 		.4byte	.LFE32-.LFB32
 482 0018 00000000 		.4byte	.LFB33
 483 001c 14000000 		.4byte	.LFE33-.LFB33
 484 0020 00000000 		.4byte	.LFB34
 485 0024 20000000 		.4byte	.LFE34-.LFB34
 486 0028 00000000 		.4byte	0
 487 002c 00000000 		.4byte	0
 488              		.section	.debug_ranges,"",%progbits
 489              	.Ldebug_ranges0:
 490 0000 00000000 		.4byte	.LFB32
 491 0004 14000000 		.4byte	.LFE32
 492 0008 00000000 		.4byte	.LFB33
 493 000c 14000000 		.4byte	.LFE33
 494 0010 00000000 		.4byte	.LFB34
 495 0014 20000000 		.4byte	.LFE34
 496 0018 00000000 		.4byte	0
 497 001c 00000000 		.4byte	0
 498              		.section	.debug_line,"",%progbits
 499              	.Ldebug_line0:
 500 0000 AC000000 		.section	.debug_str,"MS",%progbits,1
 500      02006F00 
 500      00000201 
 500      FB0E0D00 
 500      01010101 
 501              	.LASF6:
 502 0000 6C6F6E67 		.ascii	"long long int\000"
 502      206C6F6E 
 502      6720696E 
 502      7400
 503              	.LASF8:
 504 000e 756E7369 		.ascii	"unsigned int\000"
 504      676E6564 
 504      20696E74 
 504      00
 505              	.LASF19:
 506 001b 54696D65 		.ascii	"Timer_2_ReadStatusRegister\000"
 506      725F325F 
 506      52656164 
 506      53746174 
 506      75735265 
 507              	.LASF15:
 508 0036 4D595F49 		.ascii	"MY_ISR_TIMER\000"
 508      53525F54 
 508      494D4552 
 508      00
 509              	.LASF24:
 510 0043 6D61696E 		.ascii	"main.c\000"
 510      2E6300
 511              	.LASF26:
 512 004a 6D61696E 		.ascii	"main\000"
 512      00
 513              	.LASF21:
 514 004f 54696D65 		.ascii	"Timer_2_Start\000"
 514      725F325F 
ARM GAS  C:\Users\Henrique\AppData\Local\Temp\ccN3Wuf0.s 			page 11


 514      53746172 
 514      7400
 515              	.LASF17:
 516 005d 4C45445F 		.ascii	"LED_Write\000"
 516      57726974 
 516      6500
 517              	.LASF5:
 518 0067 6C6F6E67 		.ascii	"long unsigned int\000"
 518      20756E73 
 518      69676E65 
 518      6420696E 
 518      7400
 519              	.LASF7:
 520 0079 6C6F6E67 		.ascii	"long long unsigned int\000"
 520      206C6F6E 
 520      6720756E 
 520      7369676E 
 520      65642069 
 521              	.LASF18:
 522 0090 50696E5F 		.ascii	"Pin_SW2_ClearInterrupt\000"
 522      5357325F 
 522      436C6561 
 522      72496E74 
 522      65727275 
 523              	.LASF16:
 524 00a7 4C45445F 		.ascii	"LED_Read\000"
 524      52656164 
 524      00
 525              	.LASF25:
 526 00b0 433A5C55 		.ascii	"C:\\Users\\Henrique\\Documents\\PSoC Creator\\LAB 8"
 526      73657273 
 526      5C48656E 
 526      72697175 
 526      655C446F 
 527 00de 5C335F31 		.ascii	"\\3_1\\3_1.cydsn\000"
 527      5C335F31 
 527      2E637964 
 527      736E00
 528              	.LASF11:
 529 00ed 63686172 		.ascii	"char\000"
 529      00
 530              	.LASF1:
 531 00f2 756E7369 		.ascii	"unsigned char\000"
 531      676E6564 
 531      20636861 
 531      7200
 532              	.LASF14:
 533 0100 50696E5F 		.ascii	"Pin_SW2_Handler\000"
 533      5357325F 
 533      48616E64 
 533      6C657200 
 534              	.LASF4:
 535 0110 6C6F6E67 		.ascii	"long int\000"
 535      20696E74 
 535      00
 536              	.LASF2:
 537 0119 73686F72 		.ascii	"short int\000"
ARM GAS  C:\Users\Henrique\AppData\Local\Temp\ccN3Wuf0.s 			page 12


 537      7420696E 
 537      7400
 538              	.LASF10:
 539 0123 646F7562 		.ascii	"double\000"
 539      6C6500
 540              	.LASF20:
 541 012a 4953525F 		.ascii	"ISR_StartEx\000"
 541      53746172 
 541      74457800 
 542              	.LASF23:
 543 0136 474E5520 		.ascii	"GNU C11 5.4.1 20160609 (release) [ARM/embedded-5-br"
 543      43313120 
 543      352E342E 
 543      31203230 
 543      31363036 
 544 0169 616E6368 		.ascii	"anch revision 237715] -mcpu=cortex-m0 -mthumb -g -O"
 544      20726576 
 544      6973696F 
 544      6E203233 
 544      37373135 
 545 019c 67202D66 		.ascii	"g -ffunction-sections -ffat-lto-objects\000"
 545      66756E63 
 545      74696F6E 
 545      2D736563 
 545      74696F6E 
 546              	.LASF3:
 547 01c4 73686F72 		.ascii	"short unsigned int\000"
 547      7420756E 
 547      7369676E 
 547      65642069 
 547      6E7400
 548              	.LASF0:
 549 01d7 7369676E 		.ascii	"signed char\000"
 549      65642063 
 549      68617200 
 550              	.LASF12:
 551 01e3 6C6F6E67 		.ascii	"long double\000"
 551      20646F75 
 551      626C6500 
 552              	.LASF22:
 553 01ef 4953525F 		.ascii	"ISR_TIMER_StartEx\000"
 553      54494D45 
 553      525F5374 
 553      61727445 
 553      7800
 554              	.LASF9:
 555 0201 666C6F61 		.ascii	"float\000"
 555      7400
 556              	.LASF13:
 557 0207 73697A65 		.ascii	"sizetype\000"
 557      74797065 
 557      00
 558              		.ident	"GCC: (GNU Tools for ARM Embedded Processors) 5.4.1 20160609 (release) [ARM/embedded-5-bran
