ARM GAS  C:\Users\luann\AppData\Local\Temp\ccyKkYLj.s 			page 1


   1              		.syntax unified
   2              		.cpu cortex-m0
   3              		.fpu softvfp
   4              		.eabi_attribute 20, 1
   5              		.eabi_attribute 21, 1
   6              		.eabi_attribute 23, 3
   7              		.eabi_attribute 24, 1
   8              		.eabi_attribute 25, 1
   9              		.eabi_attribute 26, 1
  10              		.eabi_attribute 30, 1
  11              		.eabi_attribute 34, 0
  12              		.eabi_attribute 18, 4
  13              		.thumb
  14              		.syntax unified
  15              		.file	"main.c"
  16              		.text
  17              	.Ltext0:
  18              		.cfi_sections	.debug_frame
  19              		.section	.text.main,"ax",%progbits
  20              		.align	2
  21              		.global	main
  22              		.code	16
  23              		.thumb_func
  24              		.type	main, %function
  25              	main:
  26              	.LFB32:
  27              		.file 1 "main.c"
   1:main.c        **** /* ========================================
   2:main.c        ****  *
   3:main.c        ****  * Copyright YOUR COMPANY, THE YEAR
   4:main.c        ****  * All Rights Reserved
   5:main.c        ****  * UNPUBLISHED, LICENSED SOFTWARE.
   6:main.c        ****  *
   7:main.c        ****  * CONFIDENTIAL AND PROPRIETARY INFORMATION
   8:main.c        ****  * WHICH IS THE PROPERTY OF your company.
   9:main.c        ****  *
  10:main.c        ****  * ========================================
  11:main.c        **** */
  12:main.c        **** #include "project.h"
  13:main.c        **** 
  14:main.c        **** int main(void)
  15:main.c        **** {
  28              		.loc 1 15 0
  29              		.cfi_startproc
  30              		@ Volatile: function does not return.
  31              		@ args = 0, pretend = 0, frame = 0
  32              		@ frame_needed = 0, uses_anonymous_args = 0
  33 0000 10B5     		push	{r4, lr}
  34              		.cfi_def_cfa_offset 8
  35              		.cfi_offset 4, -8
  36              		.cfi_offset 14, -4
  16:main.c        ****     CyGlobalIntEnable; /* Enable global interrupts. */
  37              		.loc 1 16 0
  38              		.syntax divided
  39              	@ 16 "main.c" 1
  40 0002 62B6     		CPSIE   i
  41              	@ 0 "" 2
ARM GAS  C:\Users\luann\AppData\Local\Temp\ccyKkYLj.s 			page 2


  42              		.thumb
  43              		.syntax unified
  44              	.L2:
  17:main.c        **** 
  18:main.c        ****     /* Place your initialization/startup code here (e.g. MyInst_Start()) */
  19:main.c        **** 
  20:main.c        ****     for(;;)
  21:main.c        ****     {
  22:main.c        ****         if ( Pin_1_Read() == 0 ){
  45              		.loc 1 22 0
  46 0004 FFF7FEFF 		bl	Pin_1_Read
  47              	.LVL0:
  48 0008 0028     		cmp	r0, #0
  49 000a 03D1     		bne	.L3
  23:main.c        ****             Pin_2_Write(1);}
  50              		.loc 1 23 0
  51 000c 0130     		adds	r0, r0, #1
  52 000e FFF7FEFF 		bl	Pin_2_Write
  53              	.LVL1:
  54 0012 F7E7     		b	.L2
  55              	.L3:
  24:main.c        ****         else{
  25:main.c        ****             Pin_2_Write(0);
  56              		.loc 1 25 0
  57 0014 0020     		movs	r0, #0
  58 0016 FFF7FEFF 		bl	Pin_2_Write
  59              	.LVL2:
  60 001a F3E7     		b	.L2
  61              		.cfi_endproc
  62              	.LFE32:
  63              		.size	main, .-main
  64              		.text
  65              	.Letext0:
  66              		.file 2 "Generated_Source\\PSoC4/Pin_1.h"
  67              		.file 3 "Generated_Source\\PSoC4/Pin_2.h"
  68              		.section	.debug_info,"",%progbits
  69              	.Ldebug_info0:
  70 0000 DC000000 		.4byte	0xdc
  71 0004 0400     		.2byte	0x4
  72 0006 00000000 		.4byte	.Ldebug_abbrev0
  73 000a 04       		.byte	0x4
  74 000b 01       		.uleb128 0x1
  75 000c B2000000 		.4byte	.LASF16
  76 0010 0C       		.byte	0xc
  77 0011 1B000000 		.4byte	.LASF17
  78 0015 27000000 		.4byte	.LASF18
  79 0019 00000000 		.4byte	.Ldebug_ranges0+0
  80 001d 00000000 		.4byte	0
  81 0021 00000000 		.4byte	.Ldebug_line0
  82 0025 02       		.uleb128 0x2
  83 0026 01       		.byte	0x1
  84 0027 06       		.byte	0x6
  85 0028 53010000 		.4byte	.LASF0
  86 002c 02       		.uleb128 0x2
  87 002d 01       		.byte	0x1
  88 002e 08       		.byte	0x8
  89 002f 8F000000 		.4byte	.LASF1
ARM GAS  C:\Users\luann\AppData\Local\Temp\ccyKkYLj.s 			page 3


  90 0033 02       		.uleb128 0x2
  91 0034 02       		.byte	0x2
  92 0035 05       		.byte	0x5
  93 0036 6B010000 		.4byte	.LASF2
  94 003a 02       		.uleb128 0x2
  95 003b 02       		.byte	0x2
  96 003c 07       		.byte	0x7
  97 003d 40010000 		.4byte	.LASF3
  98 0041 02       		.uleb128 0x2
  99 0042 04       		.byte	0x4
 100 0043 05       		.byte	0x5
 101 0044 A2000000 		.4byte	.LASF4
 102 0048 02       		.uleb128 0x2
 103 0049 04       		.byte	0x4
 104 004a 07       		.byte	0x7
 105 004b 54000000 		.4byte	.LASF5
 106 004f 02       		.uleb128 0x2
 107 0050 08       		.byte	0x8
 108 0051 05       		.byte	0x5
 109 0052 00000000 		.4byte	.LASF6
 110 0056 02       		.uleb128 0x2
 111 0057 08       		.byte	0x8
 112 0058 07       		.byte	0x7
 113 0059 66000000 		.4byte	.LASF7
 114 005d 03       		.uleb128 0x3
 115 005e 04       		.byte	0x4
 116 005f 05       		.byte	0x5
 117 0060 696E7400 		.ascii	"int\000"
 118 0064 02       		.uleb128 0x2
 119 0065 04       		.byte	0x4
 120 0066 07       		.byte	0x7
 121 0067 0E000000 		.4byte	.LASF8
 122 006b 02       		.uleb128 0x2
 123 006c 04       		.byte	0x4
 124 006d 04       		.byte	0x4
 125 006e 89000000 		.4byte	.LASF9
 126 0072 02       		.uleb128 0x2
 127 0073 08       		.byte	0x8
 128 0074 04       		.byte	0x4
 129 0075 AB000000 		.4byte	.LASF10
 130 0079 02       		.uleb128 0x2
 131 007a 01       		.byte	0x1
 132 007b 08       		.byte	0x8
 133 007c 9D000000 		.4byte	.LASF11
 134 0080 02       		.uleb128 0x2
 135 0081 04       		.byte	0x4
 136 0082 07       		.byte	0x7
 137 0083 80010000 		.4byte	.LASF12
 138 0087 02       		.uleb128 0x2
 139 0088 08       		.byte	0x8
 140 0089 04       		.byte	0x4
 141 008a 5F010000 		.4byte	.LASF13
 142 008e 04       		.uleb128 0x4
 143 008f 22000000 		.4byte	.LASF19
 144 0093 01       		.byte	0x1
 145 0094 0E       		.byte	0xe
 146 0095 5D000000 		.4byte	0x5d
ARM GAS  C:\Users\luann\AppData\Local\Temp\ccyKkYLj.s 			page 4


 147 0099 00000000 		.4byte	.LFB32
 148 009d 1C000000 		.4byte	.LFE32-.LFB32
 149 00a1 01       		.uleb128 0x1
 150 00a2 9C       		.byte	0x9c
 151 00a3 C9000000 		.4byte	0xc9
 152 00a7 05       		.uleb128 0x5
 153 00a8 08000000 		.4byte	.LVL0
 154 00ac C9000000 		.4byte	0xc9
 155 00b0 05       		.uleb128 0x5
 156 00b1 12000000 		.4byte	.LVL1
 157 00b5 D4000000 		.4byte	0xd4
 158 00b9 06       		.uleb128 0x6
 159 00ba 1A000000 		.4byte	.LVL2
 160 00be D4000000 		.4byte	0xd4
 161 00c2 07       		.uleb128 0x7
 162 00c3 01       		.uleb128 0x1
 163 00c4 50       		.byte	0x50
 164 00c5 01       		.uleb128 0x1
 165 00c6 30       		.byte	0x30
 166 00c7 00       		.byte	0
 167 00c8 00       		.byte	0
 168 00c9 08       		.uleb128 0x8
 169 00ca 75010000 		.4byte	.LASF14
 170 00ce 75010000 		.4byte	.LASF14
 171 00d2 02       		.byte	0x2
 172 00d3 32       		.byte	0x32
 173 00d4 08       		.uleb128 0x8
 174 00d5 7D000000 		.4byte	.LASF15
 175 00d9 7D000000 		.4byte	.LASF15
 176 00dd 03       		.byte	0x3
 177 00de 33       		.byte	0x33
 178 00df 00       		.byte	0
 179              		.section	.debug_abbrev,"",%progbits
 180              	.Ldebug_abbrev0:
 181 0000 01       		.uleb128 0x1
 182 0001 11       		.uleb128 0x11
 183 0002 01       		.byte	0x1
 184 0003 25       		.uleb128 0x25
 185 0004 0E       		.uleb128 0xe
 186 0005 13       		.uleb128 0x13
 187 0006 0B       		.uleb128 0xb
 188 0007 03       		.uleb128 0x3
 189 0008 0E       		.uleb128 0xe
 190 0009 1B       		.uleb128 0x1b
 191 000a 0E       		.uleb128 0xe
 192 000b 55       		.uleb128 0x55
 193 000c 17       		.uleb128 0x17
 194 000d 11       		.uleb128 0x11
 195 000e 01       		.uleb128 0x1
 196 000f 10       		.uleb128 0x10
 197 0010 17       		.uleb128 0x17
 198 0011 00       		.byte	0
 199 0012 00       		.byte	0
 200 0013 02       		.uleb128 0x2
 201 0014 24       		.uleb128 0x24
 202 0015 00       		.byte	0
 203 0016 0B       		.uleb128 0xb
ARM GAS  C:\Users\luann\AppData\Local\Temp\ccyKkYLj.s 			page 5


 204 0017 0B       		.uleb128 0xb
 205 0018 3E       		.uleb128 0x3e
 206 0019 0B       		.uleb128 0xb
 207 001a 03       		.uleb128 0x3
 208 001b 0E       		.uleb128 0xe
 209 001c 00       		.byte	0
 210 001d 00       		.byte	0
 211 001e 03       		.uleb128 0x3
 212 001f 24       		.uleb128 0x24
 213 0020 00       		.byte	0
 214 0021 0B       		.uleb128 0xb
 215 0022 0B       		.uleb128 0xb
 216 0023 3E       		.uleb128 0x3e
 217 0024 0B       		.uleb128 0xb
 218 0025 03       		.uleb128 0x3
 219 0026 08       		.uleb128 0x8
 220 0027 00       		.byte	0
 221 0028 00       		.byte	0
 222 0029 04       		.uleb128 0x4
 223 002a 2E       		.uleb128 0x2e
 224 002b 01       		.byte	0x1
 225 002c 3F       		.uleb128 0x3f
 226 002d 19       		.uleb128 0x19
 227 002e 03       		.uleb128 0x3
 228 002f 0E       		.uleb128 0xe
 229 0030 3A       		.uleb128 0x3a
 230 0031 0B       		.uleb128 0xb
 231 0032 3B       		.uleb128 0x3b
 232 0033 0B       		.uleb128 0xb
 233 0034 27       		.uleb128 0x27
 234 0035 19       		.uleb128 0x19
 235 0036 49       		.uleb128 0x49
 236 0037 13       		.uleb128 0x13
 237 0038 8701     		.uleb128 0x87
 238 003a 19       		.uleb128 0x19
 239 003b 11       		.uleb128 0x11
 240 003c 01       		.uleb128 0x1
 241 003d 12       		.uleb128 0x12
 242 003e 06       		.uleb128 0x6
 243 003f 40       		.uleb128 0x40
 244 0040 18       		.uleb128 0x18
 245 0041 9742     		.uleb128 0x2117
 246 0043 19       		.uleb128 0x19
 247 0044 01       		.uleb128 0x1
 248 0045 13       		.uleb128 0x13
 249 0046 00       		.byte	0
 250 0047 00       		.byte	0
 251 0048 05       		.uleb128 0x5
 252 0049 898201   		.uleb128 0x4109
 253 004c 00       		.byte	0
 254 004d 11       		.uleb128 0x11
 255 004e 01       		.uleb128 0x1
 256 004f 31       		.uleb128 0x31
 257 0050 13       		.uleb128 0x13
 258 0051 00       		.byte	0
 259 0052 00       		.byte	0
 260 0053 06       		.uleb128 0x6
ARM GAS  C:\Users\luann\AppData\Local\Temp\ccyKkYLj.s 			page 6


 261 0054 898201   		.uleb128 0x4109
 262 0057 01       		.byte	0x1
 263 0058 11       		.uleb128 0x11
 264 0059 01       		.uleb128 0x1
 265 005a 31       		.uleb128 0x31
 266 005b 13       		.uleb128 0x13
 267 005c 00       		.byte	0
 268 005d 00       		.byte	0
 269 005e 07       		.uleb128 0x7
 270 005f 8A8201   		.uleb128 0x410a
 271 0062 00       		.byte	0
 272 0063 02       		.uleb128 0x2
 273 0064 18       		.uleb128 0x18
 274 0065 9142     		.uleb128 0x2111
 275 0067 18       		.uleb128 0x18
 276 0068 00       		.byte	0
 277 0069 00       		.byte	0
 278 006a 08       		.uleb128 0x8
 279 006b 2E       		.uleb128 0x2e
 280 006c 00       		.byte	0
 281 006d 3F       		.uleb128 0x3f
 282 006e 19       		.uleb128 0x19
 283 006f 3C       		.uleb128 0x3c
 284 0070 19       		.uleb128 0x19
 285 0071 6E       		.uleb128 0x6e
 286 0072 0E       		.uleb128 0xe
 287 0073 03       		.uleb128 0x3
 288 0074 0E       		.uleb128 0xe
 289 0075 3A       		.uleb128 0x3a
 290 0076 0B       		.uleb128 0xb
 291 0077 3B       		.uleb128 0x3b
 292 0078 0B       		.uleb128 0xb
 293 0079 00       		.byte	0
 294 007a 00       		.byte	0
 295 007b 00       		.byte	0
 296              		.section	.debug_aranges,"",%progbits
 297 0000 1C000000 		.4byte	0x1c
 298 0004 0200     		.2byte	0x2
 299 0006 00000000 		.4byte	.Ldebug_info0
 300 000a 04       		.byte	0x4
 301 000b 00       		.byte	0
 302 000c 0000     		.2byte	0
 303 000e 0000     		.2byte	0
 304 0010 00000000 		.4byte	.LFB32
 305 0014 1C000000 		.4byte	.LFE32-.LFB32
 306 0018 00000000 		.4byte	0
 307 001c 00000000 		.4byte	0
 308              		.section	.debug_ranges,"",%progbits
 309              	.Ldebug_ranges0:
 310 0000 00000000 		.4byte	.LFB32
 311 0004 1C000000 		.4byte	.LFE32
 312 0008 00000000 		.4byte	0
 313 000c 00000000 		.4byte	0
 314              		.section	.debug_line,"",%progbits
 315              	.Ldebug_line0:
 316 0000 63000000 		.section	.debug_str,"MS",%progbits,1
 316      02004A00 
ARM GAS  C:\Users\luann\AppData\Local\Temp\ccyKkYLj.s 			page 7


 316      00000201 
 316      FB0E0D00 
 316      01010101 
 317              	.LASF6:
 318 0000 6C6F6E67 		.ascii	"long long int\000"
 318      206C6F6E 
 318      6720696E 
 318      7400
 319              	.LASF8:
 320 000e 756E7369 		.ascii	"unsigned int\000"
 320      676E6564 
 320      20696E74 
 320      00
 321              	.LASF17:
 322 001b 6D61696E 		.ascii	"main.c\000"
 322      2E6300
 323              	.LASF19:
 324 0022 6D61696E 		.ascii	"main\000"
 324      00
 325              	.LASF18:
 326 0027 433A5C45 		.ascii	"C:\\Embutidos\\Workspace aula 2\\Design01.cydsn\000"
 326      6D627574 
 326      69646F73 
 326      5C576F72 
 326      6B737061 
 327              	.LASF5:
 328 0054 6C6F6E67 		.ascii	"long unsigned int\000"
 328      20756E73 
 328      69676E65 
 328      6420696E 
 328      7400
 329              	.LASF7:
 330 0066 6C6F6E67 		.ascii	"long long unsigned int\000"
 330      206C6F6E 
 330      6720756E 
 330      7369676E 
 330      65642069 
 331              	.LASF15:
 332 007d 50696E5F 		.ascii	"Pin_2_Write\000"
 332      325F5772 
 332      69746500 
 333              	.LASF9:
 334 0089 666C6F61 		.ascii	"float\000"
 334      7400
 335              	.LASF1:
 336 008f 756E7369 		.ascii	"unsigned char\000"
 336      676E6564 
 336      20636861 
 336      7200
 337              	.LASF11:
 338 009d 63686172 		.ascii	"char\000"
 338      00
 339              	.LASF4:
 340 00a2 6C6F6E67 		.ascii	"long int\000"
 340      20696E74 
 340      00
 341              	.LASF10:
ARM GAS  C:\Users\luann\AppData\Local\Temp\ccyKkYLj.s 			page 8


 342 00ab 646F7562 		.ascii	"double\000"
 342      6C6500
 343              	.LASF16:
 344 00b2 474E5520 		.ascii	"GNU C11 5.4.1 20160609 (release) [ARM/embedded-5-br"
 344      43313120 
 344      352E342E 
 344      31203230 
 344      31363036 
 345 00e5 616E6368 		.ascii	"anch revision 237715] -mcpu=cortex-m0 -mthumb -g -O"
 345      20726576 
 345      6973696F 
 345      6E203233 
 345      37373135 
 346 0118 67202D66 		.ascii	"g -ffunction-sections -ffat-lto-objects\000"
 346      66756E63 
 346      74696F6E 
 346      2D736563 
 346      74696F6E 
 347              	.LASF3:
 348 0140 73686F72 		.ascii	"short unsigned int\000"
 348      7420756E 
 348      7369676E 
 348      65642069 
 348      6E7400
 349              	.LASF0:
 350 0153 7369676E 		.ascii	"signed char\000"
 350      65642063 
 350      68617200 
 351              	.LASF13:
 352 015f 6C6F6E67 		.ascii	"long double\000"
 352      20646F75 
 352      626C6500 
 353              	.LASF2:
 354 016b 73686F72 		.ascii	"short int\000"
 354      7420696E 
 354      7400
 355              	.LASF14:
 356 0175 50696E5F 		.ascii	"Pin_1_Read\000"
 356      315F5265 
 356      616400
 357              	.LASF12:
 358 0180 73697A65 		.ascii	"sizetype\000"
 358      74797065 
 358      00
 359              		.ident	"GCC: (GNU Tools for ARM Embedded Processors) 5.4.1 20160609 (release) [ARM/embedded-5-bran
