ARM GAS  C:\Users\Henrique\AppData\Local\Temp\ccoLKyOT.s 			page 1


   1              		.syntax unified
   2              		.cpu cortex-m0
   3              		.fpu softvfp
   4              		.eabi_attribute 20, 1
   5              		.eabi_attribute 21, 1
   6              		.eabi_attribute 23, 3
   7              		.eabi_attribute 24, 1
   8              		.eabi_attribute 25, 1
   9              		.eabi_attribute 26, 1
  10              		.eabi_attribute 30, 1
  11              		.eabi_attribute 34, 0
  12              		.eabi_attribute 18, 4
  13              		.thumb
  14              		.syntax unified
  15              		.file	"main.c"
  16              		.text
  17              	.Ltext0:
  18              		.cfi_sections	.debug_frame
  19              		.section	.text.go_to_state1,"ax",%progbits
  20              		.align	2
  21              		.global	go_to_state1
  22              		.code	16
  23              		.thumb_func
  24              		.type	go_to_state1, %function
  25              	go_to_state1:
  26              	.LFB32:
  27              		.file 1 "main.c"
   1:main.c        **** /* ========================================
   2:main.c        ****  *
   3:main.c        ****  * Copyright YOUR COMPANY, THE YEAR
   4:main.c        ****  * All Rights Reserved
   5:main.c        ****  * UNPUBLISHED, LICENSED SOFTWARE.
   6:main.c        ****  *
   7:main.c        ****  * CONFIDENTIAL AND PROPRIETARY INFORMATION
   8:main.c        ****  * WHICH IS THE PROPERTY OF your company.
   9:main.c        ****  *
  10:main.c        ****  * ========================================
  11:main.c        **** */
  12:main.c        **** #include "project.h"
  13:main.c        **** enum estados {Estado_1, Estado_2, Estado_3, Estado_4};
  14:main.c        **** enum estados M_state;
  15:main.c        ****     
  16:main.c        **** 
  17:main.c        **** 
  18:main.c        ****    void go_to_state1(){
  28              		.loc 1 18 0
  29              		.cfi_startproc
  30              		@ args = 0, pretend = 0, frame = 0
  31              		@ frame_needed = 0, uses_anonymous_args = 0
  32 0000 10B5     		push	{r4, lr}
  33              		.cfi_def_cfa_offset 8
  34              		.cfi_offset 4, -8
  35              		.cfi_offset 14, -4
  19:main.c        ****         if (bd_Read() == 0){
  36              		.loc 1 19 0
  37 0002 FFF7FEFF 		bl	bd_Read
  38              	.LVL0:
ARM GAS  C:\Users\Henrique\AppData\Local\Temp\ccoLKyOT.s 			page 2


  39 0006 0028     		cmp	r0, #0
  40 0008 0DD1     		bne	.L1
  20:main.c        ****             M_state = Estado_1;
  41              		.loc 1 20 0
  42 000a 0022     		movs	r2, #0
  43 000c 064B     		ldr	r3, .L3
  44 000e 1A70     		strb	r2, [r3]
  21:main.c        ****             in3_Write(0);
  45              		.loc 1 21 0
  46 0010 FFF7FEFF 		bl	in3_Write
  47              	.LVL1:
  22:main.c        ****             in4_Write(0);
  48              		.loc 1 22 0
  49 0014 0020     		movs	r0, #0
  50 0016 FFF7FEFF 		bl	in4_Write
  51              	.LVL2:
  23:main.c        ****             in1_Write(1);
  52              		.loc 1 23 0
  53 001a 0120     		movs	r0, #1
  54 001c FFF7FEFF 		bl	in1_Write
  55              	.LVL3:
  24:main.c        ****             in2_Write(0);
  56              		.loc 1 24 0
  57 0020 0020     		movs	r0, #0
  58 0022 FFF7FEFF 		bl	in2_Write
  59              	.LVL4:
  60              	.L1:
  25:main.c        **** 
  26:main.c        ****         }
  27:main.c        **** }
  61              		.loc 1 27 0
  62              		@ sp needed
  63 0026 10BD     		pop	{r4, pc}
  64              	.L4:
  65              		.align	2
  66              	.L3:
  67 0028 00000000 		.word	M_state
  68              		.cfi_endproc
  69              	.LFE32:
  70              		.size	go_to_state1, .-go_to_state1
  71              		.section	.text.go_to_state2,"ax",%progbits
  72              		.align	2
  73              		.global	go_to_state2
  74              		.code	16
  75              		.thumb_func
  76              		.type	go_to_state2, %function
  77              	go_to_state2:
  78              	.LFB33:
  28:main.c        ****         
  29:main.c        ****    void go_to_state2(){
  79              		.loc 1 29 0
  80              		.cfi_startproc
  81              		@ args = 0, pretend = 0, frame = 0
  82              		@ frame_needed = 0, uses_anonymous_args = 0
  83 0000 10B5     		push	{r4, lr}
  84              		.cfi_def_cfa_offset 8
  85              		.cfi_offset 4, -8
ARM GAS  C:\Users\Henrique\AppData\Local\Temp\ccoLKyOT.s 			page 3


  86              		.cfi_offset 14, -4
  30:main.c        ****         if (be_Read() == 1){
  87              		.loc 1 30 0
  88 0002 FFF7FEFF 		bl	be_Read
  89              	.LVL5:
  90 0006 0128     		cmp	r0, #1
  91 0008 0ED1     		bne	.L5
  31:main.c        ****             M_state = Estado_2;
  92              		.loc 1 31 0
  93 000a 0122     		movs	r2, #1
  94 000c 074B     		ldr	r3, .L7
  95 000e 1A70     		strb	r2, [r3]
  32:main.c        ****             in1_Write(0);
  96              		.loc 1 32 0
  97 0010 0020     		movs	r0, #0
  98 0012 FFF7FEFF 		bl	in1_Write
  99              	.LVL6:
  33:main.c        ****             in2_Write(1);
 100              		.loc 1 33 0
 101 0016 0120     		movs	r0, #1
 102 0018 FFF7FEFF 		bl	in2_Write
 103              	.LVL7:
  34:main.c        ****             in3_Write(0);
 104              		.loc 1 34 0
 105 001c 0020     		movs	r0, #0
 106 001e FFF7FEFF 		bl	in3_Write
 107              	.LVL8:
  35:main.c        ****             in4_Write(0);
 108              		.loc 1 35 0
 109 0022 0020     		movs	r0, #0
 110 0024 FFF7FEFF 		bl	in4_Write
 111              	.LVL9:
 112              	.L5:
  36:main.c        ****             
  37:main.c        ****         }   
  38:main.c        **** }
 113              		.loc 1 38 0
 114              		@ sp needed
 115 0028 10BD     		pop	{r4, pc}
 116              	.L8:
 117 002a C046     		.align	2
 118              	.L7:
 119 002c 00000000 		.word	M_state
 120              		.cfi_endproc
 121              	.LFE33:
 122              		.size	go_to_state2, .-go_to_state2
 123              		.section	.text.go_to_state3,"ax",%progbits
 124              		.align	2
 125              		.global	go_to_state3
 126              		.code	16
 127              		.thumb_func
 128              		.type	go_to_state3, %function
 129              	go_to_state3:
 130              	.LFB34:
  39:main.c        **** 
  40:main.c        ****   
  41:main.c        ****      void go_to_state3(){
ARM GAS  C:\Users\Henrique\AppData\Local\Temp\ccoLKyOT.s 			page 4


 131              		.loc 1 41 0
 132              		.cfi_startproc
 133              		@ args = 0, pretend = 0, frame = 0
 134              		@ frame_needed = 0, uses_anonymous_args = 0
 135 0000 10B5     		push	{r4, lr}
 136              		.cfi_def_cfa_offset 8
 137              		.cfi_offset 4, -8
 138              		.cfi_offset 14, -4
  42:main.c        ****         if (be_Read() == 1){
 139              		.loc 1 42 0
 140 0002 FFF7FEFF 		bl	be_Read
 141              	.LVL10:
 142 0006 0128     		cmp	r0, #1
 143 0008 0ED1     		bne	.L9
  43:main.c        ****             M_state = Estado_3;
 144              		.loc 1 43 0
 145 000a 0222     		movs	r2, #2
 146 000c 074B     		ldr	r3, .L11
 147 000e 1A70     		strb	r2, [r3]
  44:main.c        ****             in1_Write(0);
 148              		.loc 1 44 0
 149 0010 0020     		movs	r0, #0
 150 0012 FFF7FEFF 		bl	in1_Write
 151              	.LVL11:
  45:main.c        ****             in2_Write(0);
 152              		.loc 1 45 0
 153 0016 0020     		movs	r0, #0
 154 0018 FFF7FEFF 		bl	in2_Write
 155              	.LVL12:
  46:main.c        ****             in3_Write(1);
 156              		.loc 1 46 0
 157 001c 0120     		movs	r0, #1
 158 001e FFF7FEFF 		bl	in3_Write
 159              	.LVL13:
  47:main.c        ****             in4_Write(0);
 160              		.loc 1 47 0
 161 0022 0020     		movs	r0, #0
 162 0024 FFF7FEFF 		bl	in4_Write
 163              	.LVL14:
 164              	.L9:
  48:main.c        ****             
  49:main.c        ****         }   
  50:main.c        **** }
 165              		.loc 1 50 0
 166              		@ sp needed
 167 0028 10BD     		pop	{r4, pc}
 168              	.L12:
 169 002a C046     		.align	2
 170              	.L11:
 171 002c 00000000 		.word	M_state
 172              		.cfi_endproc
 173              	.LFE34:
 174              		.size	go_to_state3, .-go_to_state3
 175              		.section	.text.go_to_state4,"ax",%progbits
 176              		.align	2
 177              		.global	go_to_state4
 178              		.code	16
ARM GAS  C:\Users\Henrique\AppData\Local\Temp\ccoLKyOT.s 			page 5


 179              		.thumb_func
 180              		.type	go_to_state4, %function
 181              	go_to_state4:
 182              	.LFB35:
  51:main.c        ****    void go_to_state4(){
 183              		.loc 1 51 0
 184              		.cfi_startproc
 185              		@ args = 0, pretend = 0, frame = 0
 186              		@ frame_needed = 0, uses_anonymous_args = 0
 187 0000 10B5     		push	{r4, lr}
 188              		.cfi_def_cfa_offset 8
 189              		.cfi_offset 4, -8
 190              		.cfi_offset 14, -4
  52:main.c        ****         if (bd_Read() == 0){
 191              		.loc 1 52 0
 192 0002 FFF7FEFF 		bl	bd_Read
 193              	.LVL15:
 194 0006 0028     		cmp	r0, #0
 195 0008 0DD1     		bne	.L13
  53:main.c        ****             M_state = Estado_4;
 196              		.loc 1 53 0
 197 000a 0322     		movs	r2, #3
 198 000c 064B     		ldr	r3, .L15
 199 000e 1A70     		strb	r2, [r3]
  54:main.c        ****             in3_Write(0);
 200              		.loc 1 54 0
 201 0010 FFF7FEFF 		bl	in3_Write
 202              	.LVL16:
  55:main.c        ****             in4_Write(1);
 203              		.loc 1 55 0
 204 0014 0120     		movs	r0, #1
 205 0016 FFF7FEFF 		bl	in4_Write
 206              	.LVL17:
  56:main.c        ****             in1_Write(0);
 207              		.loc 1 56 0
 208 001a 0020     		movs	r0, #0
 209 001c FFF7FEFF 		bl	in1_Write
 210              	.LVL18:
  57:main.c        ****             in2_Write(0);
 211              		.loc 1 57 0
 212 0020 0020     		movs	r0, #0
 213 0022 FFF7FEFF 		bl	in2_Write
 214              	.LVL19:
 215              	.L13:
  58:main.c        **** 
  59:main.c        ****         }   
  60:main.c        **** }
 216              		.loc 1 60 0
 217              		@ sp needed
 218 0026 10BD     		pop	{r4, pc}
 219              	.L16:
 220              		.align	2
 221              	.L15:
 222 0028 00000000 		.word	M_state
 223              		.cfi_endproc
 224              	.LFE35:
 225              		.size	go_to_state4, .-go_to_state4
ARM GAS  C:\Users\Henrique\AppData\Local\Temp\ccoLKyOT.s 			page 6


 226              		.section	.text.main,"ax",%progbits
 227              		.align	2
 228              		.global	main
 229              		.code	16
 230              		.thumb_func
 231              		.type	main, %function
 232              	main:
 233              	.LFB36:
  61:main.c        **** int main(void)
  62:main.c        **** {
 234              		.loc 1 62 0
 235              		.cfi_startproc
 236              		@ Volatile: function does not return.
 237              		@ args = 0, pretend = 0, frame = 0
 238              		@ frame_needed = 0, uses_anonymous_args = 0
 239 0000 10B5     		push	{r4, lr}
 240              		.cfi_def_cfa_offset 8
 241              		.cfi_offset 4, -8
 242              		.cfi_offset 14, -4
  63:main.c        ****     CyGlobalIntEnable; /* Enable global interrupts. */
 243              		.loc 1 63 0
 244              		.syntax divided
 245              	@ 63 "main.c" 1
 246 0002 62B6     		CPSIE   i
 247              	@ 0 "" 2
  64:main.c        ****     ena_Write(1);
 248              		.loc 1 64 0
 249              		.thumb
 250              		.syntax unified
 251 0004 0120     		movs	r0, #1
 252 0006 FFF7FEFF 		bl	ena_Write
 253              	.LVL20:
  65:main.c        ****     enb_Write(1);
 254              		.loc 1 65 0
 255 000a 0120     		movs	r0, #1
 256 000c FFF7FEFF 		bl	enb_Write
 257              	.LVL21:
  66:main.c        ****         
  67:main.c        ****     /* Place your initialization/startup code here (e.g. MyInst_Start()) */
  68:main.c        ****     M_state = Estado_1;
 258              		.loc 1 68 0
 259 0010 0022     		movs	r2, #0
 260 0012 1D4B     		ldr	r3, .L29
 261 0014 1A70     		strb	r2, [r3]
 262              	.L28:
  69:main.c        ****     for(;;)
  70:main.c        ****    
  71:main.c        ****     {
  72:main.c        ****        if (be_Read() == 1){
 263              		.loc 1 72 0
 264 0016 FFF7FEFF 		bl	be_Read
 265              	.LVL22:
 266 001a 0128     		cmp	r0, #1
 267 001c 15D1     		bne	.L18
  73:main.c        ****         
  74:main.c        ****         switch(M_state){
 268              		.loc 1 74 0
ARM GAS  C:\Users\Henrique\AppData\Local\Temp\ccoLKyOT.s 			page 7


 269 001e 1A4B     		ldr	r3, .L29
 270 0020 1B78     		ldrb	r3, [r3]
 271 0022 012B     		cmp	r3, #1
 272 0024 09D0     		beq	.L19
 273 0026 002B     		cmp	r3, #0
 274 0028 04D0     		beq	.L20
 275 002a 022B     		cmp	r3, #2
 276 002c 08D0     		beq	.L21
 277 002e 032B     		cmp	r3, #3
 278 0030 09D0     		beq	.L22
 279 0032 0AE0     		b	.L18
 280              	.L20:
  75:main.c        ****         
  76:main.c        ****         case Estado_1:
  77:main.c        ****         go_to_state2();
 281              		.loc 1 77 0
 282 0034 FFF7FEFF 		bl	go_to_state2
 283              	.LVL23:
  78:main.c        ****         break;
 284              		.loc 1 78 0
 285 0038 07E0     		b	.L18
 286              	.L19:
  79:main.c        ****          
  80:main.c        ****         case Estado_2:
  81:main.c        ****         go_to_state3();
 287              		.loc 1 81 0
 288 003a FFF7FEFF 		bl	go_to_state3
 289              	.LVL24:
  82:main.c        ****         break;
 290              		.loc 1 82 0
 291 003e 04E0     		b	.L18
 292              	.L21:
  83:main.c        ****         
  84:main.c        ****         case Estado_3:
  85:main.c        ****         go_to_state4();
 293              		.loc 1 85 0
 294 0040 FFF7FEFF 		bl	go_to_state4
 295              	.LVL25:
  86:main.c        ****         break;
 296              		.loc 1 86 0
 297 0044 01E0     		b	.L18
 298              	.L22:
  87:main.c        ****          
  88:main.c        ****         case Estado_4:
  89:main.c        ****         go_to_state1();
 299              		.loc 1 89 0
 300 0046 FFF7FEFF 		bl	go_to_state1
 301              	.LVL26:
 302              	.L18:
  90:main.c        ****         break;
  91:main.c        ****         }
  92:main.c        ****         }
  93:main.c        ****     if (bd_Read() == 0){
 303              		.loc 1 93 0
 304 004a FFF7FEFF 		bl	bd_Read
 305              	.LVL27:
 306 004e 0028     		cmp	r0, #0
ARM GAS  C:\Users\Henrique\AppData\Local\Temp\ccoLKyOT.s 			page 8


 307 0050 15D1     		bne	.L23
  94:main.c        ****         
  95:main.c        ****         switch(M_state)
 308              		.loc 1 95 0
 309 0052 0D4B     		ldr	r3, .L29
 310 0054 1B78     		ldrb	r3, [r3]
 311 0056 012B     		cmp	r3, #1
 312 0058 0FD0     		beq	.L24
 313 005a 002B     		cmp	r3, #0
 314 005c 04D0     		beq	.L25
 315 005e 022B     		cmp	r3, #2
 316 0060 08D0     		beq	.L26
 317 0062 032B     		cmp	r3, #3
 318 0064 03D0     		beq	.L27
 319 0066 0AE0     		b	.L23
 320              	.L25:
  96:main.c        ****     {    
  97:main.c        ****         case Estado_1:
  98:main.c        ****         go_to_state4();
 321              		.loc 1 98 0
 322 0068 FFF7FEFF 		bl	go_to_state4
 323              	.LVL28:
  99:main.c        ****         break;
 324              		.loc 1 99 0
 325 006c 07E0     		b	.L23
 326              	.L27:
 100:main.c        ****         
 101:main.c        ****         case Estado_4:
 102:main.c        ****         go_to_state3();
 327              		.loc 1 102 0
 328 006e FFF7FEFF 		bl	go_to_state3
 329              	.LVL29:
 103:main.c        ****         break;
 330              		.loc 1 103 0
 331 0072 04E0     		b	.L23
 332              	.L26:
 104:main.c        ****          
 105:main.c        ****         case Estado_3:
 106:main.c        ****         go_to_state2();
 333              		.loc 1 106 0
 334 0074 FFF7FEFF 		bl	go_to_state2
 335              	.LVL30:
 107:main.c        ****         break;
 336              		.loc 1 107 0
 337 0078 01E0     		b	.L23
 338              	.L24:
 108:main.c        ****         
 109:main.c        ****         case  Estado_2:
 110:main.c        ****         go_to_state1();
 339              		.loc 1 110 0
 340 007a FFF7FEFF 		bl	go_to_state1
 341              	.LVL31:
 342              	.L23:
 111:main.c        ****         break;
 112:main.c        ****          
 113:main.c        ****     }
 114:main.c        ****     }
ARM GAS  C:\Users\Henrique\AppData\Local\Temp\ccoLKyOT.s 			page 9


 115:main.c        **** 
 116:main.c        ****    CyDelay(200);
 343              		.loc 1 116 0
 344 007e C820     		movs	r0, #200
 345 0080 FFF7FEFF 		bl	CyDelay
 346              	.LVL32:
 117:main.c        ****         
 118:main.c        ****         
 119:main.c        ****         /* Place your application code here. */
 120:main.c        ****     
 121:main.c        ****     }
 347              		.loc 1 121 0
 348 0084 C7E7     		b	.L28
 349              	.L30:
 350 0086 C046     		.align	2
 351              	.L29:
 352 0088 00000000 		.word	M_state
 353              		.cfi_endproc
 354              	.LFE36:
 355              		.size	main, .-main
 356              		.comm	M_state,1,1
 357              		.text
 358              	.Letext0:
 359              		.file 2 "Generated_Source\\PSoC4/bd.h"
 360              		.file 3 "Generated_Source\\PSoC4/in3.h"
 361              		.file 4 "Generated_Source\\PSoC4/in4.h"
 362              		.file 5 "Generated_Source\\PSoC4/in1.h"
 363              		.file 6 "Generated_Source\\PSoC4/in2.h"
 364              		.file 7 "Generated_Source\\PSoC4/be.h"
 365              		.file 8 "Generated_Source\\PSoC4/ena.h"
 366              		.file 9 "Generated_Source\\PSoC4/enb.h"
 367              		.file 10 "Generated_Source\\PSoC4/CyLib.h"
 368              		.section	.debug_info,"",%progbits
 369              	.Ldebug_info0:
 370 0000 5A030000 		.4byte	0x35a
 371 0004 0400     		.2byte	0x4
 372 0006 00000000 		.4byte	.Ldebug_abbrev0
 373 000a 04       		.byte	0x4
 374 000b 01       		.uleb128 0x1
 375 000c D5000000 		.4byte	.LASF31
 376 0010 0C       		.byte	0xc
 377 0011 84010000 		.4byte	.LASF32
 378 0015 EF010000 		.4byte	.LASF33
 379 0019 00000000 		.4byte	.Ldebug_ranges0+0
 380 001d 00000000 		.4byte	0
 381 0021 00000000 		.4byte	.Ldebug_line0
 382 0025 02       		.uleb128 0x2
 383 0026 01       		.byte	0x1
 384 0027 06       		.byte	0x6
 385 0028 E3010000 		.4byte	.LASF0
 386 002c 02       		.uleb128 0x2
 387 002d 01       		.byte	0x1
 388 002e 08       		.byte	0x8
 389 002f 60000000 		.4byte	.LASF1
 390 0033 02       		.uleb128 0x2
 391 0034 02       		.byte	0x2
 392 0035 05       		.byte	0x5
ARM GAS  C:\Users\Henrique\AppData\Local\Temp\ccoLKyOT.s 			page 10


 393 0036 90010000 		.4byte	.LASF2
 394 003a 02       		.uleb128 0x2
 395 003b 02       		.byte	0x2
 396 003c 07       		.byte	0x7
 397 003d 80000000 		.4byte	.LASF3
 398 0041 02       		.uleb128 0x2
 399 0042 04       		.byte	0x4
 400 0043 05       		.byte	0x5
 401 0044 CE010000 		.4byte	.LASF4
 402 0048 02       		.uleb128 0x2
 403 0049 04       		.byte	0x4
 404 004a 07       		.byte	0x7
 405 004b 6E000000 		.4byte	.LASF5
 406 004f 02       		.uleb128 0x2
 407 0050 08       		.byte	0x8
 408 0051 05       		.byte	0x5
 409 0052 76010000 		.4byte	.LASF6
 410 0056 02       		.uleb128 0x2
 411 0057 08       		.byte	0x8
 412 0058 07       		.byte	0x7
 413 0059 BE000000 		.4byte	.LASF7
 414 005d 03       		.uleb128 0x3
 415 005e 04       		.byte	0x4
 416 005f 05       		.byte	0x5
 417 0060 696E7400 		.ascii	"int\000"
 418 0064 02       		.uleb128 0x2
 419 0065 04       		.byte	0x4
 420 0066 07       		.byte	0x7
 421 0067 A7000000 		.4byte	.LASF8
 422 006b 02       		.uleb128 0x2
 423 006c 04       		.byte	0x4
 424 006d 04       		.byte	0x4
 425 006e 4A000000 		.4byte	.LASF9
 426 0072 02       		.uleb128 0x2
 427 0073 08       		.byte	0x8
 428 0074 04       		.byte	0x4
 429 0075 93000000 		.4byte	.LASF10
 430 0079 02       		.uleb128 0x2
 431 007a 01       		.byte	0x1
 432 007b 08       		.byte	0x8
 433 007c 8B010000 		.4byte	.LASF11
 434 0080 02       		.uleb128 0x2
 435 0081 04       		.byte	0x4
 436 0082 07       		.byte	0x7
 437 0083 6D010000 		.4byte	.LASF12
 438 0087 02       		.uleb128 0x2
 439 0088 08       		.byte	0x8
 440 0089 04       		.byte	0x4
 441 008a D7010000 		.4byte	.LASF13
 442 008e 04       		.uleb128 0x4
 443 008f 9A000000 		.4byte	.LASF34
 444 0093 01       		.byte	0x1
 445 0094 2C000000 		.4byte	0x2c
 446 0098 01       		.byte	0x1
 447 0099 0D       		.byte	0xd
 448 009a B7000000 		.4byte	0xb7
 449 009e 05       		.uleb128 0x5
ARM GAS  C:\Users\Henrique\AppData\Local\Temp\ccoLKyOT.s 			page 11


 450 009f 26000000 		.4byte	.LASF14
 451 00a3 00       		.byte	0
 452 00a4 05       		.uleb128 0x5
 453 00a5 2F000000 		.4byte	.LASF15
 454 00a9 01       		.byte	0x1
 455 00aa 05       		.uleb128 0x5
 456 00ab 38000000 		.4byte	.LASF16
 457 00af 02       		.byte	0x2
 458 00b0 05       		.uleb128 0x5
 459 00b1 41000000 		.4byte	.LASF17
 460 00b5 03       		.byte	0x3
 461 00b6 00       		.byte	0
 462 00b7 06       		.uleb128 0x6
 463 00b8 A7010000 		.4byte	.LASF18
 464 00bc 01       		.byte	0x1
 465 00bd 12       		.byte	0x12
 466 00be 00000000 		.4byte	.LFB32
 467 00c2 2C000000 		.4byte	.LFE32-.LFB32
 468 00c6 01       		.uleb128 0x1
 469 00c7 9C       		.byte	0x9c
 470 00c8 14010000 		.4byte	0x114
 471 00cc 07       		.uleb128 0x7
 472 00cd 06000000 		.4byte	.LVL0
 473 00d1 FA020000 		.4byte	0x2fa
 474 00d5 07       		.uleb128 0x7
 475 00d6 14000000 		.4byte	.LVL1
 476 00da 05030000 		.4byte	0x305
 477 00de 08       		.uleb128 0x8
 478 00df 1A000000 		.4byte	.LVL2
 479 00e3 10030000 		.4byte	0x310
 480 00e7 F1000000 		.4byte	0xf1
 481 00eb 09       		.uleb128 0x9
 482 00ec 01       		.uleb128 0x1
 483 00ed 50       		.byte	0x50
 484 00ee 01       		.uleb128 0x1
 485 00ef 30       		.byte	0x30
 486 00f0 00       		.byte	0
 487 00f1 08       		.uleb128 0x8
 488 00f2 20000000 		.4byte	.LVL3
 489 00f6 1B030000 		.4byte	0x31b
 490 00fa 04010000 		.4byte	0x104
 491 00fe 09       		.uleb128 0x9
 492 00ff 01       		.uleb128 0x1
 493 0100 50       		.byte	0x50
 494 0101 01       		.uleb128 0x1
 495 0102 31       		.byte	0x31
 496 0103 00       		.byte	0
 497 0104 0A       		.uleb128 0xa
 498 0105 26000000 		.4byte	.LVL4
 499 0109 26030000 		.4byte	0x326
 500 010d 09       		.uleb128 0x9
 501 010e 01       		.uleb128 0x1
 502 010f 50       		.byte	0x50
 503 0110 01       		.uleb128 0x1
 504 0111 30       		.byte	0x30
 505 0112 00       		.byte	0
 506 0113 00       		.byte	0
ARM GAS  C:\Users\Henrique\AppData\Local\Temp\ccoLKyOT.s 			page 12


 507 0114 06       		.uleb128 0x6
 508 0115 B4010000 		.4byte	.LASF19
 509 0119 01       		.byte	0x1
 510 011a 1D       		.byte	0x1d
 511 011b 00000000 		.4byte	.LFB33
 512 011f 30000000 		.4byte	.LFE33-.LFB33
 513 0123 01       		.uleb128 0x1
 514 0124 9C       		.byte	0x9c
 515 0125 7B010000 		.4byte	0x17b
 516 0129 07       		.uleb128 0x7
 517 012a 06000000 		.4byte	.LVL5
 518 012e 31030000 		.4byte	0x331
 519 0132 08       		.uleb128 0x8
 520 0133 16000000 		.4byte	.LVL6
 521 0137 1B030000 		.4byte	0x31b
 522 013b 45010000 		.4byte	0x145
 523 013f 09       		.uleb128 0x9
 524 0140 01       		.uleb128 0x1
 525 0141 50       		.byte	0x50
 526 0142 01       		.uleb128 0x1
 527 0143 30       		.byte	0x30
 528 0144 00       		.byte	0
 529 0145 08       		.uleb128 0x8
 530 0146 1C000000 		.4byte	.LVL7
 531 014a 26030000 		.4byte	0x326
 532 014e 58010000 		.4byte	0x158
 533 0152 09       		.uleb128 0x9
 534 0153 01       		.uleb128 0x1
 535 0154 50       		.byte	0x50
 536 0155 01       		.uleb128 0x1
 537 0156 31       		.byte	0x31
 538 0157 00       		.byte	0
 539 0158 08       		.uleb128 0x8
 540 0159 22000000 		.4byte	.LVL8
 541 015d 05030000 		.4byte	0x305
 542 0161 6B010000 		.4byte	0x16b
 543 0165 09       		.uleb128 0x9
 544 0166 01       		.uleb128 0x1
 545 0167 50       		.byte	0x50
 546 0168 01       		.uleb128 0x1
 547 0169 30       		.byte	0x30
 548 016a 00       		.byte	0
 549 016b 0A       		.uleb128 0xa
 550 016c 28000000 		.4byte	.LVL9
 551 0170 10030000 		.4byte	0x310
 552 0174 09       		.uleb128 0x9
 553 0175 01       		.uleb128 0x1
 554 0176 50       		.byte	0x50
 555 0177 01       		.uleb128 0x1
 556 0178 30       		.byte	0x30
 557 0179 00       		.byte	0
 558 017a 00       		.byte	0
 559 017b 06       		.uleb128 0x6
 560 017c C1010000 		.4byte	.LASF20
 561 0180 01       		.byte	0x1
 562 0181 29       		.byte	0x29
 563 0182 00000000 		.4byte	.LFB34
ARM GAS  C:\Users\Henrique\AppData\Local\Temp\ccoLKyOT.s 			page 13


 564 0186 30000000 		.4byte	.LFE34-.LFB34
 565 018a 01       		.uleb128 0x1
 566 018b 9C       		.byte	0x9c
 567 018c E2010000 		.4byte	0x1e2
 568 0190 07       		.uleb128 0x7
 569 0191 06000000 		.4byte	.LVL10
 570 0195 31030000 		.4byte	0x331
 571 0199 08       		.uleb128 0x8
 572 019a 16000000 		.4byte	.LVL11
 573 019e 1B030000 		.4byte	0x31b
 574 01a2 AC010000 		.4byte	0x1ac
 575 01a6 09       		.uleb128 0x9
 576 01a7 01       		.uleb128 0x1
 577 01a8 50       		.byte	0x50
 578 01a9 01       		.uleb128 0x1
 579 01aa 30       		.byte	0x30
 580 01ab 00       		.byte	0
 581 01ac 08       		.uleb128 0x8
 582 01ad 1C000000 		.4byte	.LVL12
 583 01b1 26030000 		.4byte	0x326
 584 01b5 BF010000 		.4byte	0x1bf
 585 01b9 09       		.uleb128 0x9
 586 01ba 01       		.uleb128 0x1
 587 01bb 50       		.byte	0x50
 588 01bc 01       		.uleb128 0x1
 589 01bd 30       		.byte	0x30
 590 01be 00       		.byte	0
 591 01bf 08       		.uleb128 0x8
 592 01c0 22000000 		.4byte	.LVL13
 593 01c4 05030000 		.4byte	0x305
 594 01c8 D2010000 		.4byte	0x1d2
 595 01cc 09       		.uleb128 0x9
 596 01cd 01       		.uleb128 0x1
 597 01ce 50       		.byte	0x50
 598 01cf 01       		.uleb128 0x1
 599 01d0 31       		.byte	0x31
 600 01d1 00       		.byte	0
 601 01d2 0A       		.uleb128 0xa
 602 01d3 28000000 		.4byte	.LVL14
 603 01d7 10030000 		.4byte	0x310
 604 01db 09       		.uleb128 0x9
 605 01dc 01       		.uleb128 0x1
 606 01dd 50       		.byte	0x50
 607 01de 01       		.uleb128 0x1
 608 01df 30       		.byte	0x30
 609 01e0 00       		.byte	0
 610 01e1 00       		.byte	0
 611 01e2 06       		.uleb128 0x6
 612 01e3 9A010000 		.4byte	.LASF21
 613 01e7 01       		.byte	0x1
 614 01e8 33       		.byte	0x33
 615 01e9 00000000 		.4byte	.LFB35
 616 01ed 2C000000 		.4byte	.LFE35-.LFB35
 617 01f1 01       		.uleb128 0x1
 618 01f2 9C       		.byte	0x9c
 619 01f3 3F020000 		.4byte	0x23f
 620 01f7 07       		.uleb128 0x7
ARM GAS  C:\Users\Henrique\AppData\Local\Temp\ccoLKyOT.s 			page 14


 621 01f8 06000000 		.4byte	.LVL15
 622 01fc FA020000 		.4byte	0x2fa
 623 0200 07       		.uleb128 0x7
 624 0201 14000000 		.4byte	.LVL16
 625 0205 05030000 		.4byte	0x305
 626 0209 08       		.uleb128 0x8
 627 020a 1A000000 		.4byte	.LVL17
 628 020e 10030000 		.4byte	0x310
 629 0212 1C020000 		.4byte	0x21c
 630 0216 09       		.uleb128 0x9
 631 0217 01       		.uleb128 0x1
 632 0218 50       		.byte	0x50
 633 0219 01       		.uleb128 0x1
 634 021a 31       		.byte	0x31
 635 021b 00       		.byte	0
 636 021c 08       		.uleb128 0x8
 637 021d 20000000 		.4byte	.LVL18
 638 0221 1B030000 		.4byte	0x31b
 639 0225 2F020000 		.4byte	0x22f
 640 0229 09       		.uleb128 0x9
 641 022a 01       		.uleb128 0x1
 642 022b 50       		.byte	0x50
 643 022c 01       		.uleb128 0x1
 644 022d 30       		.byte	0x30
 645 022e 00       		.byte	0
 646 022f 0A       		.uleb128 0xa
 647 0230 26000000 		.4byte	.LVL19
 648 0234 26030000 		.4byte	0x326
 649 0238 09       		.uleb128 0x9
 650 0239 01       		.uleb128 0x1
 651 023a 50       		.byte	0x50
 652 023b 01       		.uleb128 0x1
 653 023c 30       		.byte	0x30
 654 023d 00       		.byte	0
 655 023e 00       		.byte	0
 656 023f 0B       		.uleb128 0xb
 657 0240 A2000000 		.4byte	.LASF35
 658 0244 01       		.byte	0x1
 659 0245 3D       		.byte	0x3d
 660 0246 5D000000 		.4byte	0x5d
 661 024a 00000000 		.4byte	.LFB36
 662 024e 8C000000 		.4byte	.LFE36-.LFB36
 663 0252 01       		.uleb128 0x1
 664 0253 9C       		.byte	0x9c
 665 0254 E9020000 		.4byte	0x2e9
 666 0258 08       		.uleb128 0x8
 667 0259 0A000000 		.4byte	.LVL20
 668 025d 3C030000 		.4byte	0x33c
 669 0261 6B020000 		.4byte	0x26b
 670 0265 09       		.uleb128 0x9
 671 0266 01       		.uleb128 0x1
 672 0267 50       		.byte	0x50
 673 0268 01       		.uleb128 0x1
 674 0269 31       		.byte	0x31
 675 026a 00       		.byte	0
 676 026b 08       		.uleb128 0x8
 677 026c 10000000 		.4byte	.LVL21
ARM GAS  C:\Users\Henrique\AppData\Local\Temp\ccoLKyOT.s 			page 15


 678 0270 47030000 		.4byte	0x347
 679 0274 7E020000 		.4byte	0x27e
 680 0278 09       		.uleb128 0x9
 681 0279 01       		.uleb128 0x1
 682 027a 50       		.byte	0x50
 683 027b 01       		.uleb128 0x1
 684 027c 31       		.byte	0x31
 685 027d 00       		.byte	0
 686 027e 07       		.uleb128 0x7
 687 027f 1A000000 		.4byte	.LVL22
 688 0283 31030000 		.4byte	0x331
 689 0287 07       		.uleb128 0x7
 690 0288 38000000 		.4byte	.LVL23
 691 028c 14010000 		.4byte	0x114
 692 0290 07       		.uleb128 0x7
 693 0291 3E000000 		.4byte	.LVL24
 694 0295 7B010000 		.4byte	0x17b
 695 0299 07       		.uleb128 0x7
 696 029a 44000000 		.4byte	.LVL25
 697 029e E2010000 		.4byte	0x1e2
 698 02a2 07       		.uleb128 0x7
 699 02a3 4A000000 		.4byte	.LVL26
 700 02a7 B7000000 		.4byte	0xb7
 701 02ab 07       		.uleb128 0x7
 702 02ac 4E000000 		.4byte	.LVL27
 703 02b0 FA020000 		.4byte	0x2fa
 704 02b4 07       		.uleb128 0x7
 705 02b5 6C000000 		.4byte	.LVL28
 706 02b9 E2010000 		.4byte	0x1e2
 707 02bd 07       		.uleb128 0x7
 708 02be 72000000 		.4byte	.LVL29
 709 02c2 7B010000 		.4byte	0x17b
 710 02c6 07       		.uleb128 0x7
 711 02c7 78000000 		.4byte	.LVL30
 712 02cb 14010000 		.4byte	0x114
 713 02cf 07       		.uleb128 0x7
 714 02d0 7E000000 		.4byte	.LVL31
 715 02d4 B7000000 		.4byte	0xb7
 716 02d8 0A       		.uleb128 0xa
 717 02d9 84000000 		.4byte	.LVL32
 718 02dd 52030000 		.4byte	0x352
 719 02e1 09       		.uleb128 0x9
 720 02e2 01       		.uleb128 0x1
 721 02e3 50       		.byte	0x50
 722 02e4 02       		.uleb128 0x2
 723 02e5 08       		.byte	0x8
 724 02e6 C8       		.byte	0xc8
 725 02e7 00       		.byte	0
 726 02e8 00       		.byte	0
 727 02e9 0C       		.uleb128 0xc
 728 02ea 58000000 		.4byte	.LASF36
 729 02ee 01       		.byte	0x1
 730 02ef 0E       		.byte	0xe
 731 02f0 8E000000 		.4byte	0x8e
 732 02f4 05       		.uleb128 0x5
 733 02f5 03       		.byte	0x3
 734 02f6 00000000 		.4byte	M_state
ARM GAS  C:\Users\Henrique\AppData\Local\Temp\ccoLKyOT.s 			page 16


 735 02fa 0D       		.uleb128 0xd
 736 02fb 0A000000 		.4byte	.LASF22
 737 02ff 0A000000 		.4byte	.LASF22
 738 0303 02       		.byte	0x2
 739 0304 32       		.byte	0x32
 740 0305 0D       		.uleb128 0xd
 741 0306 00000000 		.4byte	.LASF23
 742 030a 00000000 		.4byte	.LASF23
 743 030e 03       		.byte	0x3
 744 030f 33       		.byte	0x33
 745 0310 0D       		.uleb128 0xd
 746 0311 1C000000 		.4byte	.LASF24
 747 0315 1C000000 		.4byte	.LASF24
 748 0319 04       		.byte	0x4
 749 031a 33       		.byte	0x33
 750 031b 0D       		.uleb128 0xd
 751 031c 3A020000 		.4byte	.LASF25
 752 0320 3A020000 		.4byte	.LASF25
 753 0324 05       		.byte	0x5
 754 0325 33       		.byte	0x33
 755 0326 0D       		.uleb128 0xd
 756 0327 12000000 		.4byte	.LASF26
 757 032b 12000000 		.4byte	.LASF26
 758 032f 06       		.byte	0x6
 759 0330 33       		.byte	0x33
 760 0331 0D       		.uleb128 0xd
 761 0332 50000000 		.4byte	.LASF27
 762 0336 50000000 		.4byte	.LASF27
 763 033a 07       		.byte	0x7
 764 033b 32       		.byte	0x32
 765 033c 0D       		.uleb128 0xd
 766 033d B4000000 		.4byte	.LASF28
 767 0341 B4000000 		.4byte	.LASF28
 768 0345 08       		.byte	0x8
 769 0346 33       		.byte	0x33
 770 0347 0D       		.uleb128 0xd
 771 0348 63010000 		.4byte	.LASF29
 772 034c 63010000 		.4byte	.LASF29
 773 0350 09       		.byte	0x9
 774 0351 33       		.byte	0x33
 775 0352 0D       		.uleb128 0xd
 776 0353 32020000 		.4byte	.LASF30
 777 0357 32020000 		.4byte	.LASF30
 778 035b 0A       		.byte	0xa
 779 035c EC       		.byte	0xec
 780 035d 00       		.byte	0
 781              		.section	.debug_abbrev,"",%progbits
 782              	.Ldebug_abbrev0:
 783 0000 01       		.uleb128 0x1
 784 0001 11       		.uleb128 0x11
 785 0002 01       		.byte	0x1
 786 0003 25       		.uleb128 0x25
 787 0004 0E       		.uleb128 0xe
 788 0005 13       		.uleb128 0x13
 789 0006 0B       		.uleb128 0xb
 790 0007 03       		.uleb128 0x3
 791 0008 0E       		.uleb128 0xe
ARM GAS  C:\Users\Henrique\AppData\Local\Temp\ccoLKyOT.s 			page 17


 792 0009 1B       		.uleb128 0x1b
 793 000a 0E       		.uleb128 0xe
 794 000b 55       		.uleb128 0x55
 795 000c 17       		.uleb128 0x17
 796 000d 11       		.uleb128 0x11
 797 000e 01       		.uleb128 0x1
 798 000f 10       		.uleb128 0x10
 799 0010 17       		.uleb128 0x17
 800 0011 00       		.byte	0
 801 0012 00       		.byte	0
 802 0013 02       		.uleb128 0x2
 803 0014 24       		.uleb128 0x24
 804 0015 00       		.byte	0
 805 0016 0B       		.uleb128 0xb
 806 0017 0B       		.uleb128 0xb
 807 0018 3E       		.uleb128 0x3e
 808 0019 0B       		.uleb128 0xb
 809 001a 03       		.uleb128 0x3
 810 001b 0E       		.uleb128 0xe
 811 001c 00       		.byte	0
 812 001d 00       		.byte	0
 813 001e 03       		.uleb128 0x3
 814 001f 24       		.uleb128 0x24
 815 0020 00       		.byte	0
 816 0021 0B       		.uleb128 0xb
 817 0022 0B       		.uleb128 0xb
 818 0023 3E       		.uleb128 0x3e
 819 0024 0B       		.uleb128 0xb
 820 0025 03       		.uleb128 0x3
 821 0026 08       		.uleb128 0x8
 822 0027 00       		.byte	0
 823 0028 00       		.byte	0
 824 0029 04       		.uleb128 0x4
 825 002a 04       		.uleb128 0x4
 826 002b 01       		.byte	0x1
 827 002c 03       		.uleb128 0x3
 828 002d 0E       		.uleb128 0xe
 829 002e 0B       		.uleb128 0xb
 830 002f 0B       		.uleb128 0xb
 831 0030 49       		.uleb128 0x49
 832 0031 13       		.uleb128 0x13
 833 0032 3A       		.uleb128 0x3a
 834 0033 0B       		.uleb128 0xb
 835 0034 3B       		.uleb128 0x3b
 836 0035 0B       		.uleb128 0xb
 837 0036 01       		.uleb128 0x1
 838 0037 13       		.uleb128 0x13
 839 0038 00       		.byte	0
 840 0039 00       		.byte	0
 841 003a 05       		.uleb128 0x5
 842 003b 28       		.uleb128 0x28
 843 003c 00       		.byte	0
 844 003d 03       		.uleb128 0x3
 845 003e 0E       		.uleb128 0xe
 846 003f 1C       		.uleb128 0x1c
 847 0040 0B       		.uleb128 0xb
 848 0041 00       		.byte	0
ARM GAS  C:\Users\Henrique\AppData\Local\Temp\ccoLKyOT.s 			page 18


 849 0042 00       		.byte	0
 850 0043 06       		.uleb128 0x6
 851 0044 2E       		.uleb128 0x2e
 852 0045 01       		.byte	0x1
 853 0046 3F       		.uleb128 0x3f
 854 0047 19       		.uleb128 0x19
 855 0048 03       		.uleb128 0x3
 856 0049 0E       		.uleb128 0xe
 857 004a 3A       		.uleb128 0x3a
 858 004b 0B       		.uleb128 0xb
 859 004c 3B       		.uleb128 0x3b
 860 004d 0B       		.uleb128 0xb
 861 004e 11       		.uleb128 0x11
 862 004f 01       		.uleb128 0x1
 863 0050 12       		.uleb128 0x12
 864 0051 06       		.uleb128 0x6
 865 0052 40       		.uleb128 0x40
 866 0053 18       		.uleb128 0x18
 867 0054 9742     		.uleb128 0x2117
 868 0056 19       		.uleb128 0x19
 869 0057 01       		.uleb128 0x1
 870 0058 13       		.uleb128 0x13
 871 0059 00       		.byte	0
 872 005a 00       		.byte	0
 873 005b 07       		.uleb128 0x7
 874 005c 898201   		.uleb128 0x4109
 875 005f 00       		.byte	0
 876 0060 11       		.uleb128 0x11
 877 0061 01       		.uleb128 0x1
 878 0062 31       		.uleb128 0x31
 879 0063 13       		.uleb128 0x13
 880 0064 00       		.byte	0
 881 0065 00       		.byte	0
 882 0066 08       		.uleb128 0x8
 883 0067 898201   		.uleb128 0x4109
 884 006a 01       		.byte	0x1
 885 006b 11       		.uleb128 0x11
 886 006c 01       		.uleb128 0x1
 887 006d 31       		.uleb128 0x31
 888 006e 13       		.uleb128 0x13
 889 006f 01       		.uleb128 0x1
 890 0070 13       		.uleb128 0x13
 891 0071 00       		.byte	0
 892 0072 00       		.byte	0
 893 0073 09       		.uleb128 0x9
 894 0074 8A8201   		.uleb128 0x410a
 895 0077 00       		.byte	0
 896 0078 02       		.uleb128 0x2
 897 0079 18       		.uleb128 0x18
 898 007a 9142     		.uleb128 0x2111
 899 007c 18       		.uleb128 0x18
 900 007d 00       		.byte	0
 901 007e 00       		.byte	0
 902 007f 0A       		.uleb128 0xa
 903 0080 898201   		.uleb128 0x4109
 904 0083 01       		.byte	0x1
 905 0084 11       		.uleb128 0x11
ARM GAS  C:\Users\Henrique\AppData\Local\Temp\ccoLKyOT.s 			page 19


 906 0085 01       		.uleb128 0x1
 907 0086 31       		.uleb128 0x31
 908 0087 13       		.uleb128 0x13
 909 0088 00       		.byte	0
 910 0089 00       		.byte	0
 911 008a 0B       		.uleb128 0xb
 912 008b 2E       		.uleb128 0x2e
 913 008c 01       		.byte	0x1
 914 008d 3F       		.uleb128 0x3f
 915 008e 19       		.uleb128 0x19
 916 008f 03       		.uleb128 0x3
 917 0090 0E       		.uleb128 0xe
 918 0091 3A       		.uleb128 0x3a
 919 0092 0B       		.uleb128 0xb
 920 0093 3B       		.uleb128 0x3b
 921 0094 0B       		.uleb128 0xb
 922 0095 27       		.uleb128 0x27
 923 0096 19       		.uleb128 0x19
 924 0097 49       		.uleb128 0x49
 925 0098 13       		.uleb128 0x13
 926 0099 8701     		.uleb128 0x87
 927 009b 19       		.uleb128 0x19
 928 009c 11       		.uleb128 0x11
 929 009d 01       		.uleb128 0x1
 930 009e 12       		.uleb128 0x12
 931 009f 06       		.uleb128 0x6
 932 00a0 40       		.uleb128 0x40
 933 00a1 18       		.uleb128 0x18
 934 00a2 9742     		.uleb128 0x2117
 935 00a4 19       		.uleb128 0x19
 936 00a5 01       		.uleb128 0x1
 937 00a6 13       		.uleb128 0x13
 938 00a7 00       		.byte	0
 939 00a8 00       		.byte	0
 940 00a9 0C       		.uleb128 0xc
 941 00aa 34       		.uleb128 0x34
 942 00ab 00       		.byte	0
 943 00ac 03       		.uleb128 0x3
 944 00ad 0E       		.uleb128 0xe
 945 00ae 3A       		.uleb128 0x3a
 946 00af 0B       		.uleb128 0xb
 947 00b0 3B       		.uleb128 0x3b
 948 00b1 0B       		.uleb128 0xb
 949 00b2 49       		.uleb128 0x49
 950 00b3 13       		.uleb128 0x13
 951 00b4 3F       		.uleb128 0x3f
 952 00b5 19       		.uleb128 0x19
 953 00b6 02       		.uleb128 0x2
 954 00b7 18       		.uleb128 0x18
 955 00b8 00       		.byte	0
 956 00b9 00       		.byte	0
 957 00ba 0D       		.uleb128 0xd
 958 00bb 2E       		.uleb128 0x2e
 959 00bc 00       		.byte	0
 960 00bd 3F       		.uleb128 0x3f
 961 00be 19       		.uleb128 0x19
 962 00bf 3C       		.uleb128 0x3c
ARM GAS  C:\Users\Henrique\AppData\Local\Temp\ccoLKyOT.s 			page 20


 963 00c0 19       		.uleb128 0x19
 964 00c1 6E       		.uleb128 0x6e
 965 00c2 0E       		.uleb128 0xe
 966 00c3 03       		.uleb128 0x3
 967 00c4 0E       		.uleb128 0xe
 968 00c5 3A       		.uleb128 0x3a
 969 00c6 0B       		.uleb128 0xb
 970 00c7 3B       		.uleb128 0x3b
 971 00c8 0B       		.uleb128 0xb
 972 00c9 00       		.byte	0
 973 00ca 00       		.byte	0
 974 00cb 00       		.byte	0
 975              		.section	.debug_aranges,"",%progbits
 976 0000 3C000000 		.4byte	0x3c
 977 0004 0200     		.2byte	0x2
 978 0006 00000000 		.4byte	.Ldebug_info0
 979 000a 04       		.byte	0x4
 980 000b 00       		.byte	0
 981 000c 0000     		.2byte	0
 982 000e 0000     		.2byte	0
 983 0010 00000000 		.4byte	.LFB32
 984 0014 2C000000 		.4byte	.LFE32-.LFB32
 985 0018 00000000 		.4byte	.LFB33
 986 001c 30000000 		.4byte	.LFE33-.LFB33
 987 0020 00000000 		.4byte	.LFB34
 988 0024 30000000 		.4byte	.LFE34-.LFB34
 989 0028 00000000 		.4byte	.LFB35
 990 002c 2C000000 		.4byte	.LFE35-.LFB35
 991 0030 00000000 		.4byte	.LFB36
 992 0034 8C000000 		.4byte	.LFE36-.LFB36
 993 0038 00000000 		.4byte	0
 994 003c 00000000 		.4byte	0
 995              		.section	.debug_ranges,"",%progbits
 996              	.Ldebug_ranges0:
 997 0000 00000000 		.4byte	.LFB32
 998 0004 2C000000 		.4byte	.LFE32
 999 0008 00000000 		.4byte	.LFB33
 1000 000c 30000000 		.4byte	.LFE33
 1001 0010 00000000 		.4byte	.LFB34
 1002 0014 30000000 		.4byte	.LFE34
 1003 0018 00000000 		.4byte	.LFB35
 1004 001c 2C000000 		.4byte	.LFE35
 1005 0020 00000000 		.4byte	.LFB36
 1006 0024 8C000000 		.4byte	.LFE36
 1007 0028 00000000 		.4byte	0
 1008 002c 00000000 		.4byte	0
 1009              		.section	.debug_line,"",%progbits
 1010              	.Ldebug_line0:
 1011 0000 0A010000 		.section	.debug_str,"MS",%progbits,1
 1011      02008500 
 1011      00000201 
 1011      FB0E0D00 
 1011      01010101 
 1012              	.LASF23:
 1013 0000 696E335F 		.ascii	"in3_Write\000"
 1013      57726974 
 1013      6500
ARM GAS  C:\Users\Henrique\AppData\Local\Temp\ccoLKyOT.s 			page 21


 1014              	.LASF22:
 1015 000a 62645F52 		.ascii	"bd_Read\000"
 1015      65616400 
 1016              	.LASF26:
 1017 0012 696E325F 		.ascii	"in2_Write\000"
 1017      57726974 
 1017      6500
 1018              	.LASF24:
 1019 001c 696E345F 		.ascii	"in4_Write\000"
 1019      57726974 
 1019      6500
 1020              	.LASF14:
 1021 0026 45737461 		.ascii	"Estado_1\000"
 1021      646F5F31 
 1021      00
 1022              	.LASF15:
 1023 002f 45737461 		.ascii	"Estado_2\000"
 1023      646F5F32 
 1023      00
 1024              	.LASF16:
 1025 0038 45737461 		.ascii	"Estado_3\000"
 1025      646F5F33 
 1025      00
 1026              	.LASF17:
 1027 0041 45737461 		.ascii	"Estado_4\000"
 1027      646F5F34 
 1027      00
 1028              	.LASF9:
 1029 004a 666C6F61 		.ascii	"float\000"
 1029      7400
 1030              	.LASF27:
 1031 0050 62655F52 		.ascii	"be_Read\000"
 1031      65616400 
 1032              	.LASF36:
 1033 0058 4D5F7374 		.ascii	"M_state\000"
 1033      61746500 
 1034              	.LASF1:
 1035 0060 756E7369 		.ascii	"unsigned char\000"
 1035      676E6564 
 1035      20636861 
 1035      7200
 1036              	.LASF5:
 1037 006e 6C6F6E67 		.ascii	"long unsigned int\000"
 1037      20756E73 
 1037      69676E65 
 1037      6420696E 
 1037      7400
 1038              	.LASF3:
 1039 0080 73686F72 		.ascii	"short unsigned int\000"
 1039      7420756E 
 1039      7369676E 
 1039      65642069 
 1039      6E7400
 1040              	.LASF10:
 1041 0093 646F7562 		.ascii	"double\000"
 1041      6C6500
 1042              	.LASF34:
ARM GAS  C:\Users\Henrique\AppData\Local\Temp\ccoLKyOT.s 			page 22


 1043 009a 65737461 		.ascii	"estados\000"
 1043      646F7300 
 1044              	.LASF35:
 1045 00a2 6D61696E 		.ascii	"main\000"
 1045      00
 1046              	.LASF8:
 1047 00a7 756E7369 		.ascii	"unsigned int\000"
 1047      676E6564 
 1047      20696E74 
 1047      00
 1048              	.LASF28:
 1049 00b4 656E615F 		.ascii	"ena_Write\000"
 1049      57726974 
 1049      6500
 1050              	.LASF7:
 1051 00be 6C6F6E67 		.ascii	"long long unsigned int\000"
 1051      206C6F6E 
 1051      6720756E 
 1051      7369676E 
 1051      65642069 
 1052              	.LASF31:
 1053 00d5 474E5520 		.ascii	"GNU C11 5.4.1 20160609 (release) [ARM/embedded-5-br"
 1053      43313120 
 1053      352E342E 
 1053      31203230 
 1053      31363036 
 1054 0108 616E6368 		.ascii	"anch revision 237715] -mcpu=cortex-m0 -mthumb -g -O"
 1054      20726576 
 1054      6973696F 
 1054      6E203233 
 1054      37373135 
 1055 013b 67202D66 		.ascii	"g -ffunction-sections -ffat-lto-objects\000"
 1055      66756E63 
 1055      74696F6E 
 1055      2D736563 
 1055      74696F6E 
 1056              	.LASF29:
 1057 0163 656E625F 		.ascii	"enb_Write\000"
 1057      57726974 
 1057      6500
 1058              	.LASF12:
 1059 016d 73697A65 		.ascii	"sizetype\000"
 1059      74797065 
 1059      00
 1060              	.LASF6:
 1061 0176 6C6F6E67 		.ascii	"long long int\000"
 1061      206C6F6E 
 1061      6720696E 
 1061      7400
 1062              	.LASF32:
 1063 0184 6D61696E 		.ascii	"main.c\000"
 1063      2E6300
 1064              	.LASF11:
 1065 018b 63686172 		.ascii	"char\000"
 1065      00
 1066              	.LASF2:
 1067 0190 73686F72 		.ascii	"short int\000"
ARM GAS  C:\Users\Henrique\AppData\Local\Temp\ccoLKyOT.s 			page 23


 1067      7420696E 
 1067      7400
 1068              	.LASF21:
 1069 019a 676F5F74 		.ascii	"go_to_state4\000"
 1069      6F5F7374 
 1069      61746534 
 1069      00
 1070              	.LASF18:
 1071 01a7 676F5F74 		.ascii	"go_to_state1\000"
 1071      6F5F7374 
 1071      61746531 
 1071      00
 1072              	.LASF19:
 1073 01b4 676F5F74 		.ascii	"go_to_state2\000"
 1073      6F5F7374 
 1073      61746532 
 1073      00
 1074              	.LASF20:
 1075 01c1 676F5F74 		.ascii	"go_to_state3\000"
 1075      6F5F7374 
 1075      61746533 
 1075      00
 1076              	.LASF4:
 1077 01ce 6C6F6E67 		.ascii	"long int\000"
 1077      20696E74 
 1077      00
 1078              	.LASF13:
 1079 01d7 6C6F6E67 		.ascii	"long double\000"
 1079      20646F75 
 1079      626C6500 
 1080              	.LASF0:
 1081 01e3 7369676E 		.ascii	"signed char\000"
 1081      65642063 
 1081      68617200 
 1082              	.LASF33:
 1083 01ef 433A5C55 		.ascii	"C:\\Users\\Henrique\\Documents\\PSoC Creator\\henri"
 1083      73657273 
 1083      5C48656E 
 1083      72697175 
 1083      655C446F 
 1084 021d 7175656C 		.ascii	"queluana\\ex3.3.cydsn\000"
 1084      75616E61 
 1084      5C657833 
 1084      2E332E63 
 1084      7964736E 
 1085              	.LASF30:
 1086 0232 43794465 		.ascii	"CyDelay\000"
 1086      6C617900 
 1087              	.LASF25:
 1088 023a 696E315F 		.ascii	"in1_Write\000"
 1088      57726974 
 1088      6500
 1089              		.ident	"GCC: (GNU Tools for ARM Embedded Processors) 5.4.1 20160609 (release) [ARM/embedded-5-bran
